[0.039s] Invoking command in '/home/luscifer/ros2_ws/build/my_first_pkg_interfaces': CMAKE_PREFIX_PATH=${CMAKE_PREFIX_PATH}:/home/luscifer/ros2_ws/install/my_first_pkg:/opt/ros/jazzy DEBUGINFOD_URLS=https://debuginfod.ubuntu.com /usr/bin/cmake --build /home/luscifer/ros2_ws/build/my_first_pkg_interfaces -- -j4 -l4
[0.185s] [  5%] Built target my_first_pkg_interfaces__rs
[0.187s] [  5%] Built target my_first_pkg_interfaces__rosidl_generator_type_description
[0.250s] [  5%] Built target ament_cmake_python_copy_my_first_pkg_interfaces
[0.279s] [ 20%] Built target my_first_pkg_interfaces__rosidl_generator_c
[0.282s] [ 22%] Built target my_first_pkg_interfaces__cpp
[0.358s] [ 31%] Built target my_first_pkg_interfaces__rosidl_typesupport_c
[0.369s] [ 40%] Built target my_first_pkg_interfaces__rosidl_typesupport_introspection_c
[0.377s] [ 48%] Built target my_first_pkg_interfaces__rosidl_typesupport_fastrtps_c
[0.460s] [ 57%] Built target my_first_pkg_interfaces__rosidl_typesupport_cpp
[0.506s] [ 65%] Built target my_first_pkg_interfaces__rosidl_typesupport_fastrtps_cpp
[0.512s] [ 74%] Built target my_first_pkg_interfaces__rosidl_typesupport_introspection_cpp
[0.629s] [ 74%] Built target my_first_pkg_interfaces
[0.736s] [ 77%] Built target my_first_pkg_interfaces__py
[0.863s] [ 82%] Built target my_first_pkg_interfaces__rosidl_generator_py
[0.972s] [ 88%] Built target my_first_pkg_interfaces_s__rosidl_typesupport_introspection_c
[0.990s] [ 94%] Built target my_first_pkg_interfaces_s__rosidl_typesupport_fastrtps_c
[1.014s] [100%] Built target my_first_pkg_interfaces_s__rosidl_typesupport_c
[1.031s] running egg_info
[1.116s] writing my_first_pkg_interfaces.egg-info/PKG-INFO
[1.124s] writing dependency_links to my_first_pkg_interfaces.egg-info/dependency_links.txt
[1.124s] writing top-level names to my_first_pkg_interfaces.egg-info/top_level.txt
[1.253s] reading manifest file 'my_first_pkg_interfaces.egg-info/SOURCES.txt'
[1.263s] writing manifest file 'my_first_pkg_interfaces.egg-info/SOURCES.txt'
[1.374s] [100%] Built target ament_cmake_python_build_my_first_pkg_interfaces_egg
[1.425s] Invoked command in '/home/luscifer/ros2_ws/build/my_first_pkg_interfaces' returned '0': CMAKE_PREFIX_PATH=${CMAKE_PREFIX_PATH}:/home/luscifer/ros2_ws/install/my_first_pkg:/opt/ros/jazzy DEBUGINFOD_URLS=https://debuginfod.ubuntu.com /usr/bin/cmake --build /home/luscifer/ros2_ws/build/my_first_pkg_interfaces -- -j4 -l4
[1.459s] Invoking command in '/home/luscifer/ros2_ws/build/my_first_pkg_interfaces': CMAKE_PREFIX_PATH=${CMAKE_PREFIX_PATH}:/home/luscifer/ros2_ws/install/my_first_pkg:/opt/ros/jazzy DEBUGINFOD_URLS=https://debuginfod.ubuntu.com /usr/bin/cmake --install /home/luscifer/ros2_ws/build/my_first_pkg_interfaces
[1.487s] -- Install configuration: ""
[1.491s] -- Up-to-date: /home/luscifer/ros2_ws/install/my_first_pkg_interfaces/share/ament_index/resource_index/rosidl_interfaces/my_first_pkg_interfaces
[1.491s] -- Up-to-date: /home/luscifer/ros2_ws/install/my_first_pkg_interfaces/share/my_first_pkg_interfaces/msg/MyData.json
[1.494s] -- Up-to-date: /home/luscifer/ros2_ws/install/my_first_pkg_interfaces/include/my_first_pkg_interfaces/my_first_pkg_interfaces
[1.494s] -- Up-to-date: /home/luscifer/ros2_ws/install/my_first_pkg_interfaces/include/my_first_pkg_interfaces/my_first_pkg_interfaces/msg
[1.495s] -- Up-to-date: /home/luscifer/ros2_ws/install/my_first_pkg_interfaces/include/my_first_pkg_interfaces/my_first_pkg_interfaces/msg/detail
[1.495s] -- Up-to-date: /home/luscifer/ros2_ws/install/my_first_pkg_interfaces/include/my_first_pkg_interfaces/my_first_pkg_interfaces/msg/detail/my_data__functions.c
[1.495s] -- Up-to-date: /home/luscifer/ros2_ws/install/my_first_pkg_interfaces/include/my_first_pkg_interfaces/my_first_pkg_interfaces/msg/detail/my_data__functions.h
[1.496s] -- Up-to-date: /home/luscifer/ros2_ws/install/my_first_pkg_interfaces/include/my_first_pkg_interfaces/my_first_pkg_interfaces/msg/detail/my_data__type_support.h
[1.496s] -- Up-to-date: /home/luscifer/ros2_ws/install/my_first_pkg_interfaces/include/my_first_pkg_interfaces/my_first_pkg_interfaces/msg/detail/my_data__description.c
[1.497s] -- Up-to-date: /home/luscifer/ros2_ws/install/my_first_pkg_interfaces/include/my_first_pkg_interfaces/my_first_pkg_interfaces/msg/detail/my_data__type_support.c
[1.497s] -- Up-to-date: /home/luscifer/ros2_ws/install/my_first_pkg_interfaces/include/my_first_pkg_interfaces/my_first_pkg_interfaces/msg/detail/my_data__struct.h
[1.497s] -- Up-to-date: /home/luscifer/ros2_ws/install/my_first_pkg_interfaces/include/my_first_pkg_interfaces/my_first_pkg_interfaces/msg/rosidl_generator_c__visibility_control.h
[1.497s] -- Up-to-date: /home/luscifer/ros2_ws/install/my_first_pkg_interfaces/include/my_first_pkg_interfaces/my_first_pkg_interfaces/msg/my_data.h
[1.497s] -- Up-to-date: /home/luscifer/ros2_ws/install/my_first_pkg_interfaces/share/my_first_pkg_interfaces/environment/library_path.sh
[1.499s] -- Up-to-date: /home/luscifer/ros2_ws/install/my_first_pkg_interfaces/share/my_first_pkg_interfaces/environment/library_path.dsv
[1.499s] -- Up-to-date: /home/luscifer/ros2_ws/install/my_first_pkg_interfaces/lib/libmy_first_pkg_interfaces__rosidl_generator_c.so
[1.499s] -- Up-to-date: /home/luscifer/ros2_ws/install/my_first_pkg_interfaces/include/my_first_pkg_interfaces/my_first_pkg_interfaces
[1.500s] -- Up-to-date: /home/luscifer/ros2_ws/install/my_first_pkg_interfaces/include/my_first_pkg_interfaces/my_first_pkg_interfaces/msg
[1.500s] -- Up-to-date: /home/luscifer/ros2_ws/install/my_first_pkg_interfaces/include/my_first_pkg_interfaces/my_first_pkg_interfaces/msg/detail
[1.500s] -- Up-to-date: /home/luscifer/ros2_ws/install/my_first_pkg_interfaces/include/my_first_pkg_interfaces/my_first_pkg_interfaces/msg/detail/my_data__rosidl_typesupport_fastrtps_c.h
[1.502s] -- Up-to-date: /home/luscifer/ros2_ws/install/my_first_pkg_interfaces/include/my_first_pkg_interfaces/my_first_pkg_interfaces/msg/rosidl_typesupport_fastrtps_c__visibility_control.h
[1.503s] -- Up-to-date: /home/luscifer/ros2_ws/install/my_first_pkg_interfaces/lib/libmy_first_pkg_interfaces__rosidl_typesupport_fastrtps_c.so
[1.503s] -- Up-to-date: /home/luscifer/ros2_ws/install/my_first_pkg_interfaces/include/my_first_pkg_interfaces/my_first_pkg_interfaces
[1.503s] -- Up-to-date: /home/luscifer/ros2_ws/install/my_first_pkg_interfaces/include/my_first_pkg_interfaces/my_first_pkg_interfaces/msg
[1.503s] -- Up-to-date: /home/luscifer/ros2_ws/install/my_first_pkg_interfaces/include/my_first_pkg_interfaces/my_first_pkg_interfaces/msg/detail
[1.504s] -- Up-to-date: /home/luscifer/ros2_ws/install/my_first_pkg_interfaces/include/my_first_pkg_interfaces/my_first_pkg_interfaces/msg/detail/my_data__rosidl_typesupport_introspection_c.h
[1.504s] -- Up-to-date: /home/luscifer/ros2_ws/install/my_first_pkg_interfaces/include/my_first_pkg_interfaces/my_first_pkg_interfaces/msg/detail/my_data__type_support.c
[1.504s] -- Up-to-date: /home/luscifer/ros2_ws/install/my_first_pkg_interfaces/include/my_first_pkg_interfaces/my_first_pkg_interfaces/msg/rosidl_typesupport_introspection_c__visibility_control.h
[1.512s] -- Up-to-date: /home/luscifer/ros2_ws/install/my_first_pkg_interfaces/lib/libmy_first_pkg_interfaces__rosidl_typesupport_introspection_c.so
[1.512s] -- Up-to-date: /home/luscifer/ros2_ws/install/my_first_pkg_interfaces/lib/libmy_first_pkg_interfaces__rosidl_typesupport_c.so
[1.512s] -- Up-to-date: /home/luscifer/ros2_ws/install/my_first_pkg_interfaces/include/my_first_pkg_interfaces/my_first_pkg_interfaces
[1.513s] -- Up-to-date: /home/luscifer/ros2_ws/install/my_first_pkg_interfaces/include/my_first_pkg_interfaces/my_first_pkg_interfaces/msg
[1.513s] -- Up-to-date: /home/luscifer/ros2_ws/install/my_first_pkg_interfaces/include/my_first_pkg_interfaces/my_first_pkg_interfaces/msg/detail
[1.513s] -- Up-to-date: /home/luscifer/ros2_ws/install/my_first_pkg_interfaces/include/my_first_pkg_interfaces/my_first_pkg_interfaces/msg/detail/my_data__builder.hpp
[1.513s] -- Up-to-date: /home/luscifer/ros2_ws/install/my_first_pkg_interfaces/include/my_first_pkg_interfaces/my_first_pkg_interfaces/msg/detail/my_data__traits.hpp
[1.514s] -- Up-to-date: /home/luscifer/ros2_ws/install/my_first_pkg_interfaces/include/my_first_pkg_interfaces/my_first_pkg_interfaces/msg/detail/my_data__type_support.hpp
[1.514s] -- Up-to-date: /home/luscifer/ros2_ws/install/my_first_pkg_interfaces/include/my_first_pkg_interfaces/my_first_pkg_interfaces/msg/detail/my_data__struct.hpp
[1.514s] -- Up-to-date: /home/luscifer/ros2_ws/install/my_first_pkg_interfaces/include/my_first_pkg_interfaces/my_first_pkg_interfaces/msg/rosidl_generator_cpp__visibility_control.hpp
[1.515s] -- Up-to-date: /home/luscifer/ros2_ws/install/my_first_pkg_interfaces/include/my_first_pkg_interfaces/my_first_pkg_interfaces/msg/my_data.hpp
[1.515s] -- Up-to-date: /home/luscifer/ros2_ws/install/my_first_pkg_interfaces/include/my_first_pkg_interfaces/my_first_pkg_interfaces
[1.515s] -- Up-to-date: /home/luscifer/ros2_ws/install/my_first_pkg_interfaces/include/my_first_pkg_interfaces/my_first_pkg_interfaces/msg
[1.515s] -- Up-to-date: /home/luscifer/ros2_ws/install/my_first_pkg_interfaces/include/my_first_pkg_interfaces/my_first_pkg_interfaces/msg/rosidl_typesupport_fastrtps_cpp__visibility_control.h
[1.515s] -- Up-to-date: /home/luscifer/ros2_ws/install/my_first_pkg_interfaces/include/my_first_pkg_interfaces/my_first_pkg_interfaces/msg/detail
[1.518s] -- Up-to-date: /home/luscifer/ros2_ws/install/my_first_pkg_interfaces/include/my_first_pkg_interfaces/my_first_pkg_interfaces/msg/detail/dds_fastrtps
[1.518s] -- Up-to-date: /home/luscifer/ros2_ws/install/my_first_pkg_interfaces/include/my_first_pkg_interfaces/my_first_pkg_interfaces/msg/detail/my_data__rosidl_typesupport_fastrtps_cpp.hpp
[1.518s] -- Up-to-date: /home/luscifer/ros2_ws/install/my_first_pkg_interfaces/lib/libmy_first_pkg_interfaces__rosidl_typesupport_fastrtps_cpp.so
[1.518s] -- Up-to-date: /home/luscifer/ros2_ws/install/my_first_pkg_interfaces/include/my_first_pkg_interfaces/my_first_pkg_interfaces
[1.518s] -- Up-to-date: /home/luscifer/ros2_ws/install/my_first_pkg_interfaces/include/my_first_pkg_interfaces/my_first_pkg_interfaces/msg
[1.519s] -- Up-to-date: /home/luscifer/ros2_ws/install/my_first_pkg_interfaces/include/my_first_pkg_interfaces/my_first_pkg_interfaces/msg/detail
[1.519s] -- Up-to-date: /home/luscifer/ros2_ws/install/my_first_pkg_interfaces/include/my_first_pkg_interfaces/my_first_pkg_interfaces/msg/detail/my_data__rosidl_typesupport_introspection_cpp.hpp
[1.528s] -- Up-to-date: /home/luscifer/ros2_ws/install/my_first_pkg_interfaces/include/my_first_pkg_interfaces/my_first_pkg_interfaces/msg/detail/my_data__type_support.cpp
[1.529s] -- Up-to-date: /home/luscifer/ros2_ws/install/my_first_pkg_interfaces/lib/libmy_first_pkg_interfaces__rosidl_typesupport_introspection_cpp.so
[1.529s] -- Up-to-date: /home/luscifer/ros2_ws/install/my_first_pkg_interfaces/lib/libmy_first_pkg_interfaces__rosidl_typesupport_cpp.so
[1.529s] -- Up-to-date: /home/luscifer/ros2_ws/install/my_first_pkg_interfaces/share/my_first_pkg_interfaces/environment/pythonpath.sh
[1.529s] -- Up-to-date: /home/luscifer/ros2_ws/install/my_first_pkg_interfaces/share/my_first_pkg_interfaces/environment/pythonpath.dsv
[1.529s] -- Up-to-date: /home/luscifer/ros2_ws/install/my_first_pkg_interfaces/lib/python3.12/site-packages/my_first_pkg_interfaces-0.0.0-py3.12.egg-info
[1.530s] -- Installing: /home/luscifer/ros2_ws/install/my_first_pkg_interfaces/lib/python3.12/site-packages/my_first_pkg_interfaces-0.0.0-py3.12.egg-info/PKG-INFO
[1.530s] -- Installing: /home/luscifer/ros2_ws/install/my_first_pkg_interfaces/lib/python3.12/site-packages/my_first_pkg_interfaces-0.0.0-py3.12.egg-info/dependency_links.txt
[1.530s] -- Installing: /home/luscifer/ros2_ws/install/my_first_pkg_interfaces/lib/python3.12/site-packages/my_first_pkg_interfaces-0.0.0-py3.12.egg-info/SOURCES.txt
[1.530s] -- Installing: /home/luscifer/ros2_ws/install/my_first_pkg_interfaces/lib/python3.12/site-packages/my_first_pkg_interfaces-0.0.0-py3.12.egg-info/top_level.txt
[1.530s] -- Up-to-date: /home/luscifer/ros2_ws/install/my_first_pkg_interfaces/lib/python3.12/site-packages/my_first_pkg_interfaces
[1.531s] -- Up-to-date: /home/luscifer/ros2_ws/install/my_first_pkg_interfaces/lib/python3.12/site-packages/my_first_pkg_interfaces/__init__.py
[1.531s] -- Up-to-date: /home/luscifer/ros2_ws/install/my_first_pkg_interfaces/lib/python3.12/site-packages/my_first_pkg_interfaces/_my_first_pkg_interfaces_s.ep.rosidl_typesupport_c.c
[1.531s] -- Up-to-date: /home/luscifer/ros2_ws/install/my_first_pkg_interfaces/lib/python3.12/site-packages/my_first_pkg_interfaces/msg
[1.531s] -- Up-to-date: /home/luscifer/ros2_ws/install/my_first_pkg_interfaces/lib/python3.12/site-packages/my_first_pkg_interfaces/msg/__init__.py
[1.531s] -- Up-to-date: /home/luscifer/ros2_ws/install/my_first_pkg_interfaces/lib/python3.12/site-packages/my_first_pkg_interfaces/msg/_my_data_s.c
[1.531s] -- Up-to-date: /home/luscifer/ros2_ws/install/my_first_pkg_interfaces/lib/python3.12/site-packages/my_first_pkg_interfaces/msg/_my_data.py
[1.531s] -- Up-to-date: /home/luscifer/ros2_ws/install/my_first_pkg_interfaces/lib/python3.12/site-packages/my_first_pkg_interfaces/_my_first_pkg_interfaces_s.ep.rosidl_typesupport_fastrtps_c.c
[1.531s] -- Up-to-date: /home/luscifer/ros2_ws/install/my_first_pkg_interfaces/lib/python3.12/site-packages/my_first_pkg_interfaces/my_first_pkg_interfaces_s__rosidl_typesupport_c.so
[1.531s] -- Up-to-date: /home/luscifer/ros2_ws/install/my_first_pkg_interfaces/lib/python3.12/site-packages/my_first_pkg_interfaces/my_first_pkg_interfaces_s__rosidl_typesupport_fastrtps_c.so
[1.531s] -- Up-to-date: /home/luscifer/ros2_ws/install/my_first_pkg_interfaces/lib/python3.12/site-packages/my_first_pkg_interfaces/my_first_pkg_interfaces_s__rosidl_typesupport_introspection_c.so
[1.532s] -- Up-to-date: /home/luscifer/ros2_ws/install/my_first_pkg_interfaces/lib/python3.12/site-packages/my_first_pkg_interfaces/_my_first_pkg_interfaces_s.ep.rosidl_typesupport_introspection_c.c
[1.624s] Listing '/home/luscifer/ros2_ws/install/my_first_pkg_interfaces/lib/python3.12/site-packages/my_first_pkg_interfaces'...
[1.624s] Listing '/home/luscifer/ros2_ws/install/my_first_pkg_interfaces/lib/python3.12/site-packages/my_first_pkg_interfaces/msg'...
[1.632s] -- Up-to-date: /home/luscifer/ros2_ws/install/my_first_pkg_interfaces/lib/python3.12/site-packages/my_first_pkg_interfaces/my_first_pkg_interfaces_s__rosidl_typesupport_fastrtps_c.so
[1.632s] -- Up-to-date: /home/luscifer/ros2_ws/install/my_first_pkg_interfaces/lib/python3.12/site-packages/my_first_pkg_interfaces/my_first_pkg_interfaces_s__rosidl_typesupport_introspection_c.so
[1.632s] -- Up-to-date: /home/luscifer/ros2_ws/install/my_first_pkg_interfaces/lib/python3.12/site-packages/my_first_pkg_interfaces/my_first_pkg_interfaces_s__rosidl_typesupport_c.so
[1.632s] -- Up-to-date: /home/luscifer/ros2_ws/install/my_first_pkg_interfaces/lib/libmy_first_pkg_interfaces__rosidl_generator_py.so
[1.633s] -- Up-to-date: /home/luscifer/ros2_ws/install/my_first_pkg_interfaces/share/ament_index/resource_index/rust_packages/my_first_pkg_interfaces
[1.633s] -- Up-to-date: /home/luscifer/ros2_ws/install/my_first_pkg_interfaces/share/my_first_pkg_interfaces/rust
[1.634s] -- Up-to-date: /home/luscifer/ros2_ws/install/my_first_pkg_interfaces/share/my_first_pkg_interfaces/rust/src
[1.634s] -- Up-to-date: /home/luscifer/ros2_ws/install/my_first_pkg_interfaces/share/my_first_pkg_interfaces/rust/src/msg
[1.634s] -- Up-to-date: /home/luscifer/ros2_ws/install/my_first_pkg_interfaces/share/my_first_pkg_interfaces/rust/src/msg/rmw.rs
[1.635s] -- Up-to-date: /home/luscifer/ros2_ws/install/my_first_pkg_interfaces/share/my_first_pkg_interfaces/rust/src/msg.rs
[1.635s] -- Up-to-date: /home/luscifer/ros2_ws/install/my_first_pkg_interfaces/share/my_first_pkg_interfaces/rust/src/lib.rs
[1.635s] -- Up-to-date: /home/luscifer/ros2_ws/install/my_first_pkg_interfaces/share/my_first_pkg_interfaces/rust/build.rs
[1.635s] -- Up-to-date: /home/luscifer/ros2_ws/install/my_first_pkg_interfaces/share/my_first_pkg_interfaces/rust/Cargo.toml
[1.635s] -- Up-to-date: /home/luscifer/ros2_ws/install/my_first_pkg_interfaces/share/my_first_pkg_interfaces/msg/MyData.idl
[1.636s] -- Up-to-date: /home/luscifer/ros2_ws/install/my_first_pkg_interfaces/share/my_first_pkg_interfaces/msg/MyData.msg
[1.636s] -- Up-to-date: /home/luscifer/ros2_ws/install/my_first_pkg_interfaces/share/ament_index/resource_index/package_run_dependencies/my_first_pkg_interfaces
[1.636s] -- Up-to-date: /home/luscifer/ros2_ws/install/my_first_pkg_interfaces/share/ament_index/resource_index/parent_prefix_path/my_first_pkg_interfaces
[1.637s] -- Up-to-date: /home/luscifer/ros2_ws/install/my_first_pkg_interfaces/share/my_first_pkg_interfaces/environment/ament_prefix_path.sh
[1.637s] -- Up-to-date: /home/luscifer/ros2_ws/install/my_first_pkg_interfaces/share/my_first_pkg_interfaces/environment/ament_prefix_path.dsv
[1.637s] -- Up-to-date: /home/luscifer/ros2_ws/install/my_first_pkg_interfaces/share/my_first_pkg_interfaces/environment/path.sh
[1.638s] -- Up-to-date: /home/luscifer/ros2_ws/install/my_first_pkg_interfaces/share/my_first_pkg_interfaces/environment/path.dsv
[1.638s] -- Up-to-date: /home/luscifer/ros2_ws/install/my_first_pkg_interfaces/share/my_first_pkg_interfaces/local_setup.bash
[1.638s] -- Up-to-date: /home/luscifer/ros2_ws/install/my_first_pkg_interfaces/share/my_first_pkg_interfaces/local_setup.sh
[1.639s] -- Up-to-date: /home/luscifer/ros2_ws/install/my_first_pkg_interfaces/share/my_first_pkg_interfaces/local_setup.zsh
[1.639s] -- Up-to-date: /home/luscifer/ros2_ws/install/my_first_pkg_interfaces/share/my_first_pkg_interfaces/local_setup.dsv
[1.639s] -- Installing: /home/luscifer/ros2_ws/install/my_first_pkg_interfaces/share/my_first_pkg_interfaces/package.dsv
[1.639s] -- Up-to-date: /home/luscifer/ros2_ws/install/my_first_pkg_interfaces/share/ament_index/resource_index/packages/my_first_pkg_interfaces
[1.639s] -- Up-to-date: /home/luscifer/ros2_ws/install/my_first_pkg_interfaces/share/my_first_pkg_interfaces/cmake/export_my_first_pkg_interfaces__rosidl_generator_cExport.cmake
[1.640s] -- Up-to-date: /home/luscifer/ros2_ws/install/my_first_pkg_interfaces/share/my_first_pkg_interfaces/cmake/export_my_first_pkg_interfaces__rosidl_generator_cExport-noconfig.cmake
[1.640s] -- Up-to-date: /home/luscifer/ros2_ws/install/my_first_pkg_interfaces/share/my_first_pkg_interfaces/cmake/export_my_first_pkg_interfaces__rosidl_typesupport_fastrtps_cExport.cmake
[1.641s] -- Up-to-date: /home/luscifer/ros2_ws/install/my_first_pkg_interfaces/share/my_first_pkg_interfaces/cmake/export_my_first_pkg_interfaces__rosidl_typesupport_fastrtps_cExport-noconfig.cmake
[1.641s] -- Up-to-date: /home/luscifer/ros2_ws/install/my_first_pkg_interfaces/share/my_first_pkg_interfaces/cmake/my_first_pkg_interfaces__rosidl_typesupport_introspection_cExport.cmake
[1.641s] -- Up-to-date: /home/luscifer/ros2_ws/install/my_first_pkg_interfaces/share/my_first_pkg_interfaces/cmake/my_first_pkg_interfaces__rosidl_typesupport_introspection_cExport-noconfig.cmake
[1.641s] -- Up-to-date: /home/luscifer/ros2_ws/install/my_first_pkg_interfaces/share/my_first_pkg_interfaces/cmake/my_first_pkg_interfaces__rosidl_typesupport_cExport.cmake
[1.641s] -- Up-to-date: /home/luscifer/ros2_ws/install/my_first_pkg_interfaces/share/my_first_pkg_interfaces/cmake/my_first_pkg_interfaces__rosidl_typesupport_cExport-noconfig.cmake
[1.642s] -- Up-to-date: /home/luscifer/ros2_ws/install/my_first_pkg_interfaces/share/my_first_pkg_interfaces/cmake/export_my_first_pkg_interfaces__rosidl_generator_cppExport.cmake
[1.642s] -- Up-to-date: /home/luscifer/ros2_ws/install/my_first_pkg_interfaces/share/my_first_pkg_interfaces/cmake/export_my_first_pkg_interfaces__rosidl_typesupport_fastrtps_cppExport.cmake
[1.642s] -- Up-to-date: /home/luscifer/ros2_ws/install/my_first_pkg_interfaces/share/my_first_pkg_interfaces/cmake/export_my_first_pkg_interfaces__rosidl_typesupport_fastrtps_cppExport-noconfig.cmake
[1.642s] -- Up-to-date: /home/luscifer/ros2_ws/install/my_first_pkg_interfaces/share/my_first_pkg_interfaces/cmake/my_first_pkg_interfaces__rosidl_typesupport_introspection_cppExport.cmake
[1.642s] -- Up-to-date: /home/luscifer/ros2_ws/install/my_first_pkg_interfaces/share/my_first_pkg_interfaces/cmake/my_first_pkg_interfaces__rosidl_typesupport_introspection_cppExport-noconfig.cmake
[1.643s] -- Up-to-date: /home/luscifer/ros2_ws/install/my_first_pkg_interfaces/share/my_first_pkg_interfaces/cmake/my_first_pkg_interfaces__rosidl_typesupport_cppExport.cmake
[1.644s] -- Up-to-date: /home/luscifer/ros2_ws/install/my_first_pkg_interfaces/share/my_first_pkg_interfaces/cmake/my_first_pkg_interfaces__rosidl_typesupport_cppExport-noconfig.cmake
[1.644s] -- Up-to-date: /home/luscifer/ros2_ws/install/my_first_pkg_interfaces/share/my_first_pkg_interfaces/cmake/export_my_first_pkg_interfaces__rosidl_generator_pyExport.cmake
[1.644s] -- Up-to-date: /home/luscifer/ros2_ws/install/my_first_pkg_interfaces/share/my_first_pkg_interfaces/cmake/export_my_first_pkg_interfaces__rosidl_generator_pyExport-noconfig.cmake
[1.644s] -- Up-to-date: /home/luscifer/ros2_ws/install/my_first_pkg_interfaces/share/my_first_pkg_interfaces/cmake/rosidl_cmake-extras.cmake
[1.645s] -- Up-to-date: /home/luscifer/ros2_ws/install/my_first_pkg_interfaces/share/my_first_pkg_interfaces/cmake/ament_cmake_export_include_directories-extras.cmake
[1.645s] -- Up-to-date: /home/luscifer/ros2_ws/install/my_first_pkg_interfaces/share/my_first_pkg_interfaces/cmake/ament_cmake_export_libraries-extras.cmake
[1.645s] -- Up-to-date: /home/luscifer/ros2_ws/install/my_first_pkg_interfaces/share/my_first_pkg_interfaces/cmake/ament_cmake_export_targets-extras.cmake
[1.647s] -- Up-to-date: /home/luscifer/ros2_ws/install/my_first_pkg_interfaces/share/my_first_pkg_interfaces/cmake/rosidl_cmake_export_typesupport_targets-extras.cmake
[1.647s] -- Up-to-date: /home/luscifer/ros2_ws/install/my_first_pkg_interfaces/share/my_first_pkg_interfaces/cmake/ament_cmake_export_dependencies-extras.cmake
[1.647s] -- Up-to-date: /home/luscifer/ros2_ws/install/my_first_pkg_interfaces/share/my_first_pkg_interfaces/cmake/rosidl_cmake_export_typesupport_libraries-extras.cmake
[1.647s] -- Up-to-date: /home/luscifer/ros2_ws/install/my_first_pkg_interfaces/share/my_first_pkg_interfaces/cmake/my_first_pkg_interfacesConfig.cmake
[1.648s] -- Up-to-date: /home/luscifer/ros2_ws/install/my_first_pkg_interfaces/share/my_first_pkg_interfaces/cmake/my_first_pkg_interfacesConfig-version.cmake
[1.648s] -- Up-to-date: /home/luscifer/ros2_ws/install/my_first_pkg_interfaces/share/my_first_pkg_interfaces/package.xml
[1.655s] Invoked command in '/home/luscifer/ros2_ws/build/my_first_pkg_interfaces' returned '0': CMAKE_PREFIX_PATH=${CMAKE_PREFIX_PATH}:/home/luscifer/ros2_ws/install/my_first_pkg:/opt/ros/jazzy DEBUGINFOD_URLS=https://debuginfod.ubuntu.com /usr/bin/cmake --install /home/luscifer/ros2_ws/build/my_first_pkg_interfaces
