[0.186s] DEBUG:colcon:Command line arguments: ['/usr/bin/colcon', 'build']
[0.186s] DEBUG:colcon:Parsed command line arguments: Namespace(log_base=None, log_level=None, verb_name='build', build_base='build', install_base='install', merge_install=False, symlink_install=False, test_result_base=None, continue_on_error=False, executor='parallel', parallel_workers=4, event_handlers=None, ignore_user_meta=False, metas=['./colcon.meta'], base_paths=['.'], packages_ignore=None, packages_ignore_regex=None, paths=None, packages_up_to=None, packages_up_to_regex=None, packages_above=None, packages_above_and_dependencies=None, packages_above_depth=None, packages_select_by_dep=None, packages_skip_by_dep=None, packages_skip_up_to=None, packages_select_build_failed=False, packages_skip_build_finished=False, packages_select_test_failures=False, packages_skip_test_passed=False, packages_select=None, packages_skip=None, packages_select_regex=None, packages_skip_regex=None, packages_start=None, packages_end=None, allow_overriding=[], cmake_args=None, cmake_target=None, cmake_target_skip_unavailable=False, cmake_clean_cache=False, cmake_clean_first=False, cmake_force_configure=False, ament_cmake_args=None, catkin_cmake_args=None, catkin_skip_building_tests=False, mixin_files=None, mixin=None, verb_parser=<colcon_mixin.mixin.mixin_argument.MixinArgumentDecorator object at 0x76e399c6fe30>, verb_extension=<colcon_core.verb.build.BuildVerb object at 0x76e399c6e4b0>, main=<bound method BuildVerb.main of <colcon_core.verb.build.BuildVerb object at 0x76e399c6e4b0>>, mixin_verb=('build',))
[0.244s] Level 1:colcon.colcon_core.package_discovery:discover_packages(colcon_meta) check parameters
[0.245s] Level 1:colcon.colcon_core.package_discovery:discover_packages(recursive) check parameters
[0.245s] Level 1:colcon.colcon_core.package_discovery:discover_packages(ignore) check parameters
[0.245s] Level 1:colcon.colcon_core.package_discovery:discover_packages(path) check parameters
[0.245s] Level 1:colcon.colcon_core.package_discovery:discover_packages(colcon_meta) discover
[0.245s] Level 1:colcon.colcon_core.package_discovery:discover_packages(recursive) discover
[0.245s] INFO:colcon.colcon_core.package_discovery:Crawling recursively for packages in '/home/luscifer/ros2_ws'
[0.245s] Level 1:colcon.colcon_core.package_identification:_identify(.) by extensions ['ignore', 'ignore_ament_install']
[0.245s] Level 1:colcon.colcon_core.package_identification:_identify(.) by extension 'ignore'
[0.246s] Level 1:colcon.colcon_core.package_identification:_identify(.) by extension 'ignore_ament_install'
[0.246s] Level 1:colcon.colcon_core.package_identification:_identify(.) by extensions ['colcon_pkg']
[0.246s] Level 1:colcon.colcon_core.package_identification:_identify(.) by extension 'colcon_pkg'
[0.246s] Level 1:colcon.colcon_core.package_identification:_identify(.) by extensions ['colcon_meta']
[0.246s] Level 1:colcon.colcon_core.package_identification:_identify(.) by extension 'colcon_meta'
[0.246s] Level 1:colcon.colcon_core.package_identification:_identify(.) by extensions ['ros']
[0.246s] Level 1:colcon.colcon_core.package_identification:_identify(.) by extension 'ros'
[0.284s] Level 1:colcon.colcon_core.package_identification:_identify(.) by extensions ['cmake', 'python']
[0.284s] Level 1:colcon.colcon_core.package_identification:_identify(.) by extension 'cmake'
[0.284s] Level 1:colcon.colcon_core.package_identification:_identify(.) by extension 'python'
[0.284s] Level 1:colcon.colcon_core.package_identification:_identify(.) by extensions ['python_setup_py']
[0.284s] Level 1:colcon.colcon_core.package_identification:_identify(.) by extension 'python_setup_py'
[0.284s] Level 1:colcon.colcon_core.package_identification:_identify(build) by extensions ['ignore', 'ignore_ament_install']
[0.285s] Level 1:colcon.colcon_core.package_identification:_identify(build) by extension 'ignore'
[0.285s] Level 1:colcon.colcon_core.package_identification:_identify(build) ignored
[0.285s] Level 1:colcon.colcon_core.package_identification:_identify(install) by extensions ['ignore', 'ignore_ament_install']
[0.285s] Level 1:colcon.colcon_core.package_identification:_identify(install) by extension 'ignore'
[0.285s] Level 1:colcon.colcon_core.package_identification:_identify(install) ignored
[0.286s] Level 1:colcon.colcon_core.package_identification:_identify(log) by extensions ['ignore', 'ignore_ament_install']
[0.286s] Level 1:colcon.colcon_core.package_identification:_identify(log) by extension 'ignore'
[0.286s] Level 1:colcon.colcon_core.package_identification:_identify(log) ignored
[0.286s] Level 1:colcon.colcon_core.package_identification:_identify(rosbag2_2026_04_28-03_46_22) by extensions ['ignore', 'ignore_ament_install']
[0.286s] Level 1:colcon.colcon_core.package_identification:_identify(rosbag2_2026_04_28-03_46_22) by extension 'ignore'
[0.286s] Level 1:colcon.colcon_core.package_identification:_identify(rosbag2_2026_04_28-03_46_22) by extension 'ignore_ament_install'
[0.286s] Level 1:colcon.colcon_core.package_identification:_identify(rosbag2_2026_04_28-03_46_22) by extensions ['colcon_pkg']
[0.287s] Level 1:colcon.colcon_core.package_identification:_identify(rosbag2_2026_04_28-03_46_22) by extension 'colcon_pkg'
[0.287s] Level 1:colcon.colcon_core.package_identification:_identify(rosbag2_2026_04_28-03_46_22) by extensions ['colcon_meta']
[0.287s] Level 1:colcon.colcon_core.package_identification:_identify(rosbag2_2026_04_28-03_46_22) by extension 'colcon_meta'
[0.287s] Level 1:colcon.colcon_core.package_identification:_identify(rosbag2_2026_04_28-03_46_22) by extensions ['ros']
[0.287s] Level 1:colcon.colcon_core.package_identification:_identify(rosbag2_2026_04_28-03_46_22) by extension 'ros'
[0.287s] Level 1:colcon.colcon_core.package_identification:_identify(rosbag2_2026_04_28-03_46_22) by extensions ['cmake', 'python']
[0.287s] Level 1:colcon.colcon_core.package_identification:_identify(rosbag2_2026_04_28-03_46_22) by extension 'cmake'
[0.287s] Level 1:colcon.colcon_core.package_identification:_identify(rosbag2_2026_04_28-03_46_22) by extension 'python'
[0.288s] Level 1:colcon.colcon_core.package_identification:_identify(rosbag2_2026_04_28-03_46_22) by extensions ['python_setup_py']
[0.288s] Level 1:colcon.colcon_core.package_identification:_identify(rosbag2_2026_04_28-03_46_22) by extension 'python_setup_py'
[0.288s] Level 1:colcon.colcon_core.package_identification:_identify(rosbag2_2026_04_28-03_50_02) by extensions ['ignore', 'ignore_ament_install']
[0.288s] Level 1:colcon.colcon_core.package_identification:_identify(rosbag2_2026_04_28-03_50_02) by extension 'ignore'
[0.289s] Level 1:colcon.colcon_core.package_identification:_identify(rosbag2_2026_04_28-03_50_02) by extension 'ignore_ament_install'
[0.289s] Level 1:colcon.colcon_core.package_identification:_identify(rosbag2_2026_04_28-03_50_02) by extensions ['colcon_pkg']
[0.289s] Level 1:colcon.colcon_core.package_identification:_identify(rosbag2_2026_04_28-03_50_02) by extension 'colcon_pkg'
[0.289s] Level 1:colcon.colcon_core.package_identification:_identify(rosbag2_2026_04_28-03_50_02) by extensions ['colcon_meta']
[0.289s] Level 1:colcon.colcon_core.package_identification:_identify(rosbag2_2026_04_28-03_50_02) by extension 'colcon_meta'
[0.289s] Level 1:colcon.colcon_core.package_identification:_identify(rosbag2_2026_04_28-03_50_02) by extensions ['ros']
[0.289s] Level 1:colcon.colcon_core.package_identification:_identify(rosbag2_2026_04_28-03_50_02) by extension 'ros'
[0.289s] Level 1:colcon.colcon_core.package_identification:_identify(rosbag2_2026_04_28-03_50_02) by extensions ['cmake', 'python']
[0.289s] Level 1:colcon.colcon_core.package_identification:_identify(rosbag2_2026_04_28-03_50_02) by extension 'cmake'
[0.289s] Level 1:colcon.colcon_core.package_identification:_identify(rosbag2_2026_04_28-03_50_02) by extension 'python'
[0.290s] Level 1:colcon.colcon_core.package_identification:_identify(rosbag2_2026_04_28-03_50_02) by extensions ['python_setup_py']
[0.290s] Level 1:colcon.colcon_core.package_identification:_identify(rosbag2_2026_04_28-03_50_02) by extension 'python_setup_py'
[0.290s] Level 1:colcon.colcon_core.package_identification:_identify(src) by extensions ['ignore', 'ignore_ament_install']
[0.290s] Level 1:colcon.colcon_core.package_identification:_identify(src) by extension 'ignore'
[0.290s] Level 1:colcon.colcon_core.package_identification:_identify(src) by extension 'ignore_ament_install'
[0.290s] Level 1:colcon.colcon_core.package_identification:_identify(src) by extensions ['colcon_pkg']
[0.290s] Level 1:colcon.colcon_core.package_identification:_identify(src) by extension 'colcon_pkg'
[0.290s] Level 1:colcon.colcon_core.package_identification:_identify(src) by extensions ['colcon_meta']
[0.290s] Level 1:colcon.colcon_core.package_identification:_identify(src) by extension 'colcon_meta'
[0.290s] Level 1:colcon.colcon_core.package_identification:_identify(src) by extensions ['ros']
[0.290s] Level 1:colcon.colcon_core.package_identification:_identify(src) by extension 'ros'
[0.291s] Level 1:colcon.colcon_core.package_identification:_identify(src) by extensions ['cmake', 'python']
[0.291s] Level 1:colcon.colcon_core.package_identification:_identify(src) by extension 'cmake'
[0.291s] Level 1:colcon.colcon_core.package_identification:_identify(src) by extension 'python'
[0.291s] Level 1:colcon.colcon_core.package_identification:_identify(src) by extensions ['python_setup_py']
[0.291s] Level 1:colcon.colcon_core.package_identification:_identify(src) by extension 'python_setup_py'
[0.291s] Level 1:colcon.colcon_core.package_identification:_identify(src/my_first_pkg) by extensions ['ignore', 'ignore_ament_install']
[0.292s] Level 1:colcon.colcon_core.package_identification:_identify(src/my_first_pkg) by extension 'ignore'
[0.292s] Level 1:colcon.colcon_core.package_identification:_identify(src/my_first_pkg) by extension 'ignore_ament_install'
[0.292s] Level 1:colcon.colcon_core.package_identification:_identify(src/my_first_pkg) by extensions ['colcon_pkg']
[0.292s] Level 1:colcon.colcon_core.package_identification:_identify(src/my_first_pkg) by extension 'colcon_pkg'
[0.292s] Level 1:colcon.colcon_core.package_identification:_identify(src/my_first_pkg) by extensions ['colcon_meta']
[0.292s] Level 1:colcon.colcon_core.package_identification:_identify(src/my_first_pkg) by extension 'colcon_meta'
[0.292s] Level 1:colcon.colcon_core.package_identification:_identify(src/my_first_pkg) by extensions ['ros']
[0.292s] Level 1:colcon.colcon_core.package_identification:_identify(src/my_first_pkg) by extension 'ros'
[0.295s] DEBUG:colcon.colcon_core.package_identification:Package 'src/my_first_pkg' with type 'ros.ament_python' and name 'my_first_pkg'
[0.295s] Level 1:colcon.colcon_core.package_identification:_identify(src/my_first_pkg_interfaces) by extensions ['ignore', 'ignore_ament_install']
[0.296s] Level 1:colcon.colcon_core.package_identification:_identify(src/my_first_pkg_interfaces) by extension 'ignore'
[0.296s] Level 1:colcon.colcon_core.package_identification:_identify(src/my_first_pkg_interfaces) by extension 'ignore_ament_install'
[0.296s] Level 1:colcon.colcon_core.package_identification:_identify(src/my_first_pkg_interfaces) by extensions ['colcon_pkg']
[0.296s] Level 1:colcon.colcon_core.package_identification:_identify(src/my_first_pkg_interfaces) by extension 'colcon_pkg'
[0.296s] Level 1:colcon.colcon_core.package_identification:_identify(src/my_first_pkg_interfaces) by extensions ['colcon_meta']
[0.296s] Level 1:colcon.colcon_core.package_identification:_identify(src/my_first_pkg_interfaces) by extension 'colcon_meta'
[0.296s] Level 1:colcon.colcon_core.package_identification:_identify(src/my_first_pkg_interfaces) by extensions ['ros']
[0.296s] Level 1:colcon.colcon_core.package_identification:_identify(src/my_first_pkg_interfaces) by extension 'ros'
[0.297s] DEBUG:colcon.colcon_core.package_identification:Package 'src/my_first_pkg_interfaces' with type 'ros.ament_cmake' and name 'my_first_pkg_interfaces'
[0.297s] Level 1:colcon.colcon_core.package_discovery:discover_packages(recursive) using defaults
[0.297s] Level 1:colcon.colcon_core.package_discovery:discover_packages(ignore) discover
[0.297s] Level 1:colcon.colcon_core.package_discovery:discover_packages(ignore) using defaults
[0.297s] Level 1:colcon.colcon_core.package_discovery:discover_packages(path) discover
[0.297s] Level 1:colcon.colcon_core.package_discovery:discover_packages(path) using defaults
[0.330s] Level 1:colcon.colcon_core.package_discovery:discover_packages(prefix_path) check parameters
[0.330s] Level 1:colcon.colcon_core.package_discovery:discover_packages(prefix_path) discover
[0.334s] DEBUG:colcon.colcon_installed_package_information.package_discovery:Found 2 installed packages in /home/luscifer/ros2_ws/install
[0.335s] DEBUG:colcon.colcon_installed_package_information.package_discovery:Found 1 installed packages in /home/luscifer/install
[0.337s] DEBUG:colcon.colcon_installed_package_information.package_discovery:Found 287 installed packages in /opt/ros/jazzy
[0.339s] Level 1:colcon.colcon_core.package_discovery:discover_packages(prefix_path) using defaults
[0.432s] Level 5:colcon.colcon_core.verb:set package 'my_first_pkg_interfaces' build argument 'cmake_args' from command line to 'None'
[0.433s] Level 5:colcon.colcon_core.verb:set package 'my_first_pkg_interfaces' build argument 'cmake_target' from command line to 'None'
[0.433s] Level 5:colcon.colcon_core.verb:set package 'my_first_pkg_interfaces' build argument 'cmake_target_skip_unavailable' from command line to 'False'
[0.433s] Level 5:colcon.colcon_core.verb:set package 'my_first_pkg_interfaces' build argument 'cmake_clean_cache' from command line to 'False'
[0.433s] Level 5:colcon.colcon_core.verb:set package 'my_first_pkg_interfaces' build argument 'cmake_clean_first' from command line to 'False'
[0.433s] Level 5:colcon.colcon_core.verb:set package 'my_first_pkg_interfaces' build argument 'cmake_force_configure' from command line to 'False'
[0.433s] Level 5:colcon.colcon_core.verb:set package 'my_first_pkg_interfaces' build argument 'ament_cmake_args' from command line to 'None'
[0.433s] Level 5:colcon.colcon_core.verb:set package 'my_first_pkg_interfaces' build argument 'catkin_cmake_args' from command line to 'None'
[0.433s] Level 5:colcon.colcon_core.verb:set package 'my_first_pkg_interfaces' build argument 'catkin_skip_building_tests' from command line to 'False'
[0.433s] DEBUG:colcon.colcon_core.verb:Building package 'my_first_pkg_interfaces' with the following arguments: {'ament_cmake_args': None, 'build_base': '/home/luscifer/ros2_ws/build/my_first_pkg_interfaces', 'catkin_cmake_args': None, 'catkin_skip_building_tests': False, 'cmake_args': None, 'cmake_clean_cache': False, 'cmake_clean_first': False, 'cmake_force_configure': False, 'cmake_target': None, 'cmake_target_skip_unavailable': False, 'install_base': '/home/luscifer/ros2_ws/install/my_first_pkg_interfaces', 'merge_install': False, 'path': '/home/luscifer/ros2_ws/src/my_first_pkg_interfaces', 'symlink_install': False, 'test_result_base': None}
[0.434s] Level 5:colcon.colcon_core.verb:set package 'my_first_pkg' build argument 'cmake_args' from command line to 'None'
[0.434s] Level 5:colcon.colcon_core.verb:set package 'my_first_pkg' build argument 'cmake_target' from command line to 'None'
[0.434s] Level 5:colcon.colcon_core.verb:set package 'my_first_pkg' build argument 'cmake_target_skip_unavailable' from command line to 'False'
[0.434s] Level 5:colcon.colcon_core.verb:set package 'my_first_pkg' build argument 'cmake_clean_cache' from command line to 'False'
[0.434s] Level 5:colcon.colcon_core.verb:set package 'my_first_pkg' build argument 'cmake_clean_first' from command line to 'False'
[0.434s] Level 5:colcon.colcon_core.verb:set package 'my_first_pkg' build argument 'cmake_force_configure' from command line to 'False'
[0.434s] Level 5:colcon.colcon_core.verb:set package 'my_first_pkg' build argument 'ament_cmake_args' from command line to 'None'
[0.434s] Level 5:colcon.colcon_core.verb:set package 'my_first_pkg' build argument 'catkin_cmake_args' from command line to 'None'
[0.434s] Level 5:colcon.colcon_core.verb:set package 'my_first_pkg' build argument 'catkin_skip_building_tests' from command line to 'False'
[0.434s] DEBUG:colcon.colcon_core.verb:Building package 'my_first_pkg' with the following arguments: {'ament_cmake_args': None, 'build_base': '/home/luscifer/ros2_ws/build/my_first_pkg', 'catkin_cmake_args': None, 'catkin_skip_building_tests': False, 'cmake_args': None, 'cmake_clean_cache': False, 'cmake_clean_first': False, 'cmake_force_configure': False, 'cmake_target': None, 'cmake_target_skip_unavailable': False, 'install_base': '/home/luscifer/ros2_ws/install/my_first_pkg', 'merge_install': False, 'path': '/home/luscifer/ros2_ws/src/my_first_pkg', 'symlink_install': False, 'test_result_base': None}
[0.434s] INFO:colcon.colcon_core.executor:Executing jobs using 'parallel' executor
[0.436s] DEBUG:colcon.colcon_parallel_executor.executor.parallel:run_until_complete
[0.437s] INFO:colcon.colcon_ros.task.ament_cmake.build:Building ROS package in '/home/luscifer/ros2_ws/src/my_first_pkg_interfaces' with build type 'ament_cmake'
[0.437s] INFO:colcon.colcon_cmake.task.cmake.build:Building CMake package in '/home/luscifer/ros2_ws/src/my_first_pkg_interfaces'
[0.448s] INFO:colcon.colcon_core.plugin_system:Skipping extension 'colcon_core.shell.bat': Not used on non-Windows systems
[0.449s] INFO:colcon.colcon_core.shell:Skip shell extension 'powershell' for command environment: Not usable outside of PowerShell
[0.449s] DEBUG:colcon.colcon_core.shell:Skip shell extension 'dsv' for command environment
[0.492s] DEBUG:colcon.colcon_core.event_handler.log_command:Invoking command in '/home/luscifer/ros2_ws/build/my_first_pkg_interfaces': CMAKE_PREFIX_PATH=${CMAKE_PREFIX_PATH}:/home/luscifer/ros2_ws/install/my_first_pkg:/opt/ros/jazzy DEBUGINFOD_URLS=https://debuginfod.ubuntu.com /usr/bin/cmake --build /home/luscifer/ros2_ws/build/my_first_pkg_interfaces -- -j4 -l4
[1.923s] DEBUG:colcon.colcon_core.event_handler.log_command:Invoked command in '/home/luscifer/ros2_ws/build/my_first_pkg_interfaces' returned '0': CMAKE_PREFIX_PATH=${CMAKE_PREFIX_PATH}:/home/luscifer/ros2_ws/install/my_first_pkg:/opt/ros/jazzy DEBUGINFOD_URLS=https://debuginfod.ubuntu.com /usr/bin/cmake --build /home/luscifer/ros2_ws/build/my_first_pkg_interfaces -- -j4 -l4
[1.982s] DEBUG:colcon.colcon_core.event_handler.log_command:Invoking command in '/home/luscifer/ros2_ws/build/my_first_pkg_interfaces': CMAKE_PREFIX_PATH=${CMAKE_PREFIX_PATH}:/home/luscifer/ros2_ws/install/my_first_pkg:/opt/ros/jazzy DEBUGINFOD_URLS=https://debuginfod.ubuntu.com /usr/bin/cmake --install /home/luscifer/ros2_ws/build/my_first_pkg_interfaces
[2.213s] Level 1:colcon.colcon_core.environment:create_environment_scripts_only(my_first_pkg_interfaces)
[2.234s] DEBUG:colcon.colcon_core.event_handler.log_command:Invoked command in '/home/luscifer/ros2_ws/build/my_first_pkg_interfaces' returned '0': CMAKE_PREFIX_PATH=${CMAKE_PREFIX_PATH}:/home/luscifer/ros2_ws/install/my_first_pkg:/opt/ros/jazzy DEBUGINFOD_URLS=https://debuginfod.ubuntu.com /usr/bin/cmake --install /home/luscifer/ros2_ws/build/my_first_pkg_interfaces
[2.238s] Level 1:colcon.colcon_core.environment:checking '/home/luscifer/ros2_ws/install/my_first_pkg_interfaces' for CMake module files
[2.245s] Level 1:colcon.colcon_core.environment:checking '/home/luscifer/ros2_ws/install/my_first_pkg_interfaces' for CMake config files
[2.246s] Level 1:colcon.colcon_core.shell:create_environment_hook('my_first_pkg_interfaces', 'cmake_prefix_path')
[2.248s] INFO:colcon.colcon_core.shell:Creating environment hook '/home/luscifer/ros2_ws/install/my_first_pkg_interfaces/share/my_first_pkg_interfaces/hook/cmake_prefix_path.ps1'
[2.251s] INFO:colcon.colcon_core.shell:Creating environment descriptor '/home/luscifer/ros2_ws/install/my_first_pkg_interfaces/share/my_first_pkg_interfaces/hook/cmake_prefix_path.dsv'
[2.254s] INFO:colcon.colcon_core.shell:Creating environment hook '/home/luscifer/ros2_ws/install/my_first_pkg_interfaces/share/my_first_pkg_interfaces/hook/cmake_prefix_path.sh'
[2.258s] Level 1:colcon.colcon_core.environment:checking '/home/luscifer/ros2_ws/install/my_first_pkg_interfaces/lib'
[2.258s] Level 1:colcon.colcon_core.shell:create_environment_hook('my_first_pkg_interfaces', 'ld_library_path_lib')
[2.259s] INFO:colcon.colcon_core.shell:Creating environment hook '/home/luscifer/ros2_ws/install/my_first_pkg_interfaces/share/my_first_pkg_interfaces/hook/ld_library_path_lib.ps1'
[2.261s] INFO:colcon.colcon_core.shell:Creating environment descriptor '/home/luscifer/ros2_ws/install/my_first_pkg_interfaces/share/my_first_pkg_interfaces/hook/ld_library_path_lib.dsv'
[2.263s] INFO:colcon.colcon_core.shell:Creating environment hook '/home/luscifer/ros2_ws/install/my_first_pkg_interfaces/share/my_first_pkg_interfaces/hook/ld_library_path_lib.sh'
[2.265s] Level 1:colcon.colcon_core.environment:checking '/home/luscifer/ros2_ws/install/my_first_pkg_interfaces/bin'
[2.266s] Level 1:colcon.colcon_core.environment:checking '/home/luscifer/ros2_ws/install/my_first_pkg_interfaces/lib/pkgconfig/my_first_pkg_interfaces.pc'
[2.266s] Level 1:colcon.colcon_core.environment:checking '/home/luscifer/ros2_ws/install/my_first_pkg_interfaces/lib/python3.12/site-packages'
[2.266s] Level 1:colcon.colcon_core.shell:create_environment_hook('my_first_pkg_interfaces', 'pythonpath')
[2.267s] INFO:colcon.colcon_core.shell:Creating environment hook '/home/luscifer/ros2_ws/install/my_first_pkg_interfaces/share/my_first_pkg_interfaces/hook/pythonpath.ps1'
[2.268s] INFO:colcon.colcon_core.shell:Creating environment descriptor '/home/luscifer/ros2_ws/install/my_first_pkg_interfaces/share/my_first_pkg_interfaces/hook/pythonpath.dsv'
[2.272s] INFO:colcon.colcon_core.shell:Creating environment hook '/home/luscifer/ros2_ws/install/my_first_pkg_interfaces/share/my_first_pkg_interfaces/hook/pythonpath.sh'
[2.275s] Level 1:colcon.colcon_core.environment:checking '/home/luscifer/ros2_ws/install/my_first_pkg_interfaces/bin'
[2.276s] INFO:colcon.colcon_core.shell:Creating package script '/home/luscifer/ros2_ws/install/my_first_pkg_interfaces/share/my_first_pkg_interfaces/package.ps1'
[2.282s] INFO:colcon.colcon_core.shell:Creating package descriptor '/home/luscifer/ros2_ws/install/my_first_pkg_interfaces/share/my_first_pkg_interfaces/package.dsv'
[2.286s] INFO:colcon.colcon_core.shell:Creating package script '/home/luscifer/ros2_ws/install/my_first_pkg_interfaces/share/my_first_pkg_interfaces/package.sh'
[2.292s] INFO:colcon.colcon_core.shell:Creating package script '/home/luscifer/ros2_ws/install/my_first_pkg_interfaces/share/my_first_pkg_interfaces/package.bash'
[2.296s] INFO:colcon.colcon_core.shell:Creating package script '/home/luscifer/ros2_ws/install/my_first_pkg_interfaces/share/my_first_pkg_interfaces/package.zsh'
[2.298s] Level 1:colcon.colcon_core.environment:create_file_with_runtime_dependencies(/home/luscifer/ros2_ws/install/my_first_pkg_interfaces/share/colcon-core/packages/my_first_pkg_interfaces)
[2.301s] Level 1:colcon.colcon_core.environment:create_environment_scripts_only(my_first_pkg_interfaces)
[2.302s] Level 1:colcon.colcon_core.environment:checking '/home/luscifer/ros2_ws/install/my_first_pkg_interfaces' for CMake module files
[2.303s] Level 1:colcon.colcon_core.environment:checking '/home/luscifer/ros2_ws/install/my_first_pkg_interfaces' for CMake config files
[2.304s] Level 1:colcon.colcon_core.shell:create_environment_hook('my_first_pkg_interfaces', 'cmake_prefix_path')
[2.304s] INFO:colcon.colcon_core.shell:Creating environment hook '/home/luscifer/ros2_ws/install/my_first_pkg_interfaces/share/my_first_pkg_interfaces/hook/cmake_prefix_path.ps1'
[2.307s] INFO:colcon.colcon_core.shell:Creating environment descriptor '/home/luscifer/ros2_ws/install/my_first_pkg_interfaces/share/my_first_pkg_interfaces/hook/cmake_prefix_path.dsv'
[2.312s] INFO:colcon.colcon_core.shell:Creating environment hook '/home/luscifer/ros2_ws/install/my_first_pkg_interfaces/share/my_first_pkg_interfaces/hook/cmake_prefix_path.sh'
[2.316s] Level 1:colcon.colcon_core.environment:checking '/home/luscifer/ros2_ws/install/my_first_pkg_interfaces/lib'
[2.316s] Level 1:colcon.colcon_core.shell:create_environment_hook('my_first_pkg_interfaces', 'ld_library_path_lib')
[2.317s] INFO:colcon.colcon_core.shell:Creating environment hook '/home/luscifer/ros2_ws/install/my_first_pkg_interfaces/share/my_first_pkg_interfaces/hook/ld_library_path_lib.ps1'
[2.320s] INFO:colcon.colcon_core.shell:Creating environment descriptor '/home/luscifer/ros2_ws/install/my_first_pkg_interfaces/share/my_first_pkg_interfaces/hook/ld_library_path_lib.dsv'
[2.322s] INFO:colcon.colcon_core.shell:Creating environment hook '/home/luscifer/ros2_ws/install/my_first_pkg_interfaces/share/my_first_pkg_interfaces/hook/ld_library_path_lib.sh'
[2.326s] Level 1:colcon.colcon_core.environment:checking '/home/luscifer/ros2_ws/install/my_first_pkg_interfaces/bin'
[2.326s] Level 1:colcon.colcon_core.environment:checking '/home/luscifer/ros2_ws/install/my_first_pkg_interfaces/lib/pkgconfig/my_first_pkg_interfaces.pc'
[2.327s] Level 1:colcon.colcon_core.environment:checking '/home/luscifer/ros2_ws/install/my_first_pkg_interfaces/lib/python3.12/site-packages'
[2.327s] Level 1:colcon.colcon_core.shell:create_environment_hook('my_first_pkg_interfaces', 'pythonpath')
[2.328s] INFO:colcon.colcon_core.shell:Creating environment hook '/home/luscifer/ros2_ws/install/my_first_pkg_interfaces/share/my_first_pkg_interfaces/hook/pythonpath.ps1'
[2.331s] INFO:colcon.colcon_core.shell:Creating environment descriptor '/home/luscifer/ros2_ws/install/my_first_pkg_interfaces/share/my_first_pkg_interfaces/hook/pythonpath.dsv'
[2.334s] INFO:colcon.colcon_core.shell:Creating environment hook '/home/luscifer/ros2_ws/install/my_first_pkg_interfaces/share/my_first_pkg_interfaces/hook/pythonpath.sh'
[2.337s] Level 1:colcon.colcon_core.environment:checking '/home/luscifer/ros2_ws/install/my_first_pkg_interfaces/bin'
[2.338s] INFO:colcon.colcon_core.shell:Creating package script '/home/luscifer/ros2_ws/install/my_first_pkg_interfaces/share/my_first_pkg_interfaces/package.ps1'
[2.340s] INFO:colcon.colcon_core.shell:Creating package descriptor '/home/luscifer/ros2_ws/install/my_first_pkg_interfaces/share/my_first_pkg_interfaces/package.dsv'
[2.345s] INFO:colcon.colcon_core.shell:Creating package script '/home/luscifer/ros2_ws/install/my_first_pkg_interfaces/share/my_first_pkg_interfaces/package.sh'
[2.347s] INFO:colcon.colcon_core.shell:Creating package script '/home/luscifer/ros2_ws/install/my_first_pkg_interfaces/share/my_first_pkg_interfaces/package.bash'
[2.349s] INFO:colcon.colcon_core.shell:Creating package script '/home/luscifer/ros2_ws/install/my_first_pkg_interfaces/share/my_first_pkg_interfaces/package.zsh'
[2.350s] Level 1:colcon.colcon_core.environment:create_file_with_runtime_dependencies(/home/luscifer/ros2_ws/install/my_first_pkg_interfaces/share/colcon-core/packages/my_first_pkg_interfaces)
[2.352s] INFO:colcon.colcon_ros.task.ament_python.build:Building ROS package in '/home/luscifer/ros2_ws/src/my_first_pkg' with build type 'ament_python'
[2.352s] Level 1:colcon.colcon_core.shell:create_environment_hook('my_first_pkg', 'ament_prefix_path')
[2.353s] INFO:colcon.colcon_core.shell:Creating environment hook '/home/luscifer/ros2_ws/install/my_first_pkg/share/my_first_pkg/hook/ament_prefix_path.ps1'
[2.361s] INFO:colcon.colcon_core.shell:Creating environment descriptor '/home/luscifer/ros2_ws/install/my_first_pkg/share/my_first_pkg/hook/ament_prefix_path.dsv'
[2.364s] INFO:colcon.colcon_core.shell:Creating environment hook '/home/luscifer/ros2_ws/install/my_first_pkg/share/my_first_pkg/hook/ament_prefix_path.sh'
[2.369s] INFO:colcon.colcon_core.shell:Skip shell extension 'powershell' for command environment: Not usable outside of PowerShell
[2.369s] DEBUG:colcon.colcon_core.shell:Skip shell extension 'dsv' for command environment
[3.061s] INFO:colcon.colcon_core.task.python.build:Building Python package in '/home/luscifer/ros2_ws/src/my_first_pkg'
[3.061s] INFO:colcon.colcon_core.shell:Skip shell extension 'powershell' for command environment: Not usable outside of PowerShell
[3.061s] DEBUG:colcon.colcon_core.shell:Skip shell extension 'dsv' for command environment
[4.790s] DEBUG:colcon.colcon_core.event_handler.log_command:Invoking command in '/home/luscifer/ros2_ws/src/my_first_pkg': DEBUGINFOD_URLS=https://debuginfod.ubuntu.com PYTHONPATH=/home/luscifer/ros2_ws/build/my_first_pkg/prefix_override:/usr/lib/python3/dist-packages/colcon_core/task/python/colcon_distutils_commands:/home/luscifer/ros2_ws/install/my_first_pkg/lib/python3.12/site-packages:/home/luscifer/ros2_ws/install/my_first_pkg_interfaces/lib/python3.12/site-packages:/home/luscifer/ros2_ws/install/my_first_pkg/lib/python3.12/site-packages:/opt/ros/jazzy/lib/python3.12/site-packages /usr/bin/python3 -W ignore:setup.py install is deprecated -W ignore:easy_install command is deprecated setup.py egg_info --egg-base ../../build/my_first_pkg build --build-base /home/luscifer/ros2_ws/build/my_first_pkg/build install --record /home/luscifer/ros2_ws/build/my_first_pkg/install.log --single-version-externally-managed install_data
[6.789s] Level 1:colcon.colcon_core.environment:checking '/home/luscifer/ros2_ws/install/my_first_pkg' for CMake module files
[6.793s] Level 1:colcon.colcon_core.environment:checking '/home/luscifer/ros2_ws/install/my_first_pkg' for CMake config files
[6.795s] DEBUG:colcon.colcon_core.event_handler.log_command:Invoked command in '/home/luscifer/ros2_ws/src/my_first_pkg' returned '0': DEBUGINFOD_URLS=https://debuginfod.ubuntu.com PYTHONPATH=/home/luscifer/ros2_ws/build/my_first_pkg/prefix_override:/usr/lib/python3/dist-packages/colcon_core/task/python/colcon_distutils_commands:/home/luscifer/ros2_ws/install/my_first_pkg/lib/python3.12/site-packages:/home/luscifer/ros2_ws/install/my_first_pkg_interfaces/lib/python3.12/site-packages:/home/luscifer/ros2_ws/install/my_first_pkg/lib/python3.12/site-packages:/opt/ros/jazzy/lib/python3.12/site-packages /usr/bin/python3 -W ignore:setup.py install is deprecated -W ignore:easy_install command is deprecated setup.py egg_info --egg-base ../../build/my_first_pkg build --build-base /home/luscifer/ros2_ws/build/my_first_pkg/build install --record /home/luscifer/ros2_ws/build/my_first_pkg/install.log --single-version-externally-managed install_data
[6.796s] Level 1:colcon.colcon_core.environment:checking '/home/luscifer/ros2_ws/install/my_first_pkg/lib'
[6.796s] Level 1:colcon.colcon_core.environment:checking '/home/luscifer/ros2_ws/install/my_first_pkg/bin'
[6.796s] Level 1:colcon.colcon_core.environment:checking '/home/luscifer/ros2_ws/install/my_first_pkg/lib/pkgconfig/my_first_pkg.pc'
[6.797s] Level 1:colcon.colcon_core.environment:checking '/home/luscifer/ros2_ws/install/my_first_pkg/lib/python3.12/site-packages'
[6.798s] Level 1:colcon.colcon_core.shell:create_environment_hook('my_first_pkg', 'pythonpath')
[6.798s] INFO:colcon.colcon_core.shell:Creating environment hook '/home/luscifer/ros2_ws/install/my_first_pkg/share/my_first_pkg/hook/pythonpath.ps1'
[6.801s] INFO:colcon.colcon_core.shell:Creating environment descriptor '/home/luscifer/ros2_ws/install/my_first_pkg/share/my_first_pkg/hook/pythonpath.dsv'
[6.803s] INFO:colcon.colcon_core.shell:Creating environment hook '/home/luscifer/ros2_ws/install/my_first_pkg/share/my_first_pkg/hook/pythonpath.sh'
[6.806s] Level 1:colcon.colcon_core.environment:checking '/home/luscifer/ros2_ws/install/my_first_pkg/bin'
[6.806s] Level 1:colcon.colcon_core.environment:create_environment_scripts_only(my_first_pkg)
[6.806s] INFO:colcon.colcon_core.shell:Creating package script '/home/luscifer/ros2_ws/install/my_first_pkg/share/my_first_pkg/package.ps1'
[6.810s] INFO:colcon.colcon_core.shell:Creating package descriptor '/home/luscifer/ros2_ws/install/my_first_pkg/share/my_first_pkg/package.dsv'
[6.814s] INFO:colcon.colcon_core.shell:Creating package script '/home/luscifer/ros2_ws/install/my_first_pkg/share/my_first_pkg/package.sh'
[6.817s] INFO:colcon.colcon_core.shell:Creating package script '/home/luscifer/ros2_ws/install/my_first_pkg/share/my_first_pkg/package.bash'
[6.819s] INFO:colcon.colcon_core.shell:Creating package script '/home/luscifer/ros2_ws/install/my_first_pkg/share/my_first_pkg/package.zsh'
[6.821s] Level 1:colcon.colcon_core.environment:create_file_with_runtime_dependencies(/home/luscifer/ros2_ws/install/my_first_pkg/share/colcon-core/packages/my_first_pkg)
[6.823s] DEBUG:colcon.colcon_parallel_executor.executor.parallel:closing loop
[6.823s] DEBUG:colcon.colcon_parallel_executor.executor.parallel:loop closed
[6.824s] DEBUG:colcon.colcon_parallel_executor.executor.parallel:run_until_complete finished with '0'
[6.824s] DEBUG:colcon.colcon_core.event_reactor:joining thread
[6.873s] INFO:colcon.colcon_core.plugin_system:Skipping extension 'colcon_notification.desktop_notification.terminal_notifier': Not used on non-Darwin systems
[6.874s] INFO:colcon.colcon_core.plugin_system:Skipping extension 'colcon_notification.desktop_notification.win32': Not used on non-Windows systems
[6.874s] INFO:colcon.colcon_notification.desktop_notification:Sending desktop notification using 'notify2'
[6.922s] DEBUG:colcon.colcon_core.event_reactor:joined thread
[6.923s] INFO:colcon.colcon_core.shell:Creating prefix script '/home/luscifer/ros2_ws/install/local_setup.ps1'
[6.926s] INFO:colcon.colcon_core.shell:Creating prefix util module '/home/luscifer/ros2_ws/install/_local_setup_util_ps1.py'
[6.931s] INFO:colcon.colcon_core.shell:Creating prefix chain script '/home/luscifer/ros2_ws/install/setup.ps1'
[6.935s] INFO:colcon.colcon_core.shell:Creating prefix script '/home/luscifer/ros2_ws/install/local_setup.sh'
[6.938s] INFO:colcon.colcon_core.shell:Creating prefix util module '/home/luscifer/ros2_ws/install/_local_setup_util_sh.py'
[6.941s] INFO:colcon.colcon_core.shell:Creating prefix chain script '/home/luscifer/ros2_ws/install/setup.sh'
[6.945s] INFO:colcon.colcon_core.shell:Creating prefix script '/home/luscifer/ros2_ws/install/local_setup.bash'
[6.948s] INFO:colcon.colcon_core.shell:Creating prefix chain script '/home/luscifer/ros2_ws/install/setup.bash'
[6.951s] INFO:colcon.colcon_core.shell:Creating prefix script '/home/luscifer/ros2_ws/install/local_setup.zsh'
[6.956s] INFO:colcon.colcon_core.shell:Creating prefix chain script '/home/luscifer/ros2_ws/install/setup.zsh'
