/home/luscifer/ros2_ws/install/my_first_pkg/lib/python3.12/site-packages/my_first_pkg/my_service_server.py
/home/luscifer/ros2_ws/install/my_first_pkg/lib/python3.12/site-packages/my_first_pkg/__init__.py
/home/luscifer/ros2_ws/install/my_first_pkg/lib/python3.12/site-packages/my_first_pkg/my_service_client.py
/home/luscifer/ros2_ws/install/my_first_pkg/lib/python3.12/site-packages/my_first_pkg/my_subscriber.py
/home/luscifer/ros2_ws/install/my_first_pkg/lib/python3.12/site-packages/my_first_pkg/my_node.py
/home/luscifer/ros2_ws/install/my_first_pkg/lib/python3.12/site-packages/my_first_pkg/my_params.py
/home/luscifer/ros2_ws/install/my_first_pkg/lib/python3.12/site-packages/my_first_pkg/__pycache__/my_service_server.cpython-312.pyc
/home/luscifer/ros2_ws/install/my_first_pkg/lib/python3.12/site-packages/my_first_pkg/__pycache__/__init__.cpython-312.pyc
/home/luscifer/ros2_ws/install/my_first_pkg/lib/python3.12/site-packages/my_first_pkg/__pycache__/my_service_client.cpython-312.pyc
/home/luscifer/ros2_ws/install/my_first_pkg/lib/python3.12/site-packages/my_first_pkg/__pycache__/my_subscriber.cpython-312.pyc
/home/luscifer/ros2_ws/install/my_first_pkg/lib/python3.12/site-packages/my_first_pkg/__pycache__/my_node.cpython-312.pyc
/home/luscifer/ros2_ws/install/my_first_pkg/lib/python3.12/site-packages/my_first_pkg/__pycache__/my_params.cpython-312.pyc
/home/luscifer/ros2_ws/install/my_first_pkg/share/ament_index/resource_index/packages/my_first_pkg
/home/luscifer/ros2_ws/install/my_first_pkg/share/my_first_pkg/package.xml
/home/luscifer/ros2_ws/install/my_first_pkg/lib/python3.12/site-packages/my_first_pkg-0.0.0-py3.12.egg-info/zip-safe
/home/luscifer/ros2_ws/install/my_first_pkg/lib/python3.12/site-packages/my_first_pkg-0.0.0-py3.12.egg-info/PKG-INFO
/home/luscifer/ros2_ws/install/my_first_pkg/lib/python3.12/site-packages/my_first_pkg-0.0.0-py3.12.egg-info/dependency_links.txt
/home/luscifer/ros2_ws/install/my_first_pkg/lib/python3.12/site-packages/my_first_pkg-0.0.0-py3.12.egg-info/SOURCES.txt
/home/luscifer/ros2_ws/install/my_first_pkg/lib/python3.12/site-packages/my_first_pkg-0.0.0-py3.12.egg-info/entry_points.txt
/home/luscifer/ros2_ws/install/my_first_pkg/lib/python3.12/site-packages/my_first_pkg-0.0.0-py3.12.egg-info/requires.txt
/home/luscifer/ros2_ws/install/my_first_pkg/lib/python3.12/site-packages/my_first_pkg-0.0.0-py3.12.egg-info/top_level.txt
/home/luscifer/ros2_ws/install/my_first_pkg/lib/my_first_pkg/my_node
/home/luscifer/ros2_ws/install/my_first_pkg/lib/my_first_pkg/my_params
/home/luscifer/ros2_ws/install/my_first_pkg/lib/my_first_pkg/my_service_client
/home/luscifer/ros2_ws/install/my_first_pkg/lib/my_first_pkg/my_service_server
/home/luscifer/ros2_ws/install/my_first_pkg/lib/my_first_pkg/my_sub
