running egg_info
creating ../../build/my_first_pkg/my_first_pkg.egg-info
writing ../../build/my_first_pkg/my_first_pkg.egg-info/PKG-INFO
writing dependency_links to ../../build/my_first_pkg/my_first_pkg.egg-info/dependency_links.txt
writing entry points to ../../build/my_first_pkg/my_first_pkg.egg-info/entry_points.txt
writing requirements to ../../build/my_first_pkg/my_first_pkg.egg-info/requires.txt
writing top-level names to ../../build/my_first_pkg/my_first_pkg.egg-info/top_level.txt
writing manifest file '../../build/my_first_pkg/my_first_pkg.egg-info/SOURCES.txt'
reading manifest file '../../build/my_first_pkg/my_first_pkg.egg-info/SOURCES.txt'
writing manifest file '../../build/my_first_pkg/my_first_pkg.egg-info/SOURCES.txt'
running build
running build_py
creating /home/luscifer/ros2_ws/build/my_first_pkg/build
creating /home/luscifer/ros2_ws/build/my_first_pkg/build/lib
creating /home/luscifer/ros2_ws/build/my_first_pkg/build/lib/my_first_pkg
copying my_first_pkg/__init__.py -> /home/luscifer/ros2_ws/build/my_first_pkg/build/lib/my_first_pkg
copying my_first_pkg/my_subscriber.py -> /home/luscifer/ros2_ws/build/my_first_pkg/build/lib/my_first_pkg
copying my_first_pkg/my_node.py -> /home/luscifer/ros2_ws/build/my_first_pkg/build/lib/my_first_pkg
running install
running install_lib
creating /home/luscifer/ros2_ws/install/my_first_pkg/lib/python3.12/site-packages/my_first_pkg
copying /home/luscifer/ros2_ws/build/my_first_pkg/build/lib/my_first_pkg/__init__.py -> /home/luscifer/ros2_ws/install/my_first_pkg/lib/python3.12/site-packages/my_first_pkg
copying /home/luscifer/ros2_ws/build/my_first_pkg/build/lib/my_first_pkg/my_subscriber.py -> /home/luscifer/ros2_ws/install/my_first_pkg/lib/python3.12/site-packages/my_first_pkg
copying /home/luscifer/ros2_ws/build/my_first_pkg/build/lib/my_first_pkg/my_node.py -> /home/luscifer/ros2_ws/install/my_first_pkg/lib/python3.12/site-packages/my_first_pkg
byte-compiling /home/luscifer/ros2_ws/install/my_first_pkg/lib/python3.12/site-packages/my_first_pkg/__init__.py to __init__.cpython-312.pyc
byte-compiling /home/luscifer/ros2_ws/install/my_first_pkg/lib/python3.12/site-packages/my_first_pkg/my_subscriber.py to my_subscriber.cpython-312.pyc
byte-compiling /home/luscifer/ros2_ws/install/my_first_pkg/lib/python3.12/site-packages/my_first_pkg/my_node.py to my_node.cpython-312.pyc
running install_data
creating /home/luscifer/ros2_ws/install/my_first_pkg/share/ament_index
creating /home/luscifer/ros2_ws/install/my_first_pkg/share/ament_index/resource_index
creating /home/luscifer/ros2_ws/install/my_first_pkg/share/ament_index/resource_index/packages
copying resource/my_first_pkg -> /home/luscifer/ros2_ws/install/my_first_pkg/share/ament_index/resource_index/packages
copying package.xml -> /home/luscifer/ros2_ws/install/my_first_pkg/share/my_first_pkg
running install_egg_info
Copying ../../build/my_first_pkg/my_first_pkg.egg-info to /home/luscifer/ros2_ws/install/my_first_pkg/lib/python3.12/site-packages/my_first_pkg-0.0.0-py3.12.egg-info
running install_scripts
Installing my_node script to /home/luscifer/ros2_ws/install/my_first_pkg/lib/my_first_pkg
Installing my_sub script to /home/luscifer/ros2_ws/install/my_first_pkg/lib/my_first_pkg
writing list of installed files to '/home/luscifer/ros2_ws/build/my_first_pkg/install.log'
