[2.126s] Invoking command in '/home/luscifer/ros2_ws/src/my_first_pkg': DEBUGINFOD_URLS=https://debuginfod.ubuntu.com PYTHONPATH=/home/luscifer/ros2_ws/build/my_first_pkg/prefix_override:/usr/lib/python3/dist-packages/colcon_core/task/python/colcon_distutils_commands:/home/luscifer/ros2_ws/install/my_first_pkg/lib/python3.12/site-packages:/home/luscifer/ros2_ws/install/my_first_pkg_interfaces/lib/python3.12/site-packages:/home/luscifer/ros2_ws/install/my_first_pkg/lib/python3.12/site-packages:/opt/ros/jazzy/lib/python3.12/site-packages /usr/bin/python3 -W ignore:setup.py install is deprecated -W ignore:easy_install command is deprecated setup.py egg_info --egg-base ../../build/my_first_pkg build --build-base /home/luscifer/ros2_ws/build/my_first_pkg/build install --record /home/luscifer/ros2_ws/build/my_first_pkg/install.log --single-version-externally-managed install_data
[2.832s] running egg_info
[2.832s] creating ../../build/my_first_pkg/my_first_pkg.egg-info
[2.889s] writing ../../build/my_first_pkg/my_first_pkg.egg-info/PKG-INFO
[2.891s] writing dependency_links to ../../build/my_first_pkg/my_first_pkg.egg-info/dependency_links.txt
[2.891s] writing entry points to ../../build/my_first_pkg/my_first_pkg.egg-info/entry_points.txt
[2.891s] writing requirements to ../../build/my_first_pkg/my_first_pkg.egg-info/requires.txt
[2.891s] writing top-level names to ../../build/my_first_pkg/my_first_pkg.egg-info/top_level.txt
[2.891s] writing manifest file '../../build/my_first_pkg/my_first_pkg.egg-info/SOURCES.txt'
[2.990s] reading manifest file '../../build/my_first_pkg/my_first_pkg.egg-info/SOURCES.txt'
[2.991s] writing manifest file '../../build/my_first_pkg/my_first_pkg.egg-info/SOURCES.txt'
[2.992s] running build
[2.993s] running build_py
[2.993s] creating /home/luscifer/ros2_ws/build/my_first_pkg/build
[2.994s] creating /home/luscifer/ros2_ws/build/my_first_pkg/build/lib
[2.994s] creating /home/luscifer/ros2_ws/build/my_first_pkg/build/lib/my_first_pkg
[2.994s] copying my_first_pkg/__init__.py -> /home/luscifer/ros2_ws/build/my_first_pkg/build/lib/my_first_pkg
[2.994s] copying my_first_pkg/my_subscriber.py -> /home/luscifer/ros2_ws/build/my_first_pkg/build/lib/my_first_pkg
[2.995s] copying my_first_pkg/my_node.py -> /home/luscifer/ros2_ws/build/my_first_pkg/build/lib/my_first_pkg
[2.997s] running install
[3.014s] running install_lib
[3.067s] creating /home/luscifer/ros2_ws/install/my_first_pkg/lib/python3.12/site-packages/my_first_pkg
[3.067s] copying /home/luscifer/ros2_ws/build/my_first_pkg/build/lib/my_first_pkg/__init__.py -> /home/luscifer/ros2_ws/install/my_first_pkg/lib/python3.12/site-packages/my_first_pkg
[3.068s] copying /home/luscifer/ros2_ws/build/my_first_pkg/build/lib/my_first_pkg/my_subscriber.py -> /home/luscifer/ros2_ws/install/my_first_pkg/lib/python3.12/site-packages/my_first_pkg
[3.069s] copying /home/luscifer/ros2_ws/build/my_first_pkg/build/lib/my_first_pkg/my_node.py -> /home/luscifer/ros2_ws/install/my_first_pkg/lib/python3.12/site-packages/my_first_pkg
[3.072s] byte-compiling /home/luscifer/ros2_ws/install/my_first_pkg/lib/python3.12/site-packages/my_first_pkg/__init__.py to __init__.cpython-312.pyc
[3.072s] byte-compiling /home/luscifer/ros2_ws/install/my_first_pkg/lib/python3.12/site-packages/my_first_pkg/my_subscriber.py to my_subscriber.cpython-312.pyc
[3.072s] byte-compiling /home/luscifer/ros2_ws/install/my_first_pkg/lib/python3.12/site-packages/my_first_pkg/my_node.py to my_node.cpython-312.pyc
[3.073s] running install_data
[3.074s] creating /home/luscifer/ros2_ws/install/my_first_pkg/share/ament_index
[3.074s] creating /home/luscifer/ros2_ws/install/my_first_pkg/share/ament_index/resource_index
[3.074s] creating /home/luscifer/ros2_ws/install/my_first_pkg/share/ament_index/resource_index/packages
[3.074s] copying resource/my_first_pkg -> /home/luscifer/ros2_ws/install/my_first_pkg/share/ament_index/resource_index/packages
[3.074s] copying package.xml -> /home/luscifer/ros2_ws/install/my_first_pkg/share/my_first_pkg
[3.075s] running install_egg_info
[3.130s] Copying ../../build/my_first_pkg/my_first_pkg.egg-info to /home/luscifer/ros2_ws/install/my_first_pkg/lib/python3.12/site-packages/my_first_pkg-0.0.0-py3.12.egg-info
[3.132s] running install_scripts
[3.479s] Installing my_node script to /home/luscifer/ros2_ws/install/my_first_pkg/lib/my_first_pkg
[3.480s] Installing my_sub script to /home/luscifer/ros2_ws/install/my_first_pkg/lib/my_first_pkg
[3.480s] writing list of installed files to '/home/luscifer/ros2_ws/build/my_first_pkg/install.log'
[3.558s] Invoked command in '/home/luscifer/ros2_ws/src/my_first_pkg' returned '0': DEBUGINFOD_URLS=https://debuginfod.ubuntu.com PYTHONPATH=/home/luscifer/ros2_ws/build/my_first_pkg/prefix_override:/usr/lib/python3/dist-packages/colcon_core/task/python/colcon_distutils_commands:/home/luscifer/ros2_ws/install/my_first_pkg/lib/python3.12/site-packages:/home/luscifer/ros2_ws/install/my_first_pkg_interfaces/lib/python3.12/site-packages:/home/luscifer/ros2_ws/install/my_first_pkg/lib/python3.12/site-packages:/opt/ros/jazzy/lib/python3.12/site-packages /usr/bin/python3 -W ignore:setup.py install is deprecated -W ignore:easy_install command is deprecated setup.py egg_info --egg-base ../../build/my_first_pkg build --build-base /home/luscifer/ros2_ws/build/my_first_pkg/build install --record /home/luscifer/ros2_ws/build/my_first_pkg/install.log --single-version-externally-managed install_data
