[2.028s] Invoking command in '/home/luscifer/ros2_ws/src/my_first_pkg': DEBUGINFOD_URLS=https://debuginfod.ubuntu.com PYTHONPATH=/home/luscifer/ros2_ws/build/my_first_pkg/prefix_override:/usr/lib/python3/dist-packages/colcon_core/task/python/colcon_distutils_commands:/home/luscifer/ros2_ws/install/my_first_pkg/lib/python3.12/site-packages:/home/luscifer/ros2_ws/install/my_first_pkg_interfaces/lib/python3.12/site-packages:/home/luscifer/ros2_ws/install/my_first_pkg/lib/python3.12/site-packages:/opt/ros/jazzy/lib/python3.12/site-packages /usr/bin/python3 -W ignore:setup.py install is deprecated -W ignore:easy_install command is deprecated setup.py egg_info --egg-base ../../build/my_first_pkg build --build-base /home/luscifer/ros2_ws/build/my_first_pkg/build install --record /home/luscifer/ros2_ws/build/my_first_pkg/install.log --single-version-externally-managed install_data
[2.504s] running egg_info
[2.553s] writing ../../build/my_first_pkg/my_first_pkg.egg-info/PKG-INFO
[2.554s] writing dependency_links to ../../build/my_first_pkg/my_first_pkg.egg-info/dependency_links.txt
[2.554s] writing entry points to ../../build/my_first_pkg/my_first_pkg.egg-info/entry_points.txt
[2.557s] writing requirements to ../../build/my_first_pkg/my_first_pkg.egg-info/requires.txt
[2.557s] writing top-level names to ../../build/my_first_pkg/my_first_pkg.egg-info/top_level.txt
[2.654s] reading manifest file '../../build/my_first_pkg/my_first_pkg.egg-info/SOURCES.txt'
[2.656s] writing manifest file '../../build/my_first_pkg/my_first_pkg.egg-info/SOURCES.txt'
[2.658s] running build
[2.658s] running build_py
[2.658s] copying my_first_pkg/my_params.py -> /home/luscifer/ros2_ws/build/my_first_pkg/build/lib/my_first_pkg
[2.659s] running install
[2.671s] running install_lib
[2.719s] copying /home/luscifer/ros2_ws/build/my_first_pkg/build/lib/my_first_pkg/my_params.py -> /home/luscifer/ros2_ws/install/my_first_pkg/lib/python3.12/site-packages/my_first_pkg
[2.722s] byte-compiling /home/luscifer/ros2_ws/install/my_first_pkg/lib/python3.12/site-packages/my_first_pkg/my_params.py to my_params.cpython-312.pyc
[2.729s] running install_data
[2.729s] running install_egg_info
[2.781s] removing '/home/luscifer/ros2_ws/install/my_first_pkg/lib/python3.12/site-packages/my_first_pkg-0.0.0-py3.12.egg-info' (and everything under it)
[2.782s] Copying ../../build/my_first_pkg/my_first_pkg.egg-info to /home/luscifer/ros2_ws/install/my_first_pkg/lib/python3.12/site-packages/my_first_pkg-0.0.0-py3.12.egg-info
[2.784s] running install_scripts
[3.092s] Installing my_node script to /home/luscifer/ros2_ws/install/my_first_pkg/lib/my_first_pkg
[3.093s] Installing my_params script to /home/luscifer/ros2_ws/install/my_first_pkg/lib/my_first_pkg
[3.094s] Installing my_service_client script to /home/luscifer/ros2_ws/install/my_first_pkg/lib/my_first_pkg
[3.096s] Installing my_service_server script to /home/luscifer/ros2_ws/install/my_first_pkg/lib/my_first_pkg
[3.097s] Installing my_sub script to /home/luscifer/ros2_ws/install/my_first_pkg/lib/my_first_pkg
[3.099s] writing list of installed files to '/home/luscifer/ros2_ws/build/my_first_pkg/install.log'
[3.166s] Invoked command in '/home/luscifer/ros2_ws/src/my_first_pkg' returned '0': DEBUGINFOD_URLS=https://debuginfod.ubuntu.com PYTHONPATH=/home/luscifer/ros2_ws/build/my_first_pkg/prefix_override:/usr/lib/python3/dist-packages/colcon_core/task/python/colcon_distutils_commands:/home/luscifer/ros2_ws/install/my_first_pkg/lib/python3.12/site-packages:/home/luscifer/ros2_ws/install/my_first_pkg_interfaces/lib/python3.12/site-packages:/home/luscifer/ros2_ws/install/my_first_pkg/lib/python3.12/site-packages:/opt/ros/jazzy/lib/python3.12/site-packages /usr/bin/python3 -W ignore:setup.py install is deprecated -W ignore:easy_install command is deprecated setup.py egg_info --egg-base ../../build/my_first_pkg build --build-base /home/luscifer/ros2_ws/build/my_first_pkg/build install --record /home/luscifer/ros2_ws/build/my_first_pkg/install.log --single-version-externally-managed install_data
