[0.075s] Invoking command in '/home/luscifer/ros2_ws/build/my_first_pkg_interfaces': CMAKE_PREFIX_PATH=${CMAKE_PREFIX_PATH}:/home/luscifer/ros2_ws/install/my_first_pkg:/opt/ros/jazzy DEBUGINFOD_URLS=https://debuginfod.ubuntu.com /usr/bin/cmake --build /home/luscifer/ros2_ws/build/my_first_pkg_interfaces -- -j4 -l4
[0.449s] [  2%] Built target my_first_pkg_interfaces__rs
[0.456s] [  5%] Built target my_first_pkg_interfaces__rosidl_generator_type_description
[0.531s] [  5%] Built target ament_cmake_python_copy_my_first_pkg_interfaces
[0.604s] [  8%] Built target my_first_pkg_interfaces__cpp
[0.623s] [ 22%] Built target my_first_pkg_interfaces__rosidl_generator_c
[0.827s] [ 31%] Built target my_first_pkg_interfaces__rosidl_typesupport_introspection_cpp
[0.840s] [ 40%] Built target my_first_pkg_interfaces__rosidl_typesupport_fastrtps_cpp
[0.884s] [ 48%] Built target my_first_pkg_interfaces__rosidl_typesupport_cpp
[1.000s] [ 57%] Built target my_first_pkg_interfaces__rosidl_typesupport_fastrtps_c
[1.014s] [ 65%] Built target my_first_pkg_interfaces__rosidl_typesupport_introspection_c
[1.039s] [ 74%] Built target my_first_pkg_interfaces__rosidl_typesupport_c
[1.137s] [ 74%] Built target my_first_pkg_interfaces
[1.206s] [ 77%] Built target my_first_pkg_interfaces__py
[1.305s] [ 82%] Built target my_first_pkg_interfaces__rosidl_generator_py
[1.385s] [ 88%] Built target my_first_pkg_interfaces_s__rosidl_typesupport_fastrtps_c
[1.388s] [ 94%] Built target my_first_pkg_interfaces_s__rosidl_typesupport_introspection_c
[1.405s] [100%] Built target my_first_pkg_interfaces_s__rosidl_typesupport_c
[1.489s] running egg_info
[1.571s] writing my_first_pkg_interfaces.egg-info/PKG-INFO
[1.574s] writing dependency_links to my_first_pkg_interfaces.egg-info/dependency_links.txt
[1.576s] writing top-level names to my_first_pkg_interfaces.egg-info/top_level.txt
[1.858s] reading manifest file 'my_first_pkg_interfaces.egg-info/SOURCES.txt'
[1.866s] writing manifest file 'my_first_pkg_interfaces.egg-info/SOURCES.txt'
[2.023s] [100%] Built target ament_cmake_python_build_my_first_pkg_interfaces_egg
[2.102s] Invoked command in '/home/luscifer/ros2_ws/build/my_first_pkg_interfaces' returned '0': CMAKE_PREFIX_PATH=${CMAKE_PREFIX_PATH}:/home/luscifer/ros2_ws/install/my_first_pkg:/opt/ros/jazzy DEBUGINFOD_URLS=https://debuginfod.ubuntu.com /usr/bin/cmake --build /home/luscifer/ros2_ws/build/my_first_pkg_interfaces -- -j4 -l4
[2.177s] Invoking command in '/home/luscifer/ros2_ws/build/my_first_pkg_interfaces': CMAKE_PREFIX_PATH=${CMAKE_PREFIX_PATH}:/home/luscifer/ros2_ws/install/my_first_pkg:/opt/ros/jazzy DEBUGINFOD_URLS=https://debuginfod.ubuntu.com /usr/bin/cmake --install /home/luscifer/ros2_ws/build/my_first_pkg_interfaces
[2.243s] -- Install configuration: ""
[2.250s] -- Up-to-date: /home/luscifer/ros2_ws/install/my_first_pkg_interfaces/share/ament_index/resource_index/rosidl_interfaces/my_first_pkg_interfaces
[2.252s] -- Up-to-date: /home/luscifer/ros2_ws/install/my_first_pkg_interfaces/share/my_first_pkg_interfaces/msg/MyData.json
[2.252s] -- Up-to-date: /home/luscifer/ros2_ws/install/my_first_pkg_interfaces/include/my_first_pkg_interfaces/my_first_pkg_interfaces
[2.252s] -- Up-to-date: /home/luscifer/ros2_ws/install/my_first_pkg_interfaces/include/my_first_pkg_interfaces/my_first_pkg_interfaces/msg
[2.252s] -- Up-to-date: /home/luscifer/ros2_ws/install/my_first_pkg_interfaces/include/my_first_pkg_interfaces/my_first_pkg_interfaces/msg/detail
[2.253s] -- Up-to-date: /home/luscifer/ros2_ws/install/my_first_pkg_interfaces/include/my_first_pkg_interfaces/my_first_pkg_interfaces/msg/detail/my_data__functions.c
[2.253s] -- Up-to-date: /home/luscifer/ros2_ws/install/my_first_pkg_interfaces/include/my_first_pkg_interfaces/my_first_pkg_interfaces/msg/detail/my_data__functions.h
[2.253s] -- Up-to-date: /home/luscifer/ros2_ws/install/my_first_pkg_interfaces/include/my_first_pkg_interfaces/my_first_pkg_interfaces/msg/detail/my_data__type_support.h
[2.253s] -- Up-to-date: /home/luscifer/ros2_ws/install/my_first_pkg_interfaces/include/my_first_pkg_interfaces/my_first_pkg_interfaces/msg/detail/my_data__description.c
[2.253s] -- Up-to-date: /home/luscifer/ros2_ws/install/my_first_pkg_interfaces/include/my_first_pkg_interfaces/my_first_pkg_interfaces/msg/detail/my_data__type_support.c
[2.254s] -- Up-to-date: /home/luscifer/ros2_ws/install/my_first_pkg_interfaces/include/my_first_pkg_interfaces/my_first_pkg_interfaces/msg/detail/my_data__struct.h
[2.254s] -- Up-to-date: /home/luscifer/ros2_ws/install/my_first_pkg_interfaces/include/my_first_pkg_interfaces/my_first_pkg_interfaces/msg/rosidl_generator_c__visibility_control.h
[2.254s] -- Up-to-date: /home/luscifer/ros2_ws/install/my_first_pkg_interfaces/include/my_first_pkg_interfaces/my_first_pkg_interfaces/msg/my_data.h
[2.254s] -- Up-to-date: /home/luscifer/ros2_ws/install/my_first_pkg_interfaces/share/my_first_pkg_interfaces/environment/library_path.sh
[2.254s] -- Up-to-date: /home/luscifer/ros2_ws/install/my_first_pkg_interfaces/share/my_first_pkg_interfaces/environment/library_path.dsv
[2.256s] -- Up-to-date: /home/luscifer/ros2_ws/install/my_first_pkg_interfaces/lib/libmy_first_pkg_interfaces__rosidl_generator_c.so
[2.257s] -- Up-to-date: /home/luscifer/ros2_ws/install/my_first_pkg_interfaces/include/my_first_pkg_interfaces/my_first_pkg_interfaces
[2.259s] -- Up-to-date: /home/luscifer/ros2_ws/install/my_first_pkg_interfaces/include/my_first_pkg_interfaces/my_first_pkg_interfaces/msg
[2.259s] -- Up-to-date: /home/luscifer/ros2_ws/install/my_first_pkg_interfaces/include/my_first_pkg_interfaces/my_first_pkg_interfaces/msg/detail
[2.260s] -- Up-to-date: /home/luscifer/ros2_ws/install/my_first_pkg_interfaces/include/my_first_pkg_interfaces/my_first_pkg_interfaces/msg/detail/my_data__rosidl_typesupport_fastrtps_c.h
[2.262s] -- Up-to-date: /home/luscifer/ros2_ws/install/my_first_pkg_interfaces/include/my_first_pkg_interfaces/my_first_pkg_interfaces/msg/rosidl_typesupport_fastrtps_c__visibility_control.h
[2.263s] -- Up-to-date: /home/luscifer/ros2_ws/install/my_first_pkg_interfaces/lib/libmy_first_pkg_interfaces__rosidl_typesupport_fastrtps_c.so
[2.263s] -- Up-to-date: /home/luscifer/ros2_ws/install/my_first_pkg_interfaces/include/my_first_pkg_interfaces/my_first_pkg_interfaces
[2.266s] -- Up-to-date: /home/luscifer/ros2_ws/install/my_first_pkg_interfaces/include/my_first_pkg_interfaces/my_first_pkg_interfaces/msg
[2.267s] -- Up-to-date: /home/luscifer/ros2_ws/install/my_first_pkg_interfaces/include/my_first_pkg_interfaces/my_first_pkg_interfaces/msg/detail
[2.267s] -- Up-to-date: /home/luscifer/ros2_ws/install/my_first_pkg_interfaces/include/my_first_pkg_interfaces/my_first_pkg_interfaces/msg/detail/my_data__rosidl_typesupport_introspection_c.h
[2.268s] -- Up-to-date: /home/luscifer/ros2_ws/install/my_first_pkg_interfaces/include/my_first_pkg_interfaces/my_first_pkg_interfaces/msg/detail/my_data__type_support.c
[2.270s] -- Up-to-date: /home/luscifer/ros2_ws/install/my_first_pkg_interfaces/include/my_first_pkg_interfaces/my_first_pkg_interfaces/msg/rosidl_typesupport_introspection_c__visibility_control.h
[2.270s] -- Up-to-date: /home/luscifer/ros2_ws/install/my_first_pkg_interfaces/lib/libmy_first_pkg_interfaces__rosidl_typesupport_introspection_c.so
[2.271s] -- Up-to-date: /home/luscifer/ros2_ws/install/my_first_pkg_interfaces/lib/libmy_first_pkg_interfaces__rosidl_typesupport_c.so
[2.271s] -- Up-to-date: /home/luscifer/ros2_ws/install/my_first_pkg_interfaces/include/my_first_pkg_interfaces/my_first_pkg_interfaces
[2.272s] -- Up-to-date: /home/luscifer/ros2_ws/install/my_first_pkg_interfaces/include/my_first_pkg_interfaces/my_first_pkg_interfaces/msg
[2.272s] -- Up-to-date: /home/luscifer/ros2_ws/install/my_first_pkg_interfaces/include/my_first_pkg_interfaces/my_first_pkg_interfaces/msg/detail
[2.273s] -- Up-to-date: /home/luscifer/ros2_ws/install/my_first_pkg_interfaces/include/my_first_pkg_interfaces/my_first_pkg_interfaces/msg/detail/my_data__builder.hpp
[2.273s] -- Up-to-date: /home/luscifer/ros2_ws/install/my_first_pkg_interfaces/include/my_first_pkg_interfaces/my_first_pkg_interfaces/msg/detail/my_data__traits.hpp
[2.273s] -- Up-to-date: /home/luscifer/ros2_ws/install/my_first_pkg_interfaces/include/my_first_pkg_interfaces/my_first_pkg_interfaces/msg/detail/my_data__type_support.hpp
[2.275s] -- Up-to-date: /home/luscifer/ros2_ws/install/my_first_pkg_interfaces/include/my_first_pkg_interfaces/my_first_pkg_interfaces/msg/detail/my_data__struct.hpp
[2.275s] -- Up-to-date: /home/luscifer/ros2_ws/install/my_first_pkg_interfaces/include/my_first_pkg_interfaces/my_first_pkg_interfaces/msg/rosidl_generator_cpp__visibility_control.hpp
[2.275s] -- Up-to-date: /home/luscifer/ros2_ws/install/my_first_pkg_interfaces/include/my_first_pkg_interfaces/my_first_pkg_interfaces/msg/my_data.hpp
[2.275s] -- Up-to-date: /home/luscifer/ros2_ws/install/my_first_pkg_interfaces/include/my_first_pkg_interfaces/my_first_pkg_interfaces
[2.275s] -- Up-to-date: /home/luscifer/ros2_ws/install/my_first_pkg_interfaces/include/my_first_pkg_interfaces/my_first_pkg_interfaces/msg
[2.276s] -- Up-to-date: /home/luscifer/ros2_ws/install/my_first_pkg_interfaces/include/my_first_pkg_interfaces/my_first_pkg_interfaces/msg/rosidl_typesupport_fastrtps_cpp__visibility_control.h
[2.276s] -- Up-to-date: /home/luscifer/ros2_ws/install/my_first_pkg_interfaces/include/my_first_pkg_interfaces/my_first_pkg_interfaces/msg/detail
[2.276s] -- Up-to-date: /home/luscifer/ros2_ws/install/my_first_pkg_interfaces/include/my_first_pkg_interfaces/my_first_pkg_interfaces/msg/detail/dds_fastrtps
[2.276s] -- Up-to-date: /home/luscifer/ros2_ws/install/my_first_pkg_interfaces/include/my_first_pkg_interfaces/my_first_pkg_interfaces/msg/detail/my_data__rosidl_typesupport_fastrtps_cpp.hpp
[2.276s] -- Up-to-date: /home/luscifer/ros2_ws/install/my_first_pkg_interfaces/lib/libmy_first_pkg_interfaces__rosidl_typesupport_fastrtps_cpp.so
[2.280s] -- Up-to-date: /home/luscifer/ros2_ws/install/my_first_pkg_interfaces/include/my_first_pkg_interfaces/my_first_pkg_interfaces
[2.280s] -- Up-to-date: /home/luscifer/ros2_ws/install/my_first_pkg_interfaces/include/my_first_pkg_interfaces/my_first_pkg_interfaces/msg
[2.281s] -- Up-to-date: /home/luscifer/ros2_ws/install/my_first_pkg_interfaces/include/my_first_pkg_interfaces/my_first_pkg_interfaces/msg/detail
[2.281s] -- Up-to-date: /home/luscifer/ros2_ws/install/my_first_pkg_interfaces/include/my_first_pkg_interfaces/my_first_pkg_interfaces/msg/detail/my_data__rosidl_typesupport_introspection_cpp.hpp
[2.281s] -- Up-to-date: /home/luscifer/ros2_ws/install/my_first_pkg_interfaces/include/my_first_pkg_interfaces/my_first_pkg_interfaces/msg/detail/my_data__type_support.cpp
[2.281s] -- Up-to-date: /home/luscifer/ros2_ws/install/my_first_pkg_interfaces/lib/libmy_first_pkg_interfaces__rosidl_typesupport_introspection_cpp.so
[2.282s] -- Up-to-date: /home/luscifer/ros2_ws/install/my_first_pkg_interfaces/lib/libmy_first_pkg_interfaces__rosidl_typesupport_cpp.so
[2.282s] -- Up-to-date: /home/luscifer/ros2_ws/install/my_first_pkg_interfaces/share/my_first_pkg_interfaces/environment/pythonpath.sh
[2.282s] -- Up-to-date: /home/luscifer/ros2_ws/install/my_first_pkg_interfaces/share/my_first_pkg_interfaces/environment/pythonpath.dsv
[2.283s] -- Up-to-date: /home/luscifer/ros2_ws/install/my_first_pkg_interfaces/lib/python3.12/site-packages/my_first_pkg_interfaces-0.0.0-py3.12.egg-info
[2.283s] -- Installing: /home/luscifer/ros2_ws/install/my_first_pkg_interfaces/lib/python3.12/site-packages/my_first_pkg_interfaces-0.0.0-py3.12.egg-info/PKG-INFO
[2.283s] -- Installing: /home/luscifer/ros2_ws/install/my_first_pkg_interfaces/lib/python3.12/site-packages/my_first_pkg_interfaces-0.0.0-py3.12.egg-info/dependency_links.txt
[2.283s] -- Installing: /home/luscifer/ros2_ws/install/my_first_pkg_interfaces/lib/python3.12/site-packages/my_first_pkg_interfaces-0.0.0-py3.12.egg-info/SOURCES.txt
[2.283s] -- Installing: /home/luscifer/ros2_ws/install/my_first_pkg_interfaces/lib/python3.12/site-packages/my_first_pkg_interfaces-0.0.0-py3.12.egg-info/top_level.txt
[2.283s] -- Up-to-date: /home/luscifer/ros2_ws/install/my_first_pkg_interfaces/lib/python3.12/site-packages/my_first_pkg_interfaces
[2.283s] -- Up-to-date: /home/luscifer/ros2_ws/install/my_first_pkg_interfaces/lib/python3.12/site-packages/my_first_pkg_interfaces/__init__.py
[2.284s] -- Up-to-date: /home/luscifer/ros2_ws/install/my_first_pkg_interfaces/lib/python3.12/site-packages/my_first_pkg_interfaces/_my_first_pkg_interfaces_s.ep.rosidl_typesupport_c.c
[2.284s] -- Up-to-date: /home/luscifer/ros2_ws/install/my_first_pkg_interfaces/lib/python3.12/site-packages/my_first_pkg_interfaces/msg
[2.284s] -- Up-to-date: /home/luscifer/ros2_ws/install/my_first_pkg_interfaces/lib/python3.12/site-packages/my_first_pkg_interfaces/msg/__init__.py
[2.284s] -- Up-to-date: /home/luscifer/ros2_ws/install/my_first_pkg_interfaces/lib/python3.12/site-packages/my_first_pkg_interfaces/msg/_my_data_s.c
[2.284s] -- Up-to-date: /home/luscifer/ros2_ws/install/my_first_pkg_interfaces/lib/python3.12/site-packages/my_first_pkg_interfaces/msg/_my_data.py
[2.284s] -- Up-to-date: /home/luscifer/ros2_ws/install/my_first_pkg_interfaces/lib/python3.12/site-packages/my_first_pkg_interfaces/_my_first_pkg_interfaces_s.ep.rosidl_typesupport_fastrtps_c.c
[2.285s] -- Up-to-date: /home/luscifer/ros2_ws/install/my_first_pkg_interfaces/lib/python3.12/site-packages/my_first_pkg_interfaces/my_first_pkg_interfaces_s__rosidl_typesupport_c.so
[2.285s] -- Up-to-date: /home/luscifer/ros2_ws/install/my_first_pkg_interfaces/lib/python3.12/site-packages/my_first_pkg_interfaces/my_first_pkg_interfaces_s__rosidl_typesupport_fastrtps_c.so
[2.285s] -- Up-to-date: /home/luscifer/ros2_ws/install/my_first_pkg_interfaces/lib/python3.12/site-packages/my_first_pkg_interfaces/my_first_pkg_interfaces_s__rosidl_typesupport_introspection_c.so
[2.285s] -- Up-to-date: /home/luscifer/ros2_ws/install/my_first_pkg_interfaces/lib/python3.12/site-packages/my_first_pkg_interfaces/_my_first_pkg_interfaces_s.ep.rosidl_typesupport_introspection_c.c
[2.437s] Listing '/home/luscifer/ros2_ws/install/my_first_pkg_interfaces/lib/python3.12/site-packages/my_first_pkg_interfaces'...
[2.438s] Listing '/home/luscifer/ros2_ws/install/my_first_pkg_interfaces/lib/python3.12/site-packages/my_first_pkg_interfaces/msg'...
[2.459s] -- Up-to-date: /home/luscifer/ros2_ws/install/my_first_pkg_interfaces/lib/python3.12/site-packages/my_first_pkg_interfaces/my_first_pkg_interfaces_s__rosidl_typesupport_fastrtps_c.so
[2.470s] -- Up-to-date: /home/luscifer/ros2_ws/install/my_first_pkg_interfaces/lib/python3.12/site-packages/my_first_pkg_interfaces/my_first_pkg_interfaces_s__rosidl_typesupport_introspection_c.so
[2.480s] -- Up-to-date: /home/luscifer/ros2_ws/install/my_first_pkg_interfaces/lib/python3.12/site-packages/my_first_pkg_interfaces/my_first_pkg_interfaces_s__rosidl_typesupport_c.so
[2.482s] -- Up-to-date: /home/luscifer/ros2_ws/install/my_first_pkg_interfaces/lib/libmy_first_pkg_interfaces__rosidl_generator_py.so
[2.483s] -- Up-to-date: /home/luscifer/ros2_ws/install/my_first_pkg_interfaces/share/ament_index/resource_index/rust_packages/my_first_pkg_interfaces
[2.483s] -- Up-to-date: /home/luscifer/ros2_ws/install/my_first_pkg_interfaces/share/my_first_pkg_interfaces/rust
[2.483s] -- Up-to-date: /home/luscifer/ros2_ws/install/my_first_pkg_interfaces/share/my_first_pkg_interfaces/rust/src
[2.484s] -- Up-to-date: /home/luscifer/ros2_ws/install/my_first_pkg_interfaces/share/my_first_pkg_interfaces/rust/src/msg
[2.487s] -- Up-to-date: /home/luscifer/ros2_ws/install/my_first_pkg_interfaces/share/my_first_pkg_interfaces/rust/src/msg/rmw.rs
[2.488s] -- Up-to-date: /home/luscifer/ros2_ws/install/my_first_pkg_interfaces/share/my_first_pkg_interfaces/rust/src/msg.rs
[2.492s] -- Up-to-date: /home/luscifer/ros2_ws/install/my_first_pkg_interfaces/share/my_first_pkg_interfaces/rust/src/lib.rs
[2.493s] -- Up-to-date: /home/luscifer/ros2_ws/install/my_first_pkg_interfaces/share/my_first_pkg_interfaces/rust/build.rs
[2.493s] -- Up-to-date: /home/luscifer/ros2_ws/install/my_first_pkg_interfaces/share/my_first_pkg_interfaces/rust/Cargo.toml
[2.493s] -- Up-to-date: /home/luscifer/ros2_ws/install/my_first_pkg_interfaces/share/my_first_pkg_interfaces/msg/MyData.idl
[2.493s] -- Up-to-date: /home/luscifer/ros2_ws/install/my_first_pkg_interfaces/share/my_first_pkg_interfaces/msg/MyData.msg
[2.493s] -- Up-to-date: /home/luscifer/ros2_ws/install/my_first_pkg_interfaces/share/ament_index/resource_index/package_run_dependencies/my_first_pkg_interfaces
[2.494s] -- Up-to-date: /home/luscifer/ros2_ws/install/my_first_pkg_interfaces/share/ament_index/resource_index/parent_prefix_path/my_first_pkg_interfaces
[2.494s] -- Up-to-date: /home/luscifer/ros2_ws/install/my_first_pkg_interfaces/share/my_first_pkg_interfaces/environment/ament_prefix_path.sh
[2.502s] -- Up-to-date: /home/luscifer/ros2_ws/install/my_first_pkg_interfaces/share/my_first_pkg_interfaces/environment/ament_prefix_path.dsv
[2.504s] -- Up-to-date: /home/luscifer/ros2_ws/install/my_first_pkg_interfaces/share/my_first_pkg_interfaces/environment/path.sh
[2.505s] -- Up-to-date: /home/luscifer/ros2_ws/install/my_first_pkg_interfaces/share/my_first_pkg_interfaces/environment/path.dsv
[2.505s] -- Up-to-date: /home/luscifer/ros2_ws/install/my_first_pkg_interfaces/share/my_first_pkg_interfaces/local_setup.bash
[2.507s] -- Up-to-date: /home/luscifer/ros2_ws/install/my_first_pkg_interfaces/share/my_first_pkg_interfaces/local_setup.sh
[2.508s] -- Up-to-date: /home/luscifer/ros2_ws/install/my_first_pkg_interfaces/share/my_first_pkg_interfaces/local_setup.zsh
[2.508s] -- Up-to-date: /home/luscifer/ros2_ws/install/my_first_pkg_interfaces/share/my_first_pkg_interfaces/local_setup.dsv
[2.508s] -- Installing: /home/luscifer/ros2_ws/install/my_first_pkg_interfaces/share/my_first_pkg_interfaces/package.dsv
[2.510s] -- Up-to-date: /home/luscifer/ros2_ws/install/my_first_pkg_interfaces/share/ament_index/resource_index/packages/my_first_pkg_interfaces
[2.510s] -- Up-to-date: /home/luscifer/ros2_ws/install/my_first_pkg_interfaces/share/my_first_pkg_interfaces/cmake/export_my_first_pkg_interfaces__rosidl_generator_cExport.cmake
[2.511s] -- Up-to-date: /home/luscifer/ros2_ws/install/my_first_pkg_interfaces/share/my_first_pkg_interfaces/cmake/export_my_first_pkg_interfaces__rosidl_generator_cExport-noconfig.cmake
[2.512s] -- Up-to-date: /home/luscifer/ros2_ws/install/my_first_pkg_interfaces/share/my_first_pkg_interfaces/cmake/export_my_first_pkg_interfaces__rosidl_typesupport_fastrtps_cExport.cmake
[2.513s] -- Up-to-date: /home/luscifer/ros2_ws/install/my_first_pkg_interfaces/share/my_first_pkg_interfaces/cmake/export_my_first_pkg_interfaces__rosidl_typesupport_fastrtps_cExport-noconfig.cmake
[2.513s] -- Up-to-date: /home/luscifer/ros2_ws/install/my_first_pkg_interfaces/share/my_first_pkg_interfaces/cmake/my_first_pkg_interfaces__rosidl_typesupport_introspection_cExport.cmake
[2.514s] -- Up-to-date: /home/luscifer/ros2_ws/install/my_first_pkg_interfaces/share/my_first_pkg_interfaces/cmake/my_first_pkg_interfaces__rosidl_typesupport_introspection_cExport-noconfig.cmake
[2.514s] -- Up-to-date: /home/luscifer/ros2_ws/install/my_first_pkg_interfaces/share/my_first_pkg_interfaces/cmake/my_first_pkg_interfaces__rosidl_typesupport_cExport.cmake
[2.515s] -- Up-to-date: /home/luscifer/ros2_ws/install/my_first_pkg_interfaces/share/my_first_pkg_interfaces/cmake/my_first_pkg_interfaces__rosidl_typesupport_cExport-noconfig.cmake
[2.515s] -- Up-to-date: /home/luscifer/ros2_ws/install/my_first_pkg_interfaces/share/my_first_pkg_interfaces/cmake/export_my_first_pkg_interfaces__rosidl_generator_cppExport.cmake
[2.515s] -- Up-to-date: /home/luscifer/ros2_ws/install/my_first_pkg_interfaces/share/my_first_pkg_interfaces/cmake/export_my_first_pkg_interfaces__rosidl_typesupport_fastrtps_cppExport.cmake
[2.516s] -- Up-to-date: /home/luscifer/ros2_ws/install/my_first_pkg_interfaces/share/my_first_pkg_interfaces/cmake/export_my_first_pkg_interfaces__rosidl_typesupport_fastrtps_cppExport-noconfig.cmake
[2.525s] -- Up-to-date: /home/luscifer/ros2_ws/install/my_first_pkg_interfaces/share/my_first_pkg_interfaces/cmake/my_first_pkg_interfaces__rosidl_typesupport_introspection_cppExport.cmake
[2.525s] -- Up-to-date: /home/luscifer/ros2_ws/install/my_first_pkg_interfaces/share/my_first_pkg_interfaces/cmake/my_first_pkg_interfaces__rosidl_typesupport_introspection_cppExport-noconfig.cmake
[2.526s] -- Up-to-date: /home/luscifer/ros2_ws/install/my_first_pkg_interfaces/share/my_first_pkg_interfaces/cmake/my_first_pkg_interfaces__rosidl_typesupport_cppExport.cmake
[2.528s] -- Up-to-date: /home/luscifer/ros2_ws/install/my_first_pkg_interfaces/share/my_first_pkg_interfaces/cmake/my_first_pkg_interfaces__rosidl_typesupport_cppExport-noconfig.cmake
[2.580s] -- Up-to-date: /home/luscifer/ros2_ws/install/my_first_pkg_interfaces/share/my_first_pkg_interfaces/cmake/export_my_first_pkg_interfaces__rosidl_generator_pyExport.cmake
[2.580s] -- Up-to-date: /home/luscifer/ros2_ws/install/my_first_pkg_interfaces/share/my_first_pkg_interfaces/cmake/export_my_first_pkg_interfaces__rosidl_generator_pyExport-noconfig.cmake
[2.580s] -- Up-to-date: /home/luscifer/ros2_ws/install/my_first_pkg_interfaces/share/my_first_pkg_interfaces/cmake/rosidl_cmake-extras.cmake
[2.581s] -- Up-to-date: /home/luscifer/ros2_ws/install/my_first_pkg_interfaces/share/my_first_pkg_interfaces/cmake/ament_cmake_export_include_directories-extras.cmake
[2.581s] -- Up-to-date: /home/luscifer/ros2_ws/install/my_first_pkg_interfaces/share/my_first_pkg_interfaces/cmake/ament_cmake_export_libraries-extras.cmake
[2.585s] -- Up-to-date: /home/luscifer/ros2_ws/install/my_first_pkg_interfaces/share/my_first_pkg_interfaces/cmake/ament_cmake_export_targets-extras.cmake
[2.585s] -- Up-to-date: /home/luscifer/ros2_ws/install/my_first_pkg_interfaces/share/my_first_pkg_interfaces/cmake/rosidl_cmake_export_typesupport_targets-extras.cmake
[2.585s] -- Up-to-date: /home/luscifer/ros2_ws/install/my_first_pkg_interfaces/share/my_first_pkg_interfaces/cmake/ament_cmake_export_dependencies-extras.cmake
[2.586s] -- Up-to-date: /home/luscifer/ros2_ws/install/my_first_pkg_interfaces/share/my_first_pkg_interfaces/cmake/rosidl_cmake_export_typesupport_libraries-extras.cmake
[2.587s] -- Up-to-date: /home/luscifer/ros2_ws/install/my_first_pkg_interfaces/share/my_first_pkg_interfaces/cmake/my_first_pkg_interfacesConfig.cmake
[2.587s] -- Up-to-date: /home/luscifer/ros2_ws/install/my_first_pkg_interfaces/share/my_first_pkg_interfaces/cmake/my_first_pkg_interfacesConfig-version.cmake
[2.587s] -- Up-to-date: /home/luscifer/ros2_ws/install/my_first_pkg_interfaces/share/my_first_pkg_interfaces/package.xml
[2.603s] Invoked command in '/home/luscifer/ros2_ws/build/my_first_pkg_interfaces' returned '0': CMAKE_PREFIX_PATH=${CMAKE_PREFIX_PATH}:/home/luscifer/ros2_ws/install/my_first_pkg:/opt/ros/jazzy DEBUGINFOD_URLS=https://debuginfod.ubuntu.com /usr/bin/cmake --install /home/luscifer/ros2_ws/build/my_first_pkg_interfaces
