[0.047s] Invoking command in '/home/luscifer/ros2_ws/build/my_first_pkg_interfaces': CMAKE_PREFIX_PATH=${CMAKE_PREFIX_PATH}:/home/luscifer/ros2_ws/install/my_first_pkg:/opt/ros/jazzy DEBUGINFOD_URLS=https://debuginfod.ubuntu.com /usr/bin/cmake --build /home/luscifer/ros2_ws/build/my_first_pkg_interfaces -- -j4 -l4
[0.275s] [  2%] Built target my_first_pkg_interfaces__rosidl_generator_type_description
[0.278s] [  5%] Built target my_first_pkg_interfaces__rs
[0.316s] [  5%] Built target ament_cmake_python_copy_my_first_pkg_interfaces
[0.411s] [ 20%] Built target my_first_pkg_interfaces__rosidl_generator_c
[0.424s] [ 22%] Built target my_first_pkg_interfaces__cpp
[0.586s] [ 31%] Built target my_first_pkg_interfaces__rosidl_typesupport_introspection_c
[0.591s] [ 40%] Built target my_first_pkg_interfaces__rosidl_typesupport_c
[0.603s] [ 48%] Built target my_first_pkg_interfaces__rosidl_typesupport_fastrtps_c
[0.740s] [ 57%] Built target my_first_pkg_interfaces__rosidl_typesupport_cpp
[0.760s] [ 65%] Built target my_first_pkg_interfaces__rosidl_typesupport_fastrtps_cpp
[0.777s] [ 74%] Built target my_first_pkg_interfaces__rosidl_typesupport_introspection_cpp
[0.891s] [ 74%] Built target my_first_pkg_interfaces
[1.023s] [ 77%] Built target my_first_pkg_interfaces__py
[1.152s] running egg_info
[1.186s] [ 82%] Built target my_first_pkg_interfaces__rosidl_generator_py
[1.234s] writing my_first_pkg_interfaces.egg-info/PKG-INFO
[1.235s] writing dependency_links to my_first_pkg_interfaces.egg-info/dependency_links.txt
[1.237s] writing top-level names to my_first_pkg_interfaces.egg-info/top_level.txt
[1.322s] [ 88%] Built target my_first_pkg_interfaces_s__rosidl_typesupport_introspection_c
[1.340s] [ 94%] Built target my_first_pkg_interfaces_s__rosidl_typesupport_c
[1.351s] [100%] Built target my_first_pkg_interfaces_s__rosidl_typesupport_fastrtps_c
[1.451s] reading manifest file 'my_first_pkg_interfaces.egg-info/SOURCES.txt'
[1.455s] writing manifest file 'my_first_pkg_interfaces.egg-info/SOURCES.txt'
[1.580s] [100%] Built target ament_cmake_python_build_my_first_pkg_interfaces_egg
[1.617s] Invoked command in '/home/luscifer/ros2_ws/build/my_first_pkg_interfaces' returned '0': CMAKE_PREFIX_PATH=${CMAKE_PREFIX_PATH}:/home/luscifer/ros2_ws/install/my_first_pkg:/opt/ros/jazzy DEBUGINFOD_URLS=https://debuginfod.ubuntu.com /usr/bin/cmake --build /home/luscifer/ros2_ws/build/my_first_pkg_interfaces -- -j4 -l4
[1.652s] Invoking command in '/home/luscifer/ros2_ws/build/my_first_pkg_interfaces': CMAKE_PREFIX_PATH=${CMAKE_PREFIX_PATH}:/home/luscifer/ros2_ws/install/my_first_pkg:/opt/ros/jazzy DEBUGINFOD_URLS=https://debuginfod.ubuntu.com /usr/bin/cmake --install /home/luscifer/ros2_ws/build/my_first_pkg_interfaces
[1.677s] -- Install configuration: ""
[1.678s] -- Up-to-date: /home/luscifer/ros2_ws/install/my_first_pkg_interfaces/share/ament_index/resource_index/rosidl_interfaces/my_first_pkg_interfaces
[1.679s] -- Up-to-date: /home/luscifer/ros2_ws/install/my_first_pkg_interfaces/share/my_first_pkg_interfaces/msg/MyData.json
[1.680s] -- Up-to-date: /home/luscifer/ros2_ws/install/my_first_pkg_interfaces/include/my_first_pkg_interfaces/my_first_pkg_interfaces
[1.680s] -- Up-to-date: /home/luscifer/ros2_ws/install/my_first_pkg_interfaces/include/my_first_pkg_interfaces/my_first_pkg_interfaces/msg
[1.680s] -- Up-to-date: /home/luscifer/ros2_ws/install/my_first_pkg_interfaces/include/my_first_pkg_interfaces/my_first_pkg_interfaces/msg/detail
[1.681s] -- Up-to-date: /home/luscifer/ros2_ws/install/my_first_pkg_interfaces/include/my_first_pkg_interfaces/my_first_pkg_interfaces/msg/detail/my_data__functions.c
[1.681s] -- Up-to-date: /home/luscifer/ros2_ws/install/my_first_pkg_interfaces/include/my_first_pkg_interfaces/my_first_pkg_interfaces/msg/detail/my_data__functions.h
[1.687s] -- Up-to-date: /home/luscifer/ros2_ws/install/my_first_pkg_interfaces/include/my_first_pkg_interfaces/my_first_pkg_interfaces/msg/detail/my_data__type_support.h
[1.687s] -- Up-to-date: /home/luscifer/ros2_ws/install/my_first_pkg_interfaces/include/my_first_pkg_interfaces/my_first_pkg_interfaces/msg/detail/my_data__description.c
[1.688s] -- Up-to-date: /home/luscifer/ros2_ws/install/my_first_pkg_interfaces/include/my_first_pkg_interfaces/my_first_pkg_interfaces/msg/detail/my_data__type_support.c
[1.689s] -- Up-to-date: /home/luscifer/ros2_ws/install/my_first_pkg_interfaces/include/my_first_pkg_interfaces/my_first_pkg_interfaces/msg/detail/my_data__struct.h
[1.689s] -- Up-to-date: /home/luscifer/ros2_ws/install/my_first_pkg_interfaces/include/my_first_pkg_interfaces/my_first_pkg_interfaces/msg/rosidl_generator_c__visibility_control.h
[1.689s] -- Up-to-date: /home/luscifer/ros2_ws/install/my_first_pkg_interfaces/include/my_first_pkg_interfaces/my_first_pkg_interfaces/msg/my_data.h
[1.689s] -- Up-to-date: /home/luscifer/ros2_ws/install/my_first_pkg_interfaces/share/my_first_pkg_interfaces/environment/library_path.sh
[1.689s] -- Up-to-date: /home/luscifer/ros2_ws/install/my_first_pkg_interfaces/share/my_first_pkg_interfaces/environment/library_path.dsv
[1.689s] -- Up-to-date: /home/luscifer/ros2_ws/install/my_first_pkg_interfaces/lib/libmy_first_pkg_interfaces__rosidl_generator_c.so
[1.689s] -- Up-to-date: /home/luscifer/ros2_ws/install/my_first_pkg_interfaces/include/my_first_pkg_interfaces/my_first_pkg_interfaces
[1.689s] -- Up-to-date: /home/luscifer/ros2_ws/install/my_first_pkg_interfaces/include/my_first_pkg_interfaces/my_first_pkg_interfaces/msg
[1.689s] -- Up-to-date: /home/luscifer/ros2_ws/install/my_first_pkg_interfaces/include/my_first_pkg_interfaces/my_first_pkg_interfaces/msg/detail
[1.690s] -- Up-to-date: /home/luscifer/ros2_ws/install/my_first_pkg_interfaces/include/my_first_pkg_interfaces/my_first_pkg_interfaces/msg/detail/my_data__rosidl_typesupport_fastrtps_c.h
[1.690s] -- Up-to-date: /home/luscifer/ros2_ws/install/my_first_pkg_interfaces/include/my_first_pkg_interfaces/my_first_pkg_interfaces/msg/rosidl_typesupport_fastrtps_c__visibility_control.h
[1.690s] -- Up-to-date: /home/luscifer/ros2_ws/install/my_first_pkg_interfaces/lib/libmy_first_pkg_interfaces__rosidl_typesupport_fastrtps_c.so
[1.690s] -- Up-to-date: /home/luscifer/ros2_ws/install/my_first_pkg_interfaces/include/my_first_pkg_interfaces/my_first_pkg_interfaces
[1.690s] -- Up-to-date: /home/luscifer/ros2_ws/install/my_first_pkg_interfaces/include/my_first_pkg_interfaces/my_first_pkg_interfaces/msg
[1.690s] -- Up-to-date: /home/luscifer/ros2_ws/install/my_first_pkg_interfaces/include/my_first_pkg_interfaces/my_first_pkg_interfaces/msg/detail
[1.690s] -- Up-to-date: /home/luscifer/ros2_ws/install/my_first_pkg_interfaces/include/my_first_pkg_interfaces/my_first_pkg_interfaces/msg/detail/my_data__rosidl_typesupport_introspection_c.h
[1.690s] -- Up-to-date: /home/luscifer/ros2_ws/install/my_first_pkg_interfaces/include/my_first_pkg_interfaces/my_first_pkg_interfaces/msg/detail/my_data__type_support.c
[1.690s] -- Up-to-date: /home/luscifer/ros2_ws/install/my_first_pkg_interfaces/include/my_first_pkg_interfaces/my_first_pkg_interfaces/msg/rosidl_typesupport_introspection_c__visibility_control.h
[1.690s] -- Up-to-date: /home/luscifer/ros2_ws/install/my_first_pkg_interfaces/lib/libmy_first_pkg_interfaces__rosidl_typesupport_introspection_c.so
[1.692s] -- Up-to-date: /home/luscifer/ros2_ws/install/my_first_pkg_interfaces/lib/libmy_first_pkg_interfaces__rosidl_typesupport_c.so
[1.693s] -- Up-to-date: /home/luscifer/ros2_ws/install/my_first_pkg_interfaces/include/my_first_pkg_interfaces/my_first_pkg_interfaces
[1.694s] -- Up-to-date: /home/luscifer/ros2_ws/install/my_first_pkg_interfaces/include/my_first_pkg_interfaces/my_first_pkg_interfaces/msg
[1.694s] -- Up-to-date: /home/luscifer/ros2_ws/install/my_first_pkg_interfaces/include/my_first_pkg_interfaces/my_first_pkg_interfaces/msg/detail
[1.694s] -- Up-to-date: /home/luscifer/ros2_ws/install/my_first_pkg_interfaces/include/my_first_pkg_interfaces/my_first_pkg_interfaces/msg/detail/my_data__builder.hpp
[1.694s] -- Up-to-date: /home/luscifer/ros2_ws/install/my_first_pkg_interfaces/include/my_first_pkg_interfaces/my_first_pkg_interfaces/msg/detail/my_data__traits.hpp
[1.694s] -- Up-to-date: /home/luscifer/ros2_ws/install/my_first_pkg_interfaces/include/my_first_pkg_interfaces/my_first_pkg_interfaces/msg/detail/my_data__type_support.hpp
[1.694s] -- Up-to-date: /home/luscifer/ros2_ws/install/my_first_pkg_interfaces/include/my_first_pkg_interfaces/my_first_pkg_interfaces/msg/detail/my_data__struct.hpp
[1.695s] -- Up-to-date: /home/luscifer/ros2_ws/install/my_first_pkg_interfaces/include/my_first_pkg_interfaces/my_first_pkg_interfaces/msg/rosidl_generator_cpp__visibility_control.hpp
[1.695s] -- Up-to-date: /home/luscifer/ros2_ws/install/my_first_pkg_interfaces/include/my_first_pkg_interfaces/my_first_pkg_interfaces/msg/my_data.hpp
[1.695s] -- Up-to-date: /home/luscifer/ros2_ws/install/my_first_pkg_interfaces/include/my_first_pkg_interfaces/my_first_pkg_interfaces
[1.698s] -- Up-to-date: /home/luscifer/ros2_ws/install/my_first_pkg_interfaces/include/my_first_pkg_interfaces/my_first_pkg_interfaces/msg
[1.699s] -- Up-to-date: /home/luscifer/ros2_ws/install/my_first_pkg_interfaces/include/my_first_pkg_interfaces/my_first_pkg_interfaces/msg/rosidl_typesupport_fastrtps_cpp__visibility_control.h
[1.699s] -- Up-to-date: /home/luscifer/ros2_ws/install/my_first_pkg_interfaces/include/my_first_pkg_interfaces/my_first_pkg_interfaces/msg/detail
[1.699s] -- Up-to-date: /home/luscifer/ros2_ws/install/my_first_pkg_interfaces/include/my_first_pkg_interfaces/my_first_pkg_interfaces/msg/detail/dds_fastrtps
[1.699s] -- Up-to-date: /home/luscifer/ros2_ws/install/my_first_pkg_interfaces/include/my_first_pkg_interfaces/my_first_pkg_interfaces/msg/detail/my_data__rosidl_typesupport_fastrtps_cpp.hpp
[1.699s] -- Up-to-date: /home/luscifer/ros2_ws/install/my_first_pkg_interfaces/lib/libmy_first_pkg_interfaces__rosidl_typesupport_fastrtps_cpp.so
[1.699s] -- Up-to-date: /home/luscifer/ros2_ws/install/my_first_pkg_interfaces/include/my_first_pkg_interfaces/my_first_pkg_interfaces
[1.699s] -- Up-to-date: /home/luscifer/ros2_ws/install/my_first_pkg_interfaces/include/my_first_pkg_interfaces/my_first_pkg_interfaces/msg
[1.699s] -- Up-to-date: /home/luscifer/ros2_ws/install/my_first_pkg_interfaces/include/my_first_pkg_interfaces/my_first_pkg_interfaces/msg/detail
[1.700s] -- Up-to-date: /home/luscifer/ros2_ws/install/my_first_pkg_interfaces/include/my_first_pkg_interfaces/my_first_pkg_interfaces/msg/detail/my_data__rosidl_typesupport_introspection_cpp.hpp
[1.700s] -- Up-to-date: /home/luscifer/ros2_ws/install/my_first_pkg_interfaces/include/my_first_pkg_interfaces/my_first_pkg_interfaces/msg/detail/my_data__type_support.cpp
[1.700s] -- Up-to-date: /home/luscifer/ros2_ws/install/my_first_pkg_interfaces/lib/libmy_first_pkg_interfaces__rosidl_typesupport_introspection_cpp.so
[1.700s] -- Up-to-date: /home/luscifer/ros2_ws/install/my_first_pkg_interfaces/lib/libmy_first_pkg_interfaces__rosidl_typesupport_cpp.so
[1.700s] -- Up-to-date: /home/luscifer/ros2_ws/install/my_first_pkg_interfaces/share/my_first_pkg_interfaces/environment/pythonpath.sh
[1.700s] -- Up-to-date: /home/luscifer/ros2_ws/install/my_first_pkg_interfaces/share/my_first_pkg_interfaces/environment/pythonpath.dsv
[1.700s] -- Up-to-date: /home/luscifer/ros2_ws/install/my_first_pkg_interfaces/lib/python3.12/site-packages/my_first_pkg_interfaces-0.0.0-py3.12.egg-info
[1.707s] -- Installing: /home/luscifer/ros2_ws/install/my_first_pkg_interfaces/lib/python3.12/site-packages/my_first_pkg_interfaces-0.0.0-py3.12.egg-info/PKG-INFO
[1.707s] -- Installing: /home/luscifer/ros2_ws/install/my_first_pkg_interfaces/lib/python3.12/site-packages/my_first_pkg_interfaces-0.0.0-py3.12.egg-info/dependency_links.txt
[1.707s] -- Installing: /home/luscifer/ros2_ws/install/my_first_pkg_interfaces/lib/python3.12/site-packages/my_first_pkg_interfaces-0.0.0-py3.12.egg-info/SOURCES.txt
[1.707s] -- Installing: /home/luscifer/ros2_ws/install/my_first_pkg_interfaces/lib/python3.12/site-packages/my_first_pkg_interfaces-0.0.0-py3.12.egg-info/top_level.txt
[1.707s] -- Up-to-date: /home/luscifer/ros2_ws/install/my_first_pkg_interfaces/lib/python3.12/site-packages/my_first_pkg_interfaces
[1.708s] -- Up-to-date: /home/luscifer/ros2_ws/install/my_first_pkg_interfaces/lib/python3.12/site-packages/my_first_pkg_interfaces/__init__.py
[1.708s] -- Up-to-date: /home/luscifer/ros2_ws/install/my_first_pkg_interfaces/lib/python3.12/site-packages/my_first_pkg_interfaces/_my_first_pkg_interfaces_s.ep.rosidl_typesupport_c.c
[1.708s] -- Up-to-date: /home/luscifer/ros2_ws/install/my_first_pkg_interfaces/lib/python3.12/site-packages/my_first_pkg_interfaces/msg
[1.708s] -- Up-to-date: /home/luscifer/ros2_ws/install/my_first_pkg_interfaces/lib/python3.12/site-packages/my_first_pkg_interfaces/msg/__init__.py
[1.708s] -- Up-to-date: /home/luscifer/ros2_ws/install/my_first_pkg_interfaces/lib/python3.12/site-packages/my_first_pkg_interfaces/msg/_my_data_s.c
[1.708s] -- Up-to-date: /home/luscifer/ros2_ws/install/my_first_pkg_interfaces/lib/python3.12/site-packages/my_first_pkg_interfaces/msg/_my_data.py
[1.709s] -- Up-to-date: /home/luscifer/ros2_ws/install/my_first_pkg_interfaces/lib/python3.12/site-packages/my_first_pkg_interfaces/_my_first_pkg_interfaces_s.ep.rosidl_typesupport_fastrtps_c.c
[1.710s] -- Up-to-date: /home/luscifer/ros2_ws/install/my_first_pkg_interfaces/lib/python3.12/site-packages/my_first_pkg_interfaces/my_first_pkg_interfaces_s__rosidl_typesupport_c.so
[1.710s] -- Up-to-date: /home/luscifer/ros2_ws/install/my_first_pkg_interfaces/lib/python3.12/site-packages/my_first_pkg_interfaces/my_first_pkg_interfaces_s__rosidl_typesupport_fastrtps_c.so
[1.710s] -- Up-to-date: /home/luscifer/ros2_ws/install/my_first_pkg_interfaces/lib/python3.12/site-packages/my_first_pkg_interfaces/my_first_pkg_interfaces_s__rosidl_typesupport_introspection_c.so
[1.710s] -- Up-to-date: /home/luscifer/ros2_ws/install/my_first_pkg_interfaces/lib/python3.12/site-packages/my_first_pkg_interfaces/_my_first_pkg_interfaces_s.ep.rosidl_typesupport_introspection_c.c
[1.786s] Listing '/home/luscifer/ros2_ws/install/my_first_pkg_interfaces/lib/python3.12/site-packages/my_first_pkg_interfaces'...
[1.786s] Listing '/home/luscifer/ros2_ws/install/my_first_pkg_interfaces/lib/python3.12/site-packages/my_first_pkg_interfaces/msg'...
[1.798s] -- Up-to-date: /home/luscifer/ros2_ws/install/my_first_pkg_interfaces/lib/python3.12/site-packages/my_first_pkg_interfaces/my_first_pkg_interfaces_s__rosidl_typesupport_fastrtps_c.so
[1.799s] -- Up-to-date: /home/luscifer/ros2_ws/install/my_first_pkg_interfaces/lib/python3.12/site-packages/my_first_pkg_interfaces/my_first_pkg_interfaces_s__rosidl_typesupport_introspection_c.so
[1.800s] -- Up-to-date: /home/luscifer/ros2_ws/install/my_first_pkg_interfaces/lib/python3.12/site-packages/my_first_pkg_interfaces/my_first_pkg_interfaces_s__rosidl_typesupport_c.so
[1.801s] -- Up-to-date: /home/luscifer/ros2_ws/install/my_first_pkg_interfaces/lib/libmy_first_pkg_interfaces__rosidl_generator_py.so
[1.802s] -- Up-to-date: /home/luscifer/ros2_ws/install/my_first_pkg_interfaces/share/ament_index/resource_index/rust_packages/my_first_pkg_interfaces
[1.802s] -- Up-to-date: /home/luscifer/ros2_ws/install/my_first_pkg_interfaces/share/my_first_pkg_interfaces/rust
[1.802s] -- Up-to-date: /home/luscifer/ros2_ws/install/my_first_pkg_interfaces/share/my_first_pkg_interfaces/rust/src
[1.803s] -- Up-to-date: /home/luscifer/ros2_ws/install/my_first_pkg_interfaces/share/my_first_pkg_interfaces/rust/src/msg
[1.803s] -- Up-to-date: /home/luscifer/ros2_ws/install/my_first_pkg_interfaces/share/my_first_pkg_interfaces/rust/src/msg/rmw.rs
[1.804s] -- Up-to-date: /home/luscifer/ros2_ws/install/my_first_pkg_interfaces/share/my_first_pkg_interfaces/rust/src/msg.rs
[1.804s] -- Up-to-date: /home/luscifer/ros2_ws/install/my_first_pkg_interfaces/share/my_first_pkg_interfaces/rust/src/lib.rs
[1.804s] -- Up-to-date: /home/luscifer/ros2_ws/install/my_first_pkg_interfaces/share/my_first_pkg_interfaces/rust/build.rs
[1.805s] -- Up-to-date: /home/luscifer/ros2_ws/install/my_first_pkg_interfaces/share/my_first_pkg_interfaces/rust/Cargo.toml
[1.805s] -- Up-to-date: /home/luscifer/ros2_ws/install/my_first_pkg_interfaces/share/my_first_pkg_interfaces/msg/MyData.idl
[1.805s] -- Up-to-date: /home/luscifer/ros2_ws/install/my_first_pkg_interfaces/share/my_first_pkg_interfaces/msg/MyData.msg
[1.805s] -- Up-to-date: /home/luscifer/ros2_ws/install/my_first_pkg_interfaces/share/ament_index/resource_index/package_run_dependencies/my_first_pkg_interfaces
[1.805s] -- Up-to-date: /home/luscifer/ros2_ws/install/my_first_pkg_interfaces/share/ament_index/resource_index/parent_prefix_path/my_first_pkg_interfaces
[1.806s] -- Up-to-date: /home/luscifer/ros2_ws/install/my_first_pkg_interfaces/share/my_first_pkg_interfaces/environment/ament_prefix_path.sh
[1.806s] -- Up-to-date: /home/luscifer/ros2_ws/install/my_first_pkg_interfaces/share/my_first_pkg_interfaces/environment/ament_prefix_path.dsv
[1.806s] -- Up-to-date: /home/luscifer/ros2_ws/install/my_first_pkg_interfaces/share/my_first_pkg_interfaces/environment/path.sh
[1.806s] -- Up-to-date: /home/luscifer/ros2_ws/install/my_first_pkg_interfaces/share/my_first_pkg_interfaces/environment/path.dsv
[1.807s] -- Up-to-date: /home/luscifer/ros2_ws/install/my_first_pkg_interfaces/share/my_first_pkg_interfaces/local_setup.bash
[1.807s] -- Up-to-date: /home/luscifer/ros2_ws/install/my_first_pkg_interfaces/share/my_first_pkg_interfaces/local_setup.sh
[1.807s] -- Up-to-date: /home/luscifer/ros2_ws/install/my_first_pkg_interfaces/share/my_first_pkg_interfaces/local_setup.zsh
[1.807s] -- Up-to-date: /home/luscifer/ros2_ws/install/my_first_pkg_interfaces/share/my_first_pkg_interfaces/local_setup.dsv
[1.808s] -- Installing: /home/luscifer/ros2_ws/install/my_first_pkg_interfaces/share/my_first_pkg_interfaces/package.dsv
[1.808s] -- Up-to-date: /home/luscifer/ros2_ws/install/my_first_pkg_interfaces/share/ament_index/resource_index/packages/my_first_pkg_interfaces
[1.809s] -- Up-to-date: /home/luscifer/ros2_ws/install/my_first_pkg_interfaces/share/my_first_pkg_interfaces/cmake/export_my_first_pkg_interfaces__rosidl_generator_cExport.cmake
[1.809s] -- Up-to-date: /home/luscifer/ros2_ws/install/my_first_pkg_interfaces/share/my_first_pkg_interfaces/cmake/export_my_first_pkg_interfaces__rosidl_generator_cExport-noconfig.cmake
[1.809s] -- Up-to-date: /home/luscifer/ros2_ws/install/my_first_pkg_interfaces/share/my_first_pkg_interfaces/cmake/export_my_first_pkg_interfaces__rosidl_typesupport_fastrtps_cExport.cmake
[1.809s] -- Up-to-date: /home/luscifer/ros2_ws/install/my_first_pkg_interfaces/share/my_first_pkg_interfaces/cmake/export_my_first_pkg_interfaces__rosidl_typesupport_fastrtps_cExport-noconfig.cmake
[1.809s] -- Up-to-date: /home/luscifer/ros2_ws/install/my_first_pkg_interfaces/share/my_first_pkg_interfaces/cmake/my_first_pkg_interfaces__rosidl_typesupport_introspection_cExport.cmake
[1.810s] -- Up-to-date: /home/luscifer/ros2_ws/install/my_first_pkg_interfaces/share/my_first_pkg_interfaces/cmake/my_first_pkg_interfaces__rosidl_typesupport_introspection_cExport-noconfig.cmake
[1.810s] -- Up-to-date: /home/luscifer/ros2_ws/install/my_first_pkg_interfaces/share/my_first_pkg_interfaces/cmake/my_first_pkg_interfaces__rosidl_typesupport_cExport.cmake
[1.810s] -- Up-to-date: /home/luscifer/ros2_ws/install/my_first_pkg_interfaces/share/my_first_pkg_interfaces/cmake/my_first_pkg_interfaces__rosidl_typesupport_cExport-noconfig.cmake
[1.810s] -- Up-to-date: /home/luscifer/ros2_ws/install/my_first_pkg_interfaces/share/my_first_pkg_interfaces/cmake/export_my_first_pkg_interfaces__rosidl_generator_cppExport.cmake
[1.810s] -- Up-to-date: /home/luscifer/ros2_ws/install/my_first_pkg_interfaces/share/my_first_pkg_interfaces/cmake/export_my_first_pkg_interfaces__rosidl_typesupport_fastrtps_cppExport.cmake
[1.810s] -- Up-to-date: /home/luscifer/ros2_ws/install/my_first_pkg_interfaces/share/my_first_pkg_interfaces/cmake/export_my_first_pkg_interfaces__rosidl_typesupport_fastrtps_cppExport-noconfig.cmake
[1.810s] -- Up-to-date: /home/luscifer/ros2_ws/install/my_first_pkg_interfaces/share/my_first_pkg_interfaces/cmake/my_first_pkg_interfaces__rosidl_typesupport_introspection_cppExport.cmake
[1.810s] -- Up-to-date: /home/luscifer/ros2_ws/install/my_first_pkg_interfaces/share/my_first_pkg_interfaces/cmake/my_first_pkg_interfaces__rosidl_typesupport_introspection_cppExport-noconfig.cmake
[1.810s] -- Up-to-date: /home/luscifer/ros2_ws/install/my_first_pkg_interfaces/share/my_first_pkg_interfaces/cmake/my_first_pkg_interfaces__rosidl_typesupport_cppExport.cmake
[1.810s] -- Up-to-date: /home/luscifer/ros2_ws/install/my_first_pkg_interfaces/share/my_first_pkg_interfaces/cmake/my_first_pkg_interfaces__rosidl_typesupport_cppExport-noconfig.cmake
[1.811s] -- Up-to-date: /home/luscifer/ros2_ws/install/my_first_pkg_interfaces/share/my_first_pkg_interfaces/cmake/export_my_first_pkg_interfaces__rosidl_generator_pyExport.cmake
[1.811s] -- Up-to-date: /home/luscifer/ros2_ws/install/my_first_pkg_interfaces/share/my_first_pkg_interfaces/cmake/export_my_first_pkg_interfaces__rosidl_generator_pyExport-noconfig.cmake
[1.811s] -- Up-to-date: /home/luscifer/ros2_ws/install/my_first_pkg_interfaces/share/my_first_pkg_interfaces/cmake/rosidl_cmake-extras.cmake
[1.811s] -- Up-to-date: /home/luscifer/ros2_ws/install/my_first_pkg_interfaces/share/my_first_pkg_interfaces/cmake/ament_cmake_export_include_directories-extras.cmake
[1.811s] -- Up-to-date: /home/luscifer/ros2_ws/install/my_first_pkg_interfaces/share/my_first_pkg_interfaces/cmake/ament_cmake_export_libraries-extras.cmake
[1.811s] -- Up-to-date: /home/luscifer/ros2_ws/install/my_first_pkg_interfaces/share/my_first_pkg_interfaces/cmake/ament_cmake_export_targets-extras.cmake
[1.811s] -- Up-to-date: /home/luscifer/ros2_ws/install/my_first_pkg_interfaces/share/my_first_pkg_interfaces/cmake/rosidl_cmake_export_typesupport_targets-extras.cmake
[1.811s] -- Up-to-date: /home/luscifer/ros2_ws/install/my_first_pkg_interfaces/share/my_first_pkg_interfaces/cmake/ament_cmake_export_dependencies-extras.cmake
[1.811s] -- Up-to-date: /home/luscifer/ros2_ws/install/my_first_pkg_interfaces/share/my_first_pkg_interfaces/cmake/rosidl_cmake_export_typesupport_libraries-extras.cmake
[1.812s] -- Up-to-date: /home/luscifer/ros2_ws/install/my_first_pkg_interfaces/share/my_first_pkg_interfaces/cmake/my_first_pkg_interfacesConfig.cmake
[1.813s] -- Up-to-date: /home/luscifer/ros2_ws/install/my_first_pkg_interfaces/share/my_first_pkg_interfaces/cmake/my_first_pkg_interfacesConfig-version.cmake
[1.814s] -- Up-to-date: /home/luscifer/ros2_ws/install/my_first_pkg_interfaces/share/my_first_pkg_interfaces/package.xml
[1.819s] Invoked command in '/home/luscifer/ros2_ws/build/my_first_pkg_interfaces' returned '0': CMAKE_PREFIX_PATH=${CMAKE_PREFIX_PATH}:/home/luscifer/ros2_ws/install/my_first_pkg:/opt/ros/jazzy DEBUGINFOD_URLS=https://debuginfod.ubuntu.com /usr/bin/cmake --install /home/luscifer/ros2_ws/build/my_first_pkg_interfaces
