[0.053s] Invoking command in '/home/luscifer/ros2_ws/build/my_first_pkg_interfaces': CMAKE_PREFIX_PATH=${CMAKE_PREFIX_PATH}:/home/luscifer/ros2_ws/install/my_first_pkg:/opt/ros/jazzy DEBUGINFOD_URLS=https://debuginfod.ubuntu.com /usr/bin/cmake --build /home/luscifer/ros2_ws/build/my_first_pkg_interfaces -- -j4 -l4
[0.321s] [  2%] Built target my_first_pkg_interfaces__rosidl_generator_type_description
[0.336s] [  5%] Built target my_first_pkg_interfaces__rs
[0.368s] [  5%] Built target ament_cmake_python_copy_my_first_pkg_interfaces
[0.381s] [  8%] Built target my_first_pkg_interfaces__cpp
[0.393s] [ 22%] Built target my_first_pkg_interfaces__rosidl_generator_c
[0.539s] [ 31%] Built target my_first_pkg_interfaces__rosidl_typesupport_fastrtps_cpp
[0.588s] [ 40%] Built target my_first_pkg_interfaces__rosidl_typesupport_cpp
[0.608s] [ 48%] Built target my_first_pkg_interfaces__rosidl_typesupport_introspection_cpp
[0.648s] [ 57%] Built target my_first_pkg_interfaces__rosidl_typesupport_introspection_c
[0.672s] [ 65%] Built target my_first_pkg_interfaces__rosidl_typesupport_fastrtps_c
[0.684s] [ 74%] Built target my_first_pkg_interfaces__rosidl_typesupport_c
[0.746s] [ 74%] Built target my_first_pkg_interfaces
[0.824s] [ 77%] Built target my_first_pkg_interfaces__py
[0.884s] [ 82%] Built target my_first_pkg_interfaces__rosidl_generator_py
[1.014s] running egg_info
[1.040s] [ 88%] Built target my_first_pkg_interfaces_s__rosidl_typesupport_introspection_c
[1.058s] [ 94%] Built target my_first_pkg_interfaces_s__rosidl_typesupport_c
[1.060s] [100%] Built target my_first_pkg_interfaces_s__rosidl_typesupport_fastrtps_c
[1.072s] writing my_first_pkg_interfaces.egg-info/PKG-INFO
[1.075s] writing dependency_links to my_first_pkg_interfaces.egg-info/dependency_links.txt
[1.076s] writing top-level names to my_first_pkg_interfaces.egg-info/top_level.txt
[1.207s] reading manifest file 'my_first_pkg_interfaces.egg-info/SOURCES.txt'
[1.219s] writing manifest file 'my_first_pkg_interfaces.egg-info/SOURCES.txt'
[1.311s] [100%] Built target ament_cmake_python_build_my_first_pkg_interfaces_egg
[1.353s] Invoked command in '/home/luscifer/ros2_ws/build/my_first_pkg_interfaces' returned '0': CMAKE_PREFIX_PATH=${CMAKE_PREFIX_PATH}:/home/luscifer/ros2_ws/install/my_first_pkg:/opt/ros/jazzy DEBUGINFOD_URLS=https://debuginfod.ubuntu.com /usr/bin/cmake --build /home/luscifer/ros2_ws/build/my_first_pkg_interfaces -- -j4 -l4
[1.385s] Invoking command in '/home/luscifer/ros2_ws/build/my_first_pkg_interfaces': CMAKE_PREFIX_PATH=${CMAKE_PREFIX_PATH}:/home/luscifer/ros2_ws/install/my_first_pkg:/opt/ros/jazzy DEBUGINFOD_URLS=https://debuginfod.ubuntu.com /usr/bin/cmake --install /home/luscifer/ros2_ws/build/my_first_pkg_interfaces
[1.414s] -- Install configuration: ""
[1.414s] -- Up-to-date: /home/luscifer/ros2_ws/install/my_first_pkg_interfaces/share/ament_index/resource_index/rosidl_interfaces/my_first_pkg_interfaces
[1.414s] -- Up-to-date: /home/luscifer/ros2_ws/install/my_first_pkg_interfaces/share/my_first_pkg_interfaces/msg/MyData.json
[1.414s] -- Up-to-date: /home/luscifer/ros2_ws/install/my_first_pkg_interfaces/include/my_first_pkg_interfaces/my_first_pkg_interfaces
[1.417s] -- Up-to-date: /home/luscifer/ros2_ws/install/my_first_pkg_interfaces/include/my_first_pkg_interfaces/my_first_pkg_interfaces/msg
[1.418s] -- Up-to-date: /home/luscifer/ros2_ws/install/my_first_pkg_interfaces/include/my_first_pkg_interfaces/my_first_pkg_interfaces/msg/detail
[1.418s] -- Up-to-date: /home/luscifer/ros2_ws/install/my_first_pkg_interfaces/include/my_first_pkg_interfaces/my_first_pkg_interfaces/msg/detail/my_data__functions.c
[1.420s] -- Up-to-date: /home/luscifer/ros2_ws/install/my_first_pkg_interfaces/include/my_first_pkg_interfaces/my_first_pkg_interfaces/msg/detail/my_data__functions.h
[1.420s] -- Up-to-date: /home/luscifer/ros2_ws/install/my_first_pkg_interfaces/include/my_first_pkg_interfaces/my_first_pkg_interfaces/msg/detail/my_data__type_support.h
[1.420s] -- Up-to-date: /home/luscifer/ros2_ws/install/my_first_pkg_interfaces/include/my_first_pkg_interfaces/my_first_pkg_interfaces/msg/detail/my_data__description.c
[1.420s] -- Up-to-date: /home/luscifer/ros2_ws/install/my_first_pkg_interfaces/include/my_first_pkg_interfaces/my_first_pkg_interfaces/msg/detail/my_data__type_support.c
[1.420s] -- Up-to-date: /home/luscifer/ros2_ws/install/my_first_pkg_interfaces/include/my_first_pkg_interfaces/my_first_pkg_interfaces/msg/detail/my_data__struct.h
[1.420s] -- Up-to-date: /home/luscifer/ros2_ws/install/my_first_pkg_interfaces/include/my_first_pkg_interfaces/my_first_pkg_interfaces/msg/rosidl_generator_c__visibility_control.h
[1.420s] -- Up-to-date: /home/luscifer/ros2_ws/install/my_first_pkg_interfaces/include/my_first_pkg_interfaces/my_first_pkg_interfaces/msg/my_data.h
[1.421s] -- Up-to-date: /home/luscifer/ros2_ws/install/my_first_pkg_interfaces/share/my_first_pkg_interfaces/environment/library_path.sh
[1.421s] -- Up-to-date: /home/luscifer/ros2_ws/install/my_first_pkg_interfaces/share/my_first_pkg_interfaces/environment/library_path.dsv
[1.421s] -- Up-to-date: /home/luscifer/ros2_ws/install/my_first_pkg_interfaces/lib/libmy_first_pkg_interfaces__rosidl_generator_c.so
[1.425s] -- Up-to-date: /home/luscifer/ros2_ws/install/my_first_pkg_interfaces/include/my_first_pkg_interfaces/my_first_pkg_interfaces
[1.426s] -- Up-to-date: /home/luscifer/ros2_ws/install/my_first_pkg_interfaces/include/my_first_pkg_interfaces/my_first_pkg_interfaces/msg
[1.426s] -- Up-to-date: /home/luscifer/ros2_ws/install/my_first_pkg_interfaces/include/my_first_pkg_interfaces/my_first_pkg_interfaces/msg/detail
[1.426s] -- Up-to-date: /home/luscifer/ros2_ws/install/my_first_pkg_interfaces/include/my_first_pkg_interfaces/my_first_pkg_interfaces/msg/detail/my_data__rosidl_typesupport_fastrtps_c.h
[1.428s] -- Up-to-date: /home/luscifer/ros2_ws/install/my_first_pkg_interfaces/include/my_first_pkg_interfaces/my_first_pkg_interfaces/msg/rosidl_typesupport_fastrtps_c__visibility_control.h
[1.429s] -- Up-to-date: /home/luscifer/ros2_ws/install/my_first_pkg_interfaces/lib/libmy_first_pkg_interfaces__rosidl_typesupport_fastrtps_c.so
[1.430s] -- Up-to-date: /home/luscifer/ros2_ws/install/my_first_pkg_interfaces/include/my_first_pkg_interfaces/my_first_pkg_interfaces
[1.430s] -- Up-to-date: /home/luscifer/ros2_ws/install/my_first_pkg_interfaces/include/my_first_pkg_interfaces/my_first_pkg_interfaces/msg
[1.430s] -- Up-to-date: /home/luscifer/ros2_ws/install/my_first_pkg_interfaces/include/my_first_pkg_interfaces/my_first_pkg_interfaces/msg/detail
[1.431s] -- Up-to-date: /home/luscifer/ros2_ws/install/my_first_pkg_interfaces/include/my_first_pkg_interfaces/my_first_pkg_interfaces/msg/detail/my_data__rosidl_typesupport_introspection_c.h
[1.431s] -- Up-to-date: /home/luscifer/ros2_ws/install/my_first_pkg_interfaces/include/my_first_pkg_interfaces/my_first_pkg_interfaces/msg/detail/my_data__type_support.c
[1.431s] -- Up-to-date: /home/luscifer/ros2_ws/install/my_first_pkg_interfaces/include/my_first_pkg_interfaces/my_first_pkg_interfaces/msg/rosidl_typesupport_introspection_c__visibility_control.h
[1.432s] -- Up-to-date: /home/luscifer/ros2_ws/install/my_first_pkg_interfaces/lib/libmy_first_pkg_interfaces__rosidl_typesupport_introspection_c.so
[1.436s] -- Up-to-date: /home/luscifer/ros2_ws/install/my_first_pkg_interfaces/lib/libmy_first_pkg_interfaces__rosidl_typesupport_c.so
[1.439s] -- Up-to-date: /home/luscifer/ros2_ws/install/my_first_pkg_interfaces/include/my_first_pkg_interfaces/my_first_pkg_interfaces
[1.440s] -- Up-to-date: /home/luscifer/ros2_ws/install/my_first_pkg_interfaces/include/my_first_pkg_interfaces/my_first_pkg_interfaces/msg
[1.442s] -- Up-to-date: /home/luscifer/ros2_ws/install/my_first_pkg_interfaces/include/my_first_pkg_interfaces/my_first_pkg_interfaces/msg/detail
[1.442s] -- Up-to-date: /home/luscifer/ros2_ws/install/my_first_pkg_interfaces/include/my_first_pkg_interfaces/my_first_pkg_interfaces/msg/detail/my_data__builder.hpp
[1.442s] -- Up-to-date: /home/luscifer/ros2_ws/install/my_first_pkg_interfaces/include/my_first_pkg_interfaces/my_first_pkg_interfaces/msg/detail/my_data__traits.hpp
[1.442s] -- Up-to-date: /home/luscifer/ros2_ws/install/my_first_pkg_interfaces/include/my_first_pkg_interfaces/my_first_pkg_interfaces/msg/detail/my_data__type_support.hpp
[1.443s] -- Up-to-date: /home/luscifer/ros2_ws/install/my_first_pkg_interfaces/include/my_first_pkg_interfaces/my_first_pkg_interfaces/msg/detail/my_data__struct.hpp
[1.443s] -- Up-to-date: /home/luscifer/ros2_ws/install/my_first_pkg_interfaces/include/my_first_pkg_interfaces/my_first_pkg_interfaces/msg/rosidl_generator_cpp__visibility_control.hpp
[1.444s] -- Up-to-date: /home/luscifer/ros2_ws/install/my_first_pkg_interfaces/include/my_first_pkg_interfaces/my_first_pkg_interfaces/msg/my_data.hpp
[1.444s] -- Up-to-date: /home/luscifer/ros2_ws/install/my_first_pkg_interfaces/include/my_first_pkg_interfaces/my_first_pkg_interfaces
[1.444s] -- Up-to-date: /home/luscifer/ros2_ws/install/my_first_pkg_interfaces/include/my_first_pkg_interfaces/my_first_pkg_interfaces/msg
[1.445s] -- Up-to-date: /home/luscifer/ros2_ws/install/my_first_pkg_interfaces/include/my_first_pkg_interfaces/my_first_pkg_interfaces/msg/rosidl_typesupport_fastrtps_cpp__visibility_control.h
[1.445s] -- Up-to-date: /home/luscifer/ros2_ws/install/my_first_pkg_interfaces/include/my_first_pkg_interfaces/my_first_pkg_interfaces/msg/detail
[1.446s] -- Up-to-date: /home/luscifer/ros2_ws/install/my_first_pkg_interfaces/include/my_first_pkg_interfaces/my_first_pkg_interfaces/msg/detail/dds_fastrtps
[1.446s] -- Up-to-date: /home/luscifer/ros2_ws/install/my_first_pkg_interfaces/include/my_first_pkg_interfaces/my_first_pkg_interfaces/msg/detail/my_data__rosidl_typesupport_fastrtps_cpp.hpp
[1.448s] -- Up-to-date: /home/luscifer/ros2_ws/install/my_first_pkg_interfaces/lib/libmy_first_pkg_interfaces__rosidl_typesupport_fastrtps_cpp.so
[1.448s] -- Up-to-date: /home/luscifer/ros2_ws/install/my_first_pkg_interfaces/include/my_first_pkg_interfaces/my_first_pkg_interfaces
[1.448s] -- Up-to-date: /home/luscifer/ros2_ws/install/my_first_pkg_interfaces/include/my_first_pkg_interfaces/my_first_pkg_interfaces/msg
[1.449s] -- Up-to-date: /home/luscifer/ros2_ws/install/my_first_pkg_interfaces/include/my_first_pkg_interfaces/my_first_pkg_interfaces/msg/detail
[1.449s] -- Up-to-date: /home/luscifer/ros2_ws/install/my_first_pkg_interfaces/include/my_first_pkg_interfaces/my_first_pkg_interfaces/msg/detail/my_data__rosidl_typesupport_introspection_cpp.hpp
[1.449s] -- Up-to-date: /home/luscifer/ros2_ws/install/my_first_pkg_interfaces/include/my_first_pkg_interfaces/my_first_pkg_interfaces/msg/detail/my_data__type_support.cpp
[1.452s] -- Up-to-date: /home/luscifer/ros2_ws/install/my_first_pkg_interfaces/lib/libmy_first_pkg_interfaces__rosidl_typesupport_introspection_cpp.so
[1.456s] -- Up-to-date: /home/luscifer/ros2_ws/install/my_first_pkg_interfaces/lib/libmy_first_pkg_interfaces__rosidl_typesupport_cpp.so
[1.458s] -- Up-to-date: /home/luscifer/ros2_ws/install/my_first_pkg_interfaces/share/my_first_pkg_interfaces/environment/pythonpath.sh
[1.459s] -- Up-to-date: /home/luscifer/ros2_ws/install/my_first_pkg_interfaces/share/my_first_pkg_interfaces/environment/pythonpath.dsv
[1.459s] -- Up-to-date: /home/luscifer/ros2_ws/install/my_first_pkg_interfaces/lib/python3.12/site-packages/my_first_pkg_interfaces-0.0.0-py3.12.egg-info
[1.460s] -- Installing: /home/luscifer/ros2_ws/install/my_first_pkg_interfaces/lib/python3.12/site-packages/my_first_pkg_interfaces-0.0.0-py3.12.egg-info/PKG-INFO
[1.460s] -- Installing: /home/luscifer/ros2_ws/install/my_first_pkg_interfaces/lib/python3.12/site-packages/my_first_pkg_interfaces-0.0.0-py3.12.egg-info/dependency_links.txt
[1.461s] -- Installing: /home/luscifer/ros2_ws/install/my_first_pkg_interfaces/lib/python3.12/site-packages/my_first_pkg_interfaces-0.0.0-py3.12.egg-info/SOURCES.txt
[1.461s] -- Installing: /home/luscifer/ros2_ws/install/my_first_pkg_interfaces/lib/python3.12/site-packages/my_first_pkg_interfaces-0.0.0-py3.12.egg-info/top_level.txt
[1.462s] -- Up-to-date: /home/luscifer/ros2_ws/install/my_first_pkg_interfaces/lib/python3.12/site-packages/my_first_pkg_interfaces
[1.462s] -- Up-to-date: /home/luscifer/ros2_ws/install/my_first_pkg_interfaces/lib/python3.12/site-packages/my_first_pkg_interfaces/__init__.py
[1.463s] -- Up-to-date: /home/luscifer/ros2_ws/install/my_first_pkg_interfaces/lib/python3.12/site-packages/my_first_pkg_interfaces/_my_first_pkg_interfaces_s.ep.rosidl_typesupport_c.c
[1.464s] -- Up-to-date: /home/luscifer/ros2_ws/install/my_first_pkg_interfaces/lib/python3.12/site-packages/my_first_pkg_interfaces/msg
[1.465s] -- Up-to-date: /home/luscifer/ros2_ws/install/my_first_pkg_interfaces/lib/python3.12/site-packages/my_first_pkg_interfaces/msg/__init__.py
[1.466s] -- Up-to-date: /home/luscifer/ros2_ws/install/my_first_pkg_interfaces/lib/python3.12/site-packages/my_first_pkg_interfaces/msg/_my_data_s.c
[1.467s] -- Up-to-date: /home/luscifer/ros2_ws/install/my_first_pkg_interfaces/lib/python3.12/site-packages/my_first_pkg_interfaces/msg/_my_data.py
[1.469s] -- Up-to-date: /home/luscifer/ros2_ws/install/my_first_pkg_interfaces/lib/python3.12/site-packages/my_first_pkg_interfaces/_my_first_pkg_interfaces_s.ep.rosidl_typesupport_fastrtps_c.c
[1.469s] -- Up-to-date: /home/luscifer/ros2_ws/install/my_first_pkg_interfaces/lib/python3.12/site-packages/my_first_pkg_interfaces/my_first_pkg_interfaces_s__rosidl_typesupport_c.so
[1.470s] -- Up-to-date: /home/luscifer/ros2_ws/install/my_first_pkg_interfaces/lib/python3.12/site-packages/my_first_pkg_interfaces/my_first_pkg_interfaces_s__rosidl_typesupport_fastrtps_c.so
[1.470s] -- Up-to-date: /home/luscifer/ros2_ws/install/my_first_pkg_interfaces/lib/python3.12/site-packages/my_first_pkg_interfaces/my_first_pkg_interfaces_s__rosidl_typesupport_introspection_c.so
[1.471s] -- Up-to-date: /home/luscifer/ros2_ws/install/my_first_pkg_interfaces/lib/python3.12/site-packages/my_first_pkg_interfaces/_my_first_pkg_interfaces_s.ep.rosidl_typesupport_introspection_c.c
[1.558s] Listing '/home/luscifer/ros2_ws/install/my_first_pkg_interfaces/lib/python3.12/site-packages/my_first_pkg_interfaces'...
[1.558s] Listing '/home/luscifer/ros2_ws/install/my_first_pkg_interfaces/lib/python3.12/site-packages/my_first_pkg_interfaces/msg'...
[1.570s] -- Up-to-date: /home/luscifer/ros2_ws/install/my_first_pkg_interfaces/lib/python3.12/site-packages/my_first_pkg_interfaces/my_first_pkg_interfaces_s__rosidl_typesupport_fastrtps_c.so
[1.572s] -- Up-to-date: /home/luscifer/ros2_ws/install/my_first_pkg_interfaces/lib/python3.12/site-packages/my_first_pkg_interfaces/my_first_pkg_interfaces_s__rosidl_typesupport_introspection_c.so
[1.575s] -- Up-to-date: /home/luscifer/ros2_ws/install/my_first_pkg_interfaces/lib/python3.12/site-packages/my_first_pkg_interfaces/my_first_pkg_interfaces_s__rosidl_typesupport_c.so
[1.577s] -- Up-to-date: /home/luscifer/ros2_ws/install/my_first_pkg_interfaces/lib/libmy_first_pkg_interfaces__rosidl_generator_py.so
[1.578s] -- Up-to-date: /home/luscifer/ros2_ws/install/my_first_pkg_interfaces/share/ament_index/resource_index/rust_packages/my_first_pkg_interfaces
[1.579s] -- Up-to-date: /home/luscifer/ros2_ws/install/my_first_pkg_interfaces/share/my_first_pkg_interfaces/rust
[1.579s] -- Up-to-date: /home/luscifer/ros2_ws/install/my_first_pkg_interfaces/share/my_first_pkg_interfaces/rust/src
[1.580s] -- Up-to-date: /home/luscifer/ros2_ws/install/my_first_pkg_interfaces/share/my_first_pkg_interfaces/rust/src/msg
[1.580s] -- Up-to-date: /home/luscifer/ros2_ws/install/my_first_pkg_interfaces/share/my_first_pkg_interfaces/rust/src/msg/rmw.rs
[1.581s] -- Up-to-date: /home/luscifer/ros2_ws/install/my_first_pkg_interfaces/share/my_first_pkg_interfaces/rust/src/msg.rs
[1.581s] -- Up-to-date: /home/luscifer/ros2_ws/install/my_first_pkg_interfaces/share/my_first_pkg_interfaces/rust/src/lib.rs
[1.581s] -- Up-to-date: /home/luscifer/ros2_ws/install/my_first_pkg_interfaces/share/my_first_pkg_interfaces/rust/build.rs
[1.581s] -- Up-to-date: /home/luscifer/ros2_ws/install/my_first_pkg_interfaces/share/my_first_pkg_interfaces/rust/Cargo.toml
[1.582s] -- Up-to-date: /home/luscifer/ros2_ws/install/my_first_pkg_interfaces/share/my_first_pkg_interfaces/msg/MyData.idl
[1.582s] -- Up-to-date: /home/luscifer/ros2_ws/install/my_first_pkg_interfaces/share/my_first_pkg_interfaces/msg/MyData.msg
[1.582s] -- Up-to-date: /home/luscifer/ros2_ws/install/my_first_pkg_interfaces/share/ament_index/resource_index/package_run_dependencies/my_first_pkg_interfaces
[1.583s] -- Up-to-date: /home/luscifer/ros2_ws/install/my_first_pkg_interfaces/share/ament_index/resource_index/parent_prefix_path/my_first_pkg_interfaces
[1.583s] -- Up-to-date: /home/luscifer/ros2_ws/install/my_first_pkg_interfaces/share/my_first_pkg_interfaces/environment/ament_prefix_path.sh
[1.583s] -- Up-to-date: /home/luscifer/ros2_ws/install/my_first_pkg_interfaces/share/my_first_pkg_interfaces/environment/ament_prefix_path.dsv
[1.583s] -- Up-to-date: /home/luscifer/ros2_ws/install/my_first_pkg_interfaces/share/my_first_pkg_interfaces/environment/path.sh
[1.584s] -- Up-to-date: /home/luscifer/ros2_ws/install/my_first_pkg_interfaces/share/my_first_pkg_interfaces/environment/path.dsv
[1.584s] -- Up-to-date: /home/luscifer/ros2_ws/install/my_first_pkg_interfaces/share/my_first_pkg_interfaces/local_setup.bash
[1.584s] -- Up-to-date: /home/luscifer/ros2_ws/install/my_first_pkg_interfaces/share/my_first_pkg_interfaces/local_setup.sh
[1.584s] -- Up-to-date: /home/luscifer/ros2_ws/install/my_first_pkg_interfaces/share/my_first_pkg_interfaces/local_setup.zsh
[1.584s] -- Up-to-date: /home/luscifer/ros2_ws/install/my_first_pkg_interfaces/share/my_first_pkg_interfaces/local_setup.dsv
[1.584s] -- Installing: /home/luscifer/ros2_ws/install/my_first_pkg_interfaces/share/my_first_pkg_interfaces/package.dsv
[1.585s] -- Up-to-date: /home/luscifer/ros2_ws/install/my_first_pkg_interfaces/share/ament_index/resource_index/packages/my_first_pkg_interfaces
[1.586s] -- Up-to-date: /home/luscifer/ros2_ws/install/my_first_pkg_interfaces/share/my_first_pkg_interfaces/cmake/export_my_first_pkg_interfaces__rosidl_generator_cExport.cmake
[1.586s] -- Up-to-date: /home/luscifer/ros2_ws/install/my_first_pkg_interfaces/share/my_first_pkg_interfaces/cmake/export_my_first_pkg_interfaces__rosidl_generator_cExport-noconfig.cmake
[1.588s] -- Up-to-date: /home/luscifer/ros2_ws/install/my_first_pkg_interfaces/share/my_first_pkg_interfaces/cmake/export_my_first_pkg_interfaces__rosidl_typesupport_fastrtps_cExport.cmake
[1.588s] -- Up-to-date: /home/luscifer/ros2_ws/install/my_first_pkg_interfaces/share/my_first_pkg_interfaces/cmake/export_my_first_pkg_interfaces__rosidl_typesupport_fastrtps_cExport-noconfig.cmake
[1.590s] -- Up-to-date: /home/luscifer/ros2_ws/install/my_first_pkg_interfaces/share/my_first_pkg_interfaces/cmake/my_first_pkg_interfaces__rosidl_typesupport_introspection_cExport.cmake
[1.591s] -- Up-to-date: /home/luscifer/ros2_ws/install/my_first_pkg_interfaces/share/my_first_pkg_interfaces/cmake/my_first_pkg_interfaces__rosidl_typesupport_introspection_cExport-noconfig.cmake
[1.594s] -- Up-to-date: /home/luscifer/ros2_ws/install/my_first_pkg_interfaces/share/my_first_pkg_interfaces/cmake/my_first_pkg_interfaces__rosidl_typesupport_cExport.cmake
[1.594s] -- Up-to-date: /home/luscifer/ros2_ws/install/my_first_pkg_interfaces/share/my_first_pkg_interfaces/cmake/my_first_pkg_interfaces__rosidl_typesupport_cExport-noconfig.cmake
[1.597s] -- Up-to-date: /home/luscifer/ros2_ws/install/my_first_pkg_interfaces/share/my_first_pkg_interfaces/cmake/export_my_first_pkg_interfaces__rosidl_generator_cppExport.cmake
[1.599s] -- Up-to-date: /home/luscifer/ros2_ws/install/my_first_pkg_interfaces/share/my_first_pkg_interfaces/cmake/export_my_first_pkg_interfaces__rosidl_typesupport_fastrtps_cppExport.cmake
[1.599s] -- Up-to-date: /home/luscifer/ros2_ws/install/my_first_pkg_interfaces/share/my_first_pkg_interfaces/cmake/export_my_first_pkg_interfaces__rosidl_typesupport_fastrtps_cppExport-noconfig.cmake
[1.601s] -- Up-to-date: /home/luscifer/ros2_ws/install/my_first_pkg_interfaces/share/my_first_pkg_interfaces/cmake/my_first_pkg_interfaces__rosidl_typesupport_introspection_cppExport.cmake
[1.602s] -- Up-to-date: /home/luscifer/ros2_ws/install/my_first_pkg_interfaces/share/my_first_pkg_interfaces/cmake/my_first_pkg_interfaces__rosidl_typesupport_introspection_cppExport-noconfig.cmake
[1.605s] -- Up-to-date: /home/luscifer/ros2_ws/install/my_first_pkg_interfaces/share/my_first_pkg_interfaces/cmake/my_first_pkg_interfaces__rosidl_typesupport_cppExport.cmake
[1.605s] -- Up-to-date: /home/luscifer/ros2_ws/install/my_first_pkg_interfaces/share/my_first_pkg_interfaces/cmake/my_first_pkg_interfaces__rosidl_typesupport_cppExport-noconfig.cmake
[1.607s] -- Up-to-date: /home/luscifer/ros2_ws/install/my_first_pkg_interfaces/share/my_first_pkg_interfaces/cmake/export_my_first_pkg_interfaces__rosidl_generator_pyExport.cmake
[1.608s] -- Up-to-date: /home/luscifer/ros2_ws/install/my_first_pkg_interfaces/share/my_first_pkg_interfaces/cmake/export_my_first_pkg_interfaces__rosidl_generator_pyExport-noconfig.cmake
[1.608s] -- Up-to-date: /home/luscifer/ros2_ws/install/my_first_pkg_interfaces/share/my_first_pkg_interfaces/cmake/rosidl_cmake-extras.cmake
[1.608s] -- Up-to-date: /home/luscifer/ros2_ws/install/my_first_pkg_interfaces/share/my_first_pkg_interfaces/cmake/ament_cmake_export_include_directories-extras.cmake
[1.609s] -- Up-to-date: /home/luscifer/ros2_ws/install/my_first_pkg_interfaces/share/my_first_pkg_interfaces/cmake/ament_cmake_export_libraries-extras.cmake
[1.609s] -- Up-to-date: /home/luscifer/ros2_ws/install/my_first_pkg_interfaces/share/my_first_pkg_interfaces/cmake/ament_cmake_export_targets-extras.cmake
[1.610s] -- Up-to-date: /home/luscifer/ros2_ws/install/my_first_pkg_interfaces/share/my_first_pkg_interfaces/cmake/rosidl_cmake_export_typesupport_targets-extras.cmake
[1.610s] -- Up-to-date: /home/luscifer/ros2_ws/install/my_first_pkg_interfaces/share/my_first_pkg_interfaces/cmake/ament_cmake_export_dependencies-extras.cmake
[1.610s] -- Up-to-date: /home/luscifer/ros2_ws/install/my_first_pkg_interfaces/share/my_first_pkg_interfaces/cmake/rosidl_cmake_export_typesupport_libraries-extras.cmake
[1.611s] -- Up-to-date: /home/luscifer/ros2_ws/install/my_first_pkg_interfaces/share/my_first_pkg_interfaces/cmake/my_first_pkg_interfacesConfig.cmake
[1.611s] -- Up-to-date: /home/luscifer/ros2_ws/install/my_first_pkg_interfaces/share/my_first_pkg_interfaces/cmake/my_first_pkg_interfacesConfig-version.cmake
[1.611s] -- Up-to-date: /home/luscifer/ros2_ws/install/my_first_pkg_interfaces/share/my_first_pkg_interfaces/package.xml
[1.618s] Invoked command in '/home/luscifer/ros2_ws/build/my_first_pkg_interfaces' returned '0': CMAKE_PREFIX_PATH=${CMAKE_PREFIX_PATH}:/home/luscifer/ros2_ws/install/my_first_pkg:/opt/ros/jazzy DEBUGINFOD_URLS=https://debuginfod.ubuntu.com /usr/bin/cmake --install /home/luscifer/ros2_ws/build/my_first_pkg_interfaces
