[0.890s] DEBUG:colcon:Command line arguments: ['/usr/bin/colcon', 'build']
[0.891s] DEBUG:colcon:Parsed command line arguments: Namespace(log_base=None, log_level=None, verb_name='build', build_base='build', install_base='install', merge_install=False, symlink_install=False, test_result_base=None, continue_on_error=False, executor='parallel', parallel_workers=4, event_handlers=None, ignore_user_meta=False, metas=['./colcon.meta'], base_paths=['.'], packages_ignore=None, packages_ignore_regex=None, paths=None, packages_up_to=None, packages_up_to_regex=None, packages_above=None, packages_above_and_dependencies=None, packages_above_depth=None, packages_select_by_dep=None, packages_skip_by_dep=None, packages_skip_up_to=None, packages_select_build_failed=False, packages_skip_build_finished=False, packages_select_test_failures=False, packages_skip_test_passed=False, packages_select=None, packages_skip=None, packages_select_regex=None, packages_skip_regex=None, packages_start=None, packages_end=None, allow_overriding=[], cmake_args=None, cmake_target=None, cmake_target_skip_unavailable=False, cmake_clean_cache=False, cmake_clean_first=False, cmake_force_configure=False, ament_cmake_args=None, catkin_cmake_args=None, catkin_skip_building_tests=False, mixin_files=None, mixin=None, verb_parser=<colcon_mixin.mixin.mixin_argument.MixinArgumentDecorator object at 0x79592476bc80>, verb_extension=<colcon_core.verb.build.BuildVerb object at 0x79592476b950>, main=<bound method BuildVerb.main of <colcon_core.verb.build.BuildVerb object at 0x79592476b950>>, mixin_verb=('build',))
[1.154s] Level 1:colcon.colcon_core.package_discovery:discover_packages(colcon_meta) check parameters
[1.155s] Level 1:colcon.colcon_core.package_discovery:discover_packages(recursive) check parameters
[1.155s] Level 1:colcon.colcon_core.package_discovery:discover_packages(ignore) check parameters
[1.155s] Level 1:colcon.colcon_core.package_discovery:discover_packages(path) check parameters
[1.155s] Level 1:colcon.colcon_core.package_discovery:discover_packages(colcon_meta) discover
[1.155s] Level 1:colcon.colcon_core.package_discovery:discover_packages(recursive) discover
[1.155s] INFO:colcon.colcon_core.package_discovery:Crawling recursively for packages in '/home/luscifer/ros2_ws'
[1.156s] Level 1:colcon.colcon_core.package_identification:_identify(.) by extensions ['ignore', 'ignore_ament_install']
[1.156s] Level 1:colcon.colcon_core.package_identification:_identify(.) by extension 'ignore'
[1.156s] Level 1:colcon.colcon_core.package_identification:_identify(.) by extension 'ignore_ament_install'
[1.156s] Level 1:colcon.colcon_core.package_identification:_identify(.) by extensions ['colcon_pkg']
[1.156s] Level 1:colcon.colcon_core.package_identification:_identify(.) by extension 'colcon_pkg'
[1.156s] Level 1:colcon.colcon_core.package_identification:_identify(.) by extensions ['colcon_meta']
[1.156s] Level 1:colcon.colcon_core.package_identification:_identify(.) by extension 'colcon_meta'
[1.157s] Level 1:colcon.colcon_core.package_identification:_identify(.) by extensions ['ros']
[1.157s] Level 1:colcon.colcon_core.package_identification:_identify(.) by extension 'ros'
[1.256s] Level 1:colcon.colcon_core.package_identification:_identify(.) by extensions ['cmake', 'python']
[1.256s] Level 1:colcon.colcon_core.package_identification:_identify(.) by extension 'cmake'
[1.256s] Level 1:colcon.colcon_core.package_identification:_identify(.) by extension 'python'
[1.257s] Level 1:colcon.colcon_core.package_identification:_identify(.) by extensions ['python_setup_py']
[1.257s] Level 1:colcon.colcon_core.package_identification:_identify(.) by extension 'python_setup_py'
[1.257s] Level 1:colcon.colcon_core.package_identification:_identify(build) by extensions ['ignore', 'ignore_ament_install']
[1.257s] Level 1:colcon.colcon_core.package_identification:_identify(build) by extension 'ignore'
[1.258s] Level 1:colcon.colcon_core.package_identification:_identify(build) ignored
[1.258s] Level 1:colcon.colcon_core.package_identification:_identify(install) by extensions ['ignore', 'ignore_ament_install']
[1.258s] Level 1:colcon.colcon_core.package_identification:_identify(install) by extension 'ignore'
[1.258s] Level 1:colcon.colcon_core.package_identification:_identify(install) ignored
[1.258s] Level 1:colcon.colcon_core.package_identification:_identify(log) by extensions ['ignore', 'ignore_ament_install']
[1.258s] Level 1:colcon.colcon_core.package_identification:_identify(log) by extension 'ignore'
[1.258s] Level 1:colcon.colcon_core.package_identification:_identify(log) ignored
[1.259s] Level 1:colcon.colcon_core.package_identification:_identify(src) by extensions ['ignore', 'ignore_ament_install']
[1.259s] Level 1:colcon.colcon_core.package_identification:_identify(src) by extension 'ignore'
[1.259s] Level 1:colcon.colcon_core.package_identification:_identify(src) by extension 'ignore_ament_install'
[1.259s] Level 1:colcon.colcon_core.package_identification:_identify(src) by extensions ['colcon_pkg']
[1.259s] Level 1:colcon.colcon_core.package_identification:_identify(src) by extension 'colcon_pkg'
[1.260s] Level 1:colcon.colcon_core.package_identification:_identify(src) by extensions ['colcon_meta']
[1.260s] Level 1:colcon.colcon_core.package_identification:_identify(src) by extension 'colcon_meta'
[1.260s] Level 1:colcon.colcon_core.package_identification:_identify(src) by extensions ['ros']
[1.260s] Level 1:colcon.colcon_core.package_identification:_identify(src) by extension 'ros'
[1.260s] Level 1:colcon.colcon_core.package_identification:_identify(src) by extensions ['cmake', 'python']
[1.260s] Level 1:colcon.colcon_core.package_identification:_identify(src) by extension 'cmake'
[1.261s] Level 1:colcon.colcon_core.package_identification:_identify(src) by extension 'python'
[1.261s] Level 1:colcon.colcon_core.package_identification:_identify(src) by extensions ['python_setup_py']
[1.261s] Level 1:colcon.colcon_core.package_identification:_identify(src) by extension 'python_setup_py'
[1.261s] Level 1:colcon.colcon_core.package_identification:_identify(src/my_first_pkg) by extensions ['ignore', 'ignore_ament_install']
[1.262s] Level 1:colcon.colcon_core.package_identification:_identify(src/my_first_pkg) by extension 'ignore'
[1.262s] Level 1:colcon.colcon_core.package_identification:_identify(src/my_first_pkg) by extension 'ignore_ament_install'
[1.262s] Level 1:colcon.colcon_core.package_identification:_identify(src/my_first_pkg) by extensions ['colcon_pkg']
[1.262s] Level 1:colcon.colcon_core.package_identification:_identify(src/my_first_pkg) by extension 'colcon_pkg'
[1.262s] Level 1:colcon.colcon_core.package_identification:_identify(src/my_first_pkg) by extensions ['colcon_meta']
[1.262s] Level 1:colcon.colcon_core.package_identification:_identify(src/my_first_pkg) by extension 'colcon_meta'
[1.262s] Level 1:colcon.colcon_core.package_identification:_identify(src/my_first_pkg) by extensions ['ros']
[1.262s] Level 1:colcon.colcon_core.package_identification:_identify(src/my_first_pkg) by extension 'ros'
[1.274s] DEBUG:colcon.colcon_core.package_identification:Package 'src/my_first_pkg' with type 'ros.ament_python' and name 'my_first_pkg'
[1.274s] Level 1:colcon.colcon_core.package_identification:_identify(src/my_first_pkg_interfaces) by extensions ['ignore', 'ignore_ament_install']
[1.275s] Level 1:colcon.colcon_core.package_identification:_identify(src/my_first_pkg_interfaces) by extension 'ignore'
[1.275s] Level 1:colcon.colcon_core.package_identification:_identify(src/my_first_pkg_interfaces) by extension 'ignore_ament_install'
[1.275s] Level 1:colcon.colcon_core.package_identification:_identify(src/my_first_pkg_interfaces) by extensions ['colcon_pkg']
[1.275s] Level 1:colcon.colcon_core.package_identification:_identify(src/my_first_pkg_interfaces) by extension 'colcon_pkg'
[1.275s] Level 1:colcon.colcon_core.package_identification:_identify(src/my_first_pkg_interfaces) by extensions ['colcon_meta']
[1.276s] Level 1:colcon.colcon_core.package_identification:_identify(src/my_first_pkg_interfaces) by extension 'colcon_meta'
[1.276s] Level 1:colcon.colcon_core.package_identification:_identify(src/my_first_pkg_interfaces) by extensions ['ros']
[1.276s] Level 1:colcon.colcon_core.package_identification:_identify(src/my_first_pkg_interfaces) by extension 'ros'
[1.278s] DEBUG:colcon.colcon_core.package_identification:Package 'src/my_first_pkg_interfaces' with type 'ros.ament_cmake' and name 'my_first_pkg_interfaces'
[1.278s] Level 1:colcon.colcon_core.package_discovery:discover_packages(recursive) using defaults
[1.278s] Level 1:colcon.colcon_core.package_discovery:discover_packages(ignore) discover
[1.278s] Level 1:colcon.colcon_core.package_discovery:discover_packages(ignore) using defaults
[1.278s] Level 1:colcon.colcon_core.package_discovery:discover_packages(path) discover
[1.278s] Level 1:colcon.colcon_core.package_discovery:discover_packages(path) using defaults
[1.362s] Level 1:colcon.colcon_core.package_discovery:discover_packages(prefix_path) check parameters
[1.362s] Level 1:colcon.colcon_core.package_discovery:discover_packages(prefix_path) discover
[1.375s] DEBUG:colcon.colcon_installed_package_information.package_discovery:Found 2 installed packages in /home/luscifer/ros2_ws/install
[1.383s] DEBUG:colcon.colcon_installed_package_information.package_discovery:Found 287 installed packages in /opt/ros/jazzy
[1.385s] Level 1:colcon.colcon_core.package_discovery:discover_packages(prefix_path) using defaults
[1.744s] Level 5:colcon.colcon_core.verb:set package 'my_first_pkg_interfaces' build argument 'cmake_args' from command line to 'None'
[1.747s] Level 5:colcon.colcon_core.verb:set package 'my_first_pkg_interfaces' build argument 'cmake_target' from command line to 'None'
[1.747s] Level 5:colcon.colcon_core.verb:set package 'my_first_pkg_interfaces' build argument 'cmake_target_skip_unavailable' from command line to 'False'
[1.747s] Level 5:colcon.colcon_core.verb:set package 'my_first_pkg_interfaces' build argument 'cmake_clean_cache' from command line to 'False'
[1.747s] Level 5:colcon.colcon_core.verb:set package 'my_first_pkg_interfaces' build argument 'cmake_clean_first' from command line to 'False'
[1.747s] Level 5:colcon.colcon_core.verb:set package 'my_first_pkg_interfaces' build argument 'cmake_force_configure' from command line to 'False'
[1.747s] Level 5:colcon.colcon_core.verb:set package 'my_first_pkg_interfaces' build argument 'ament_cmake_args' from command line to 'None'
[1.747s] Level 5:colcon.colcon_core.verb:set package 'my_first_pkg_interfaces' build argument 'catkin_cmake_args' from command line to 'None'
[1.747s] Level 5:colcon.colcon_core.verb:set package 'my_first_pkg_interfaces' build argument 'catkin_skip_building_tests' from command line to 'False'
[1.747s] DEBUG:colcon.colcon_core.verb:Building package 'my_first_pkg_interfaces' with the following arguments: {'ament_cmake_args': None, 'build_base': '/home/luscifer/ros2_ws/build/my_first_pkg_interfaces', 'catkin_cmake_args': None, 'catkin_skip_building_tests': False, 'cmake_args': None, 'cmake_clean_cache': False, 'cmake_clean_first': False, 'cmake_force_configure': False, 'cmake_target': None, 'cmake_target_skip_unavailable': False, 'install_base': '/home/luscifer/ros2_ws/install/my_first_pkg_interfaces', 'merge_install': False, 'path': '/home/luscifer/ros2_ws/src/my_first_pkg_interfaces', 'symlink_install': False, 'test_result_base': None}
[1.748s] Level 5:colcon.colcon_core.verb:set package 'my_first_pkg' build argument 'cmake_args' from command line to 'None'
[1.748s] Level 5:colcon.colcon_core.verb:set package 'my_first_pkg' build argument 'cmake_target' from command line to 'None'
[1.748s] Level 5:colcon.colcon_core.verb:set package 'my_first_pkg' build argument 'cmake_target_skip_unavailable' from command line to 'False'
[1.748s] Level 5:colcon.colcon_core.verb:set package 'my_first_pkg' build argument 'cmake_clean_cache' from command line to 'False'
[1.748s] Level 5:colcon.colcon_core.verb:set package 'my_first_pkg' build argument 'cmake_clean_first' from command line to 'False'
[1.748s] Level 5:colcon.colcon_core.verb:set package 'my_first_pkg' build argument 'cmake_force_configure' from command line to 'False'
[1.748s] Level 5:colcon.colcon_core.verb:set package 'my_first_pkg' build argument 'ament_cmake_args' from command line to 'None'
[1.748s] Level 5:colcon.colcon_core.verb:set package 'my_first_pkg' build argument 'catkin_cmake_args' from command line to 'None'
[1.748s] Level 5:colcon.colcon_core.verb:set package 'my_first_pkg' build argument 'catkin_skip_building_tests' from command line to 'False'
[1.748s] DEBUG:colcon.colcon_core.verb:Building package 'my_first_pkg' with the following arguments: {'ament_cmake_args': None, 'build_base': '/home/luscifer/ros2_ws/build/my_first_pkg', 'catkin_cmake_args': None, 'catkin_skip_building_tests': False, 'cmake_args': None, 'cmake_clean_cache': False, 'cmake_clean_first': False, 'cmake_force_configure': False, 'cmake_target': None, 'cmake_target_skip_unavailable': False, 'install_base': '/home/luscifer/ros2_ws/install/my_first_pkg', 'merge_install': False, 'path': '/home/luscifer/ros2_ws/src/my_first_pkg', 'symlink_install': False, 'test_result_base': None}
[1.748s] INFO:colcon.colcon_core.executor:Executing jobs using 'parallel' executor
[1.756s] DEBUG:colcon.colcon_parallel_executor.executor.parallel:run_until_complete
[1.757s] INFO:colcon.colcon_ros.task.ament_cmake.build:Building ROS package in '/home/luscifer/ros2_ws/src/my_first_pkg_interfaces' with build type 'ament_cmake'
[1.758s] INFO:colcon.colcon_cmake.task.cmake.build:Building CMake package in '/home/luscifer/ros2_ws/src/my_first_pkg_interfaces'
[1.779s] INFO:colcon.colcon_core.plugin_system:Skipping extension 'colcon_core.shell.bat': Not used on non-Windows systems
[1.780s] INFO:colcon.colcon_core.shell:Skip shell extension 'powershell' for command environment: Not usable outside of PowerShell
[1.780s] DEBUG:colcon.colcon_core.shell:Skip shell extension 'dsv' for command environment
[1.836s] DEBUG:colcon.colcon_core.event_handler.log_command:Invoking command in '/home/luscifer/ros2_ws/build/my_first_pkg_interfaces': CMAKE_PREFIX_PATH=${CMAKE_PREFIX_PATH}:/home/luscifer/ros2_ws/install/my_first_pkg:/opt/ros/jazzy DEBUGINFOD_URLS=https://debuginfod.ubuntu.com /usr/bin/cmake --build /home/luscifer/ros2_ws/build/my_first_pkg_interfaces -- -j4 -l4
[3.862s] DEBUG:colcon.colcon_core.event_handler.log_command:Invoked command in '/home/luscifer/ros2_ws/build/my_first_pkg_interfaces' returned '0': CMAKE_PREFIX_PATH=${CMAKE_PREFIX_PATH}:/home/luscifer/ros2_ws/install/my_first_pkg:/opt/ros/jazzy DEBUGINFOD_URLS=https://debuginfod.ubuntu.com /usr/bin/cmake --build /home/luscifer/ros2_ws/build/my_first_pkg_interfaces -- -j4 -l4
[3.937s] DEBUG:colcon.colcon_core.event_handler.log_command:Invoking command in '/home/luscifer/ros2_ws/build/my_first_pkg_interfaces': CMAKE_PREFIX_PATH=${CMAKE_PREFIX_PATH}:/home/luscifer/ros2_ws/install/my_first_pkg:/opt/ros/jazzy DEBUGINFOD_URLS=https://debuginfod.ubuntu.com /usr/bin/cmake --install /home/luscifer/ros2_ws/build/my_first_pkg_interfaces
[4.357s] Level 1:colcon.colcon_core.environment:create_environment_scripts_only(my_first_pkg_interfaces)
[4.361s] DEBUG:colcon.colcon_core.event_handler.log_command:Invoked command in '/home/luscifer/ros2_ws/build/my_first_pkg_interfaces' returned '0': CMAKE_PREFIX_PATH=${CMAKE_PREFIX_PATH}:/home/luscifer/ros2_ws/install/my_first_pkg:/opt/ros/jazzy DEBUGINFOD_URLS=https://debuginfod.ubuntu.com /usr/bin/cmake --install /home/luscifer/ros2_ws/build/my_first_pkg_interfaces
[4.406s] Level 1:colcon.colcon_core.environment:checking '/home/luscifer/ros2_ws/install/my_first_pkg_interfaces' for CMake module files
[4.412s] Level 1:colcon.colcon_core.environment:checking '/home/luscifer/ros2_ws/install/my_first_pkg_interfaces' for CMake config files
[4.416s] Level 1:colcon.colcon_core.shell:create_environment_hook('my_first_pkg_interfaces', 'cmake_prefix_path')
[4.417s] INFO:colcon.colcon_core.shell:Creating environment hook '/home/luscifer/ros2_ws/install/my_first_pkg_interfaces/share/my_first_pkg_interfaces/hook/cmake_prefix_path.ps1'
[4.431s] INFO:colcon.colcon_core.shell:Creating environment descriptor '/home/luscifer/ros2_ws/install/my_first_pkg_interfaces/share/my_first_pkg_interfaces/hook/cmake_prefix_path.dsv'
[4.437s] INFO:colcon.colcon_core.shell:Creating environment hook '/home/luscifer/ros2_ws/install/my_first_pkg_interfaces/share/my_first_pkg_interfaces/hook/cmake_prefix_path.sh'
[4.447s] Level 1:colcon.colcon_core.environment:checking '/home/luscifer/ros2_ws/install/my_first_pkg_interfaces/lib'
[4.448s] Level 1:colcon.colcon_core.shell:create_environment_hook('my_first_pkg_interfaces', 'ld_library_path_lib')
[4.449s] INFO:colcon.colcon_core.shell:Creating environment hook '/home/luscifer/ros2_ws/install/my_first_pkg_interfaces/share/my_first_pkg_interfaces/hook/ld_library_path_lib.ps1'
[4.453s] INFO:colcon.colcon_core.shell:Creating environment descriptor '/home/luscifer/ros2_ws/install/my_first_pkg_interfaces/share/my_first_pkg_interfaces/hook/ld_library_path_lib.dsv'
[4.458s] INFO:colcon.colcon_core.shell:Creating environment hook '/home/luscifer/ros2_ws/install/my_first_pkg_interfaces/share/my_first_pkg_interfaces/hook/ld_library_path_lib.sh'
[4.462s] Level 1:colcon.colcon_core.environment:checking '/home/luscifer/ros2_ws/install/my_first_pkg_interfaces/bin'
[4.463s] Level 1:colcon.colcon_core.environment:checking '/home/luscifer/ros2_ws/install/my_first_pkg_interfaces/lib/pkgconfig/my_first_pkg_interfaces.pc'
[4.466s] Level 1:colcon.colcon_core.environment:checking '/home/luscifer/ros2_ws/install/my_first_pkg_interfaces/lib/python3.12/site-packages'
[4.467s] Level 1:colcon.colcon_core.shell:create_environment_hook('my_first_pkg_interfaces', 'pythonpath')
[4.468s] INFO:colcon.colcon_core.shell:Creating environment hook '/home/luscifer/ros2_ws/install/my_first_pkg_interfaces/share/my_first_pkg_interfaces/hook/pythonpath.ps1'
[4.474s] INFO:colcon.colcon_core.shell:Creating environment descriptor '/home/luscifer/ros2_ws/install/my_first_pkg_interfaces/share/my_first_pkg_interfaces/hook/pythonpath.dsv'
[4.476s] INFO:colcon.colcon_core.shell:Creating environment hook '/home/luscifer/ros2_ws/install/my_first_pkg_interfaces/share/my_first_pkg_interfaces/hook/pythonpath.sh'
[4.481s] Level 1:colcon.colcon_core.environment:checking '/home/luscifer/ros2_ws/install/my_first_pkg_interfaces/bin'
[4.482s] INFO:colcon.colcon_core.shell:Creating package script '/home/luscifer/ros2_ws/install/my_first_pkg_interfaces/share/my_first_pkg_interfaces/package.ps1'
[4.495s] INFO:colcon.colcon_core.shell:Creating package descriptor '/home/luscifer/ros2_ws/install/my_first_pkg_interfaces/share/my_first_pkg_interfaces/package.dsv'
[4.501s] INFO:colcon.colcon_core.shell:Creating package script '/home/luscifer/ros2_ws/install/my_first_pkg_interfaces/share/my_first_pkg_interfaces/package.sh'
[4.507s] INFO:colcon.colcon_core.shell:Creating package script '/home/luscifer/ros2_ws/install/my_first_pkg_interfaces/share/my_first_pkg_interfaces/package.bash'
[4.515s] INFO:colcon.colcon_core.shell:Creating package script '/home/luscifer/ros2_ws/install/my_first_pkg_interfaces/share/my_first_pkg_interfaces/package.zsh'
[4.521s] Level 1:colcon.colcon_core.environment:create_file_with_runtime_dependencies(/home/luscifer/ros2_ws/install/my_first_pkg_interfaces/share/colcon-core/packages/my_first_pkg_interfaces)
[4.525s] Level 1:colcon.colcon_core.environment:create_environment_scripts_only(my_first_pkg_interfaces)
[4.530s] Level 1:colcon.colcon_core.environment:checking '/home/luscifer/ros2_ws/install/my_first_pkg_interfaces' for CMake module files
[4.534s] Level 1:colcon.colcon_core.environment:checking '/home/luscifer/ros2_ws/install/my_first_pkg_interfaces' for CMake config files
[4.538s] Level 1:colcon.colcon_core.shell:create_environment_hook('my_first_pkg_interfaces', 'cmake_prefix_path')
[4.538s] INFO:colcon.colcon_core.shell:Creating environment hook '/home/luscifer/ros2_ws/install/my_first_pkg_interfaces/share/my_first_pkg_interfaces/hook/cmake_prefix_path.ps1'
[4.540s] INFO:colcon.colcon_core.shell:Creating environment descriptor '/home/luscifer/ros2_ws/install/my_first_pkg_interfaces/share/my_first_pkg_interfaces/hook/cmake_prefix_path.dsv'
[4.543s] INFO:colcon.colcon_core.shell:Creating environment hook '/home/luscifer/ros2_ws/install/my_first_pkg_interfaces/share/my_first_pkg_interfaces/hook/cmake_prefix_path.sh'
[4.550s] Level 1:colcon.colcon_core.environment:checking '/home/luscifer/ros2_ws/install/my_first_pkg_interfaces/lib'
[4.551s] Level 1:colcon.colcon_core.shell:create_environment_hook('my_first_pkg_interfaces', 'ld_library_path_lib')
[4.551s] INFO:colcon.colcon_core.shell:Creating environment hook '/home/luscifer/ros2_ws/install/my_first_pkg_interfaces/share/my_first_pkg_interfaces/hook/ld_library_path_lib.ps1'
[4.554s] INFO:colcon.colcon_core.shell:Creating environment descriptor '/home/luscifer/ros2_ws/install/my_first_pkg_interfaces/share/my_first_pkg_interfaces/hook/ld_library_path_lib.dsv'
[4.558s] INFO:colcon.colcon_core.shell:Creating environment hook '/home/luscifer/ros2_ws/install/my_first_pkg_interfaces/share/my_first_pkg_interfaces/hook/ld_library_path_lib.sh'
[4.563s] Level 1:colcon.colcon_core.environment:checking '/home/luscifer/ros2_ws/install/my_first_pkg_interfaces/bin'
[4.563s] Level 1:colcon.colcon_core.environment:checking '/home/luscifer/ros2_ws/install/my_first_pkg_interfaces/lib/pkgconfig/my_first_pkg_interfaces.pc'
[4.564s] Level 1:colcon.colcon_core.environment:checking '/home/luscifer/ros2_ws/install/my_first_pkg_interfaces/lib/python3.12/site-packages'
[4.566s] Level 1:colcon.colcon_core.shell:create_environment_hook('my_first_pkg_interfaces', 'pythonpath')
[4.566s] INFO:colcon.colcon_core.shell:Creating environment hook '/home/luscifer/ros2_ws/install/my_first_pkg_interfaces/share/my_first_pkg_interfaces/hook/pythonpath.ps1'
[4.567s] INFO:colcon.colcon_core.shell:Creating environment descriptor '/home/luscifer/ros2_ws/install/my_first_pkg_interfaces/share/my_first_pkg_interfaces/hook/pythonpath.dsv'
[4.569s] INFO:colcon.colcon_core.shell:Creating environment hook '/home/luscifer/ros2_ws/install/my_first_pkg_interfaces/share/my_first_pkg_interfaces/hook/pythonpath.sh'
[4.573s] Level 1:colcon.colcon_core.environment:checking '/home/luscifer/ros2_ws/install/my_first_pkg_interfaces/bin'
[4.575s] INFO:colcon.colcon_core.shell:Creating package script '/home/luscifer/ros2_ws/install/my_first_pkg_interfaces/share/my_first_pkg_interfaces/package.ps1'
[4.578s] INFO:colcon.colcon_core.shell:Creating package descriptor '/home/luscifer/ros2_ws/install/my_first_pkg_interfaces/share/my_first_pkg_interfaces/package.dsv'
[4.581s] INFO:colcon.colcon_core.shell:Creating package script '/home/luscifer/ros2_ws/install/my_first_pkg_interfaces/share/my_first_pkg_interfaces/package.sh'
[4.584s] INFO:colcon.colcon_core.shell:Creating package script '/home/luscifer/ros2_ws/install/my_first_pkg_interfaces/share/my_first_pkg_interfaces/package.bash'
[4.587s] INFO:colcon.colcon_core.shell:Creating package script '/home/luscifer/ros2_ws/install/my_first_pkg_interfaces/share/my_first_pkg_interfaces/package.zsh'
[4.590s] Level 1:colcon.colcon_core.environment:create_file_with_runtime_dependencies(/home/luscifer/ros2_ws/install/my_first_pkg_interfaces/share/colcon-core/packages/my_first_pkg_interfaces)
[4.597s] INFO:colcon.colcon_ros.task.ament_python.build:Building ROS package in '/home/luscifer/ros2_ws/src/my_first_pkg' with build type 'ament_python'
[4.598s] Level 1:colcon.colcon_core.shell:create_environment_hook('my_first_pkg', 'ament_prefix_path')
[4.599s] INFO:colcon.colcon_core.shell:Creating environment hook '/home/luscifer/ros2_ws/install/my_first_pkg/share/my_first_pkg/hook/ament_prefix_path.ps1'
[4.601s] INFO:colcon.colcon_core.shell:Creating environment descriptor '/home/luscifer/ros2_ws/install/my_first_pkg/share/my_first_pkg/hook/ament_prefix_path.dsv'
[4.604s] INFO:colcon.colcon_core.shell:Creating environment hook '/home/luscifer/ros2_ws/install/my_first_pkg/share/my_first_pkg/hook/ament_prefix_path.sh'
[4.607s] INFO:colcon.colcon_core.shell:Skip shell extension 'powershell' for command environment: Not usable outside of PowerShell
[4.607s] DEBUG:colcon.colcon_core.shell:Skip shell extension 'dsv' for command environment
[5.422s] INFO:colcon.colcon_core.task.python.build:Building Python package in '/home/luscifer/ros2_ws/src/my_first_pkg'
[5.423s] INFO:colcon.colcon_core.shell:Skip shell extension 'powershell' for command environment: Not usable outside of PowerShell
[5.423s] DEBUG:colcon.colcon_core.shell:Skip shell extension 'dsv' for command environment
[8.873s] DEBUG:colcon.colcon_core.event_handler.log_command:Invoking command in '/home/luscifer/ros2_ws/src/my_first_pkg': DEBUGINFOD_URLS=https://debuginfod.ubuntu.com PYTHONPATH=/home/luscifer/ros2_ws/build/my_first_pkg/prefix_override:/usr/lib/python3/dist-packages/colcon_core/task/python/colcon_distutils_commands:/home/luscifer/ros2_ws/install/my_first_pkg/lib/python3.12/site-packages:/home/luscifer/ros2_ws/install/my_first_pkg_interfaces/lib/python3.12/site-packages:/home/luscifer/ros2_ws/install/my_first_pkg/lib/python3.12/site-packages:/opt/ros/jazzy/lib/python3.12/site-packages /usr/bin/python3 -W ignore:setup.py install is deprecated -W ignore:easy_install command is deprecated setup.py egg_info --egg-base ../../build/my_first_pkg build --build-base /home/luscifer/ros2_ws/build/my_first_pkg/build install --record /home/luscifer/ros2_ws/build/my_first_pkg/install.log --single-version-externally-managed install_data
[10.670s] Level 1:colcon.colcon_core.environment:checking '/home/luscifer/ros2_ws/install/my_first_pkg' for CMake module files
[10.676s] Level 1:colcon.colcon_core.environment:checking '/home/luscifer/ros2_ws/install/my_first_pkg' for CMake config files
[10.682s] DEBUG:colcon.colcon_core.event_handler.log_command:Invoked command in '/home/luscifer/ros2_ws/src/my_first_pkg' returned '0': DEBUGINFOD_URLS=https://debuginfod.ubuntu.com PYTHONPATH=/home/luscifer/ros2_ws/build/my_first_pkg/prefix_override:/usr/lib/python3/dist-packages/colcon_core/task/python/colcon_distutils_commands:/home/luscifer/ros2_ws/install/my_first_pkg/lib/python3.12/site-packages:/home/luscifer/ros2_ws/install/my_first_pkg_interfaces/lib/python3.12/site-packages:/home/luscifer/ros2_ws/install/my_first_pkg/lib/python3.12/site-packages:/opt/ros/jazzy/lib/python3.12/site-packages /usr/bin/python3 -W ignore:setup.py install is deprecated -W ignore:easy_install command is deprecated setup.py egg_info --egg-base ../../build/my_first_pkg build --build-base /home/luscifer/ros2_ws/build/my_first_pkg/build install --record /home/luscifer/ros2_ws/build/my_first_pkg/install.log --single-version-externally-managed install_data
[10.687s] Level 1:colcon.colcon_core.environment:checking '/home/luscifer/ros2_ws/install/my_first_pkg/lib'
[10.687s] Level 1:colcon.colcon_core.environment:checking '/home/luscifer/ros2_ws/install/my_first_pkg/bin'
[10.688s] Level 1:colcon.colcon_core.environment:checking '/home/luscifer/ros2_ws/install/my_first_pkg/lib/pkgconfig/my_first_pkg.pc'
[10.688s] Level 1:colcon.colcon_core.environment:checking '/home/luscifer/ros2_ws/install/my_first_pkg/lib/python3.12/site-packages'
[10.688s] Level 1:colcon.colcon_core.shell:create_environment_hook('my_first_pkg', 'pythonpath')
[10.689s] INFO:colcon.colcon_core.shell:Creating environment hook '/home/luscifer/ros2_ws/install/my_first_pkg/share/my_first_pkg/hook/pythonpath.ps1'
[10.700s] INFO:colcon.colcon_core.shell:Creating environment descriptor '/home/luscifer/ros2_ws/install/my_first_pkg/share/my_first_pkg/hook/pythonpath.dsv'
[10.702s] INFO:colcon.colcon_core.shell:Creating environment hook '/home/luscifer/ros2_ws/install/my_first_pkg/share/my_first_pkg/hook/pythonpath.sh'
[10.705s] Level 1:colcon.colcon_core.environment:checking '/home/luscifer/ros2_ws/install/my_first_pkg/bin'
[10.706s] Level 1:colcon.colcon_core.environment:create_environment_scripts_only(my_first_pkg)
[10.707s] INFO:colcon.colcon_core.shell:Creating package script '/home/luscifer/ros2_ws/install/my_first_pkg/share/my_first_pkg/package.ps1'
[10.709s] INFO:colcon.colcon_core.shell:Creating package descriptor '/home/luscifer/ros2_ws/install/my_first_pkg/share/my_first_pkg/package.dsv'
[10.714s] INFO:colcon.colcon_core.shell:Creating package script '/home/luscifer/ros2_ws/install/my_first_pkg/share/my_first_pkg/package.sh'
[10.720s] INFO:colcon.colcon_core.shell:Creating package script '/home/luscifer/ros2_ws/install/my_first_pkg/share/my_first_pkg/package.bash'
[10.722s] INFO:colcon.colcon_core.shell:Creating package script '/home/luscifer/ros2_ws/install/my_first_pkg/share/my_first_pkg/package.zsh'
[10.725s] Level 1:colcon.colcon_core.environment:create_file_with_runtime_dependencies(/home/luscifer/ros2_ws/install/my_first_pkg/share/colcon-core/packages/my_first_pkg)
[10.742s] DEBUG:colcon.colcon_parallel_executor.executor.parallel:closing loop
[10.743s] DEBUG:colcon.colcon_parallel_executor.executor.parallel:loop closed
[10.744s] DEBUG:colcon.colcon_parallel_executor.executor.parallel:run_until_complete finished with '0'
[10.751s] DEBUG:colcon.colcon_core.event_reactor:joining thread
[10.916s] INFO:colcon.colcon_core.plugin_system:Skipping extension 'colcon_notification.desktop_notification.terminal_notifier': Not used on non-Darwin systems
[10.922s] INFO:colcon.colcon_core.plugin_system:Skipping extension 'colcon_notification.desktop_notification.win32': Not used on non-Windows systems
[10.922s] INFO:colcon.colcon_notification.desktop_notification:Sending desktop notification using 'notify2'
[11.019s] DEBUG:colcon.colcon_core.event_reactor:joined thread
[11.019s] INFO:colcon.colcon_core.shell:Creating prefix script '/home/luscifer/ros2_ws/install/local_setup.ps1'
[11.028s] INFO:colcon.colcon_core.shell:Creating prefix util module '/home/luscifer/ros2_ws/install/_local_setup_util_ps1.py'
[11.035s] INFO:colcon.colcon_core.shell:Creating prefix chain script '/home/luscifer/ros2_ws/install/setup.ps1'
[11.047s] INFO:colcon.colcon_core.shell:Creating prefix script '/home/luscifer/ros2_ws/install/local_setup.sh'
[11.067s] INFO:colcon.colcon_core.shell:Creating prefix util module '/home/luscifer/ros2_ws/install/_local_setup_util_sh.py'
[11.075s] INFO:colcon.colcon_core.shell:Creating prefix chain script '/home/luscifer/ros2_ws/install/setup.sh'
[11.084s] INFO:colcon.colcon_core.shell:Creating prefix script '/home/luscifer/ros2_ws/install/local_setup.bash'
[11.087s] INFO:colcon.colcon_core.shell:Creating prefix chain script '/home/luscifer/ros2_ws/install/setup.bash'
[11.092s] INFO:colcon.colcon_core.shell:Creating prefix script '/home/luscifer/ros2_ws/install/local_setup.zsh'
[11.097s] INFO:colcon.colcon_core.shell:Creating prefix chain script '/home/luscifer/ros2_ws/install/setup.zsh'
