[2.292s] Invoking command in '/home/luscifer/ros2_ws/src/my_first_pkg': DEBUGINFOD_URLS=https://debuginfod.ubuntu.com PYTHONPATH=/home/luscifer/ros2_ws/build/my_first_pkg/prefix_override:/usr/lib/python3/dist-packages/colcon_core/task/python/colcon_distutils_commands:/home/luscifer/ros2_ws/install/my_first_pkg/lib/python3.12/site-packages:/home/luscifer/ros2_ws/install/my_first_pkg_interfaces/lib/python3.12/site-packages:/home/luscifer/ros2_ws/install/my_first_pkg/lib/python3.12/site-packages:/opt/ros/jazzy/lib/python3.12/site-packages /usr/bin/python3 -W ignore:setup.py install is deprecated -W ignore:easy_install command is deprecated setup.py egg_info --egg-base ../../build/my_first_pkg build --build-base /home/luscifer/ros2_ws/build/my_first_pkg/build install --record /home/luscifer/ros2_ws/build/my_first_pkg/install.log --single-version-externally-managed install_data
[2.686s] running egg_info
[2.805s] writing ../../build/my_first_pkg/my_first_pkg.egg-info/PKG-INFO
[2.806s] writing dependency_links to ../../build/my_first_pkg/my_first_pkg.egg-info/dependency_links.txt
[2.808s] writing entry points to ../../build/my_first_pkg/my_first_pkg.egg-info/entry_points.txt
[2.809s] writing requirements to ../../build/my_first_pkg/my_first_pkg.egg-info/requires.txt
[2.810s] writing top-level names to ../../build/my_first_pkg/my_first_pkg.egg-info/top_level.txt
[2.923s] reading manifest file '../../build/my_first_pkg/my_first_pkg.egg-info/SOURCES.txt'
[2.925s] writing manifest file '../../build/my_first_pkg/my_first_pkg.egg-info/SOURCES.txt'
[2.926s] running build
[2.939s] running build_py
[2.939s] copying my_first_pkg/my_service_server.py -> /home/luscifer/ros2_ws/build/my_first_pkg/build/lib/my_first_pkg
[2.939s] running install
[2.942s] running install_lib
[3.021s] copying /home/luscifer/ros2_ws/build/my_first_pkg/build/lib/my_first_pkg/my_service_server.py -> /home/luscifer/ros2_ws/install/my_first_pkg/lib/python3.12/site-packages/my_first_pkg
[3.021s] byte-compiling /home/luscifer/ros2_ws/install/my_first_pkg/lib/python3.12/site-packages/my_first_pkg/my_service_server.py to my_service_server.cpython-312.pyc
[3.021s] running install_data
[3.022s] running install_egg_info
[3.076s] removing '/home/luscifer/ros2_ws/install/my_first_pkg/lib/python3.12/site-packages/my_first_pkg-0.0.0-py3.12.egg-info' (and everything under it)
[3.077s] Copying ../../build/my_first_pkg/my_first_pkg.egg-info to /home/luscifer/ros2_ws/install/my_first_pkg/lib/python3.12/site-packages/my_first_pkg-0.0.0-py3.12.egg-info
[3.078s] running install_scripts
[3.428s] Installing my_node script to /home/luscifer/ros2_ws/install/my_first_pkg/lib/my_first_pkg
[3.433s] Installing my_service_client script to /home/luscifer/ros2_ws/install/my_first_pkg/lib/my_first_pkg
[3.433s] Installing my_service_server script to /home/luscifer/ros2_ws/install/my_first_pkg/lib/my_first_pkg
[3.433s] Installing my_sub script to /home/luscifer/ros2_ws/install/my_first_pkg/lib/my_first_pkg
[3.434s] writing list of installed files to '/home/luscifer/ros2_ws/build/my_first_pkg/install.log'
[3.509s] Invoked command in '/home/luscifer/ros2_ws/src/my_first_pkg' returned '0': DEBUGINFOD_URLS=https://debuginfod.ubuntu.com PYTHONPATH=/home/luscifer/ros2_ws/build/my_first_pkg/prefix_override:/usr/lib/python3/dist-packages/colcon_core/task/python/colcon_distutils_commands:/home/luscifer/ros2_ws/install/my_first_pkg/lib/python3.12/site-packages:/home/luscifer/ros2_ws/install/my_first_pkg_interfaces/lib/python3.12/site-packages:/home/luscifer/ros2_ws/install/my_first_pkg/lib/python3.12/site-packages:/opt/ros/jazzy/lib/python3.12/site-packages /usr/bin/python3 -W ignore:setup.py install is deprecated -W ignore:easy_install command is deprecated setup.py egg_info --egg-base ../../build/my_first_pkg build --build-base /home/luscifer/ros2_ws/build/my_first_pkg/build install --record /home/luscifer/ros2_ws/build/my_first_pkg/install.log --single-version-externally-managed install_data
