[4.275s] Invoking command in '/home/luscifer/ros2_ws/src/my_first_pkg': DEBUGINFOD_URLS=https://debuginfod.ubuntu.com PYTHONPATH=/home/luscifer/ros2_ws/build/my_first_pkg/prefix_override:/usr/lib/python3/dist-packages/colcon_core/task/python/colcon_distutils_commands:/home/luscifer/ros2_ws/install/my_first_pkg/lib/python3.12/site-packages:/home/luscifer/ros2_ws/install/my_first_pkg_interfaces/lib/python3.12/site-packages:/home/luscifer/ros2_ws/install/my_first_pkg/lib/python3.12/site-packages:/opt/ros/jazzy/lib/python3.12/site-packages /usr/bin/python3 -W ignore:setup.py install is deprecated -W ignore:easy_install command is deprecated setup.py egg_info --egg-base ../../build/my_first_pkg build --build-base /home/luscifer/ros2_ws/build/my_first_pkg/build install --record /home/luscifer/ros2_ws/build/my_first_pkg/install.log --single-version-externally-managed install_data
[5.167s] running egg_info
[5.227s] writing ../../build/my_first_pkg/my_first_pkg.egg-info/PKG-INFO
[5.230s] writing dependency_links to ../../build/my_first_pkg/my_first_pkg.egg-info/dependency_links.txt
[5.230s] writing entry points to ../../build/my_first_pkg/my_first_pkg.egg-info/entry_points.txt
[5.230s] writing requirements to ../../build/my_first_pkg/my_first_pkg.egg-info/requires.txt
[5.230s] writing top-level names to ../../build/my_first_pkg/my_first_pkg.egg-info/top_level.txt
[5.394s] reading manifest file '../../build/my_first_pkg/my_first_pkg.egg-info/SOURCES.txt'
[5.401s] writing manifest file '../../build/my_first_pkg/my_first_pkg.egg-info/SOURCES.txt'
[5.405s] running build
[5.406s] running build_py
[5.406s] running install
[5.420s] running install_lib
[5.494s] running install_data
[5.495s] creating /home/luscifer/ros2_ws/install/my_first_pkg/share/my_first_pkg/launch
[5.495s] copying launch/my_system.launch.py -> /home/luscifer/ros2_ws/install/my_first_pkg/share/my_first_pkg/launch
[5.496s] running install_egg_info
[5.570s] removing '/home/luscifer/ros2_ws/install/my_first_pkg/lib/python3.12/site-packages/my_first_pkg-0.0.0-py3.12.egg-info' (and everything under it)
[5.572s] Copying ../../build/my_first_pkg/my_first_pkg.egg-info to /home/luscifer/ros2_ws/install/my_first_pkg/lib/python3.12/site-packages/my_first_pkg-0.0.0-py3.12.egg-info
[5.579s] running install_scripts
[5.973s] Installing my_node script to /home/luscifer/ros2_ws/install/my_first_pkg/lib/my_first_pkg
[5.977s] Installing my_params script to /home/luscifer/ros2_ws/install/my_first_pkg/lib/my_first_pkg
[5.978s] Installing my_service_client script to /home/luscifer/ros2_ws/install/my_first_pkg/lib/my_first_pkg
[5.981s] Installing my_service_server script to /home/luscifer/ros2_ws/install/my_first_pkg/lib/my_first_pkg
[5.981s] Installing my_sub script to /home/luscifer/ros2_ws/install/my_first_pkg/lib/my_first_pkg
[5.984s] writing list of installed files to '/home/luscifer/ros2_ws/build/my_first_pkg/install.log'
[6.083s] Invoked command in '/home/luscifer/ros2_ws/src/my_first_pkg' returned '0': DEBUGINFOD_URLS=https://debuginfod.ubuntu.com PYTHONPATH=/home/luscifer/ros2_ws/build/my_first_pkg/prefix_override:/usr/lib/python3/dist-packages/colcon_core/task/python/colcon_distutils_commands:/home/luscifer/ros2_ws/install/my_first_pkg/lib/python3.12/site-packages:/home/luscifer/ros2_ws/install/my_first_pkg_interfaces/lib/python3.12/site-packages:/home/luscifer/ros2_ws/install/my_first_pkg/lib/python3.12/site-packages:/opt/ros/jazzy/lib/python3.12/site-packages /usr/bin/python3 -W ignore:setup.py install is deprecated -W ignore:easy_install command is deprecated setup.py egg_info --egg-base ../../build/my_first_pkg build --build-base /home/luscifer/ros2_ws/build/my_first_pkg/build install --record /home/luscifer/ros2_ws/build/my_first_pkg/install.log --single-version-externally-managed install_data
