[2.421s] Invoking command in '/home/luscifer/ros2_ws/src/my_first_pkg': DEBUGINFOD_URLS=https://debuginfod.ubuntu.com PYTHONPATH=/home/luscifer/ros2_ws/build/my_first_pkg/prefix_override:/usr/lib/python3/dist-packages/colcon_core/task/python/colcon_distutils_commands:/home/luscifer/ros2_ws/install/my_first_pkg/lib/python3.12/site-packages:/home/luscifer/ros2_ws/install/my_first_pkg_interfaces/lib/python3.12/site-packages:/home/luscifer/ros2_ws/install/my_first_pkg/lib/python3.12/site-packages:/opt/ros/jazzy/lib/python3.12/site-packages /usr/bin/python3 -W ignore:setup.py install is deprecated -W ignore:easy_install command is deprecated setup.py egg_info --egg-base ../../build/my_first_pkg build --build-base /home/luscifer/ros2_ws/build/my_first_pkg/build install --record /home/luscifer/ros2_ws/build/my_first_pkg/install.log --single-version-externally-managed install_data
[3.415s] running egg_info
[3.486s] writing ../../build/my_first_pkg/my_first_pkg.egg-info/PKG-INFO
[3.488s] writing dependency_links to ../../build/my_first_pkg/my_first_pkg.egg-info/dependency_links.txt
[3.495s] writing entry points to ../../build/my_first_pkg/my_first_pkg.egg-info/entry_points.txt
[3.497s] writing requirements to ../../build/my_first_pkg/my_first_pkg.egg-info/requires.txt
[3.498s] writing top-level names to ../../build/my_first_pkg/my_first_pkg.egg-info/top_level.txt
[3.681s] reading manifest file '../../build/my_first_pkg/my_first_pkg.egg-info/SOURCES.txt'
[3.681s] writing manifest file '../../build/my_first_pkg/my_first_pkg.egg-info/SOURCES.txt'
[3.682s] running build
[3.684s] running build_py
[3.686s] running install
[3.707s] running install_lib
[3.790s] running install_data
[3.794s] copying launch/robot_system.launch.py -> /home/luscifer/ros2_ws/install/my_first_pkg/share/my_first_pkg/launch
[3.794s] running install_egg_info
[3.881s] removing '/home/luscifer/ros2_ws/install/my_first_pkg/lib/python3.12/site-packages/my_first_pkg-0.0.0-py3.12.egg-info' (and everything under it)
[3.887s] Copying ../../build/my_first_pkg/my_first_pkg.egg-info to /home/luscifer/ros2_ws/install/my_first_pkg/lib/python3.12/site-packages/my_first_pkg-0.0.0-py3.12.egg-info
[3.892s] running install_scripts
[4.316s] Installing monitor_node script to /home/luscifer/ros2_ws/install/my_first_pkg/lib/my_first_pkg
[4.318s] Installing my_node script to /home/luscifer/ros2_ws/install/my_first_pkg/lib/my_first_pkg
[4.319s] Installing my_params script to /home/luscifer/ros2_ws/install/my_first_pkg/lib/my_first_pkg
[4.321s] Installing my_service_client script to /home/luscifer/ros2_ws/install/my_first_pkg/lib/my_first_pkg
[4.323s] Installing my_service_server script to /home/luscifer/ros2_ws/install/my_first_pkg/lib/my_first_pkg
[4.324s] Installing my_sub script to /home/luscifer/ros2_ws/install/my_first_pkg/lib/my_first_pkg
[4.326s] Installing sensor_node script to /home/luscifer/ros2_ws/install/my_first_pkg/lib/my_first_pkg
[4.329s] writing list of installed files to '/home/luscifer/ros2_ws/build/my_first_pkg/install.log'
[4.423s] Invoked command in '/home/luscifer/ros2_ws/src/my_first_pkg' returned '0': DEBUGINFOD_URLS=https://debuginfod.ubuntu.com PYTHONPATH=/home/luscifer/ros2_ws/build/my_first_pkg/prefix_override:/usr/lib/python3/dist-packages/colcon_core/task/python/colcon_distutils_commands:/home/luscifer/ros2_ws/install/my_first_pkg/lib/python3.12/site-packages:/home/luscifer/ros2_ws/install/my_first_pkg_interfaces/lib/python3.12/site-packages:/home/luscifer/ros2_ws/install/my_first_pkg/lib/python3.12/site-packages:/opt/ros/jazzy/lib/python3.12/site-packages /usr/bin/python3 -W ignore:setup.py install is deprecated -W ignore:easy_install command is deprecated setup.py egg_info --egg-base ../../build/my_first_pkg build --build-base /home/luscifer/ros2_ws/build/my_first_pkg/build install --record /home/luscifer/ros2_ws/build/my_first_pkg/install.log --single-version-externally-managed install_data
