[0.710s] DEBUG:colcon:Command line arguments: ['/usr/bin/colcon', 'build']
[0.710s] DEBUG:colcon:Parsed command line arguments: Namespace(log_base=None, log_level=None, verb_name='build', build_base='build', install_base='install', merge_install=False, symlink_install=False, test_result_base=None, continue_on_error=False, executor='parallel', parallel_workers=4, event_handlers=None, ignore_user_meta=False, metas=['./colcon.meta'], base_paths=['.'], packages_ignore=None, packages_ignore_regex=None, paths=None, packages_up_to=None, packages_up_to_regex=None, packages_above=None, packages_above_and_dependencies=None, packages_above_depth=None, packages_select_by_dep=None, packages_skip_by_dep=None, packages_skip_up_to=None, packages_select_build_failed=False, packages_skip_build_finished=False, packages_select_test_failures=False, packages_skip_test_passed=False, packages_select=None, packages_skip=None, packages_select_regex=None, packages_skip_regex=None, packages_start=None, packages_end=None, allow_overriding=[], cmake_args=None, cmake_target=None, cmake_target_skip_unavailable=False, cmake_clean_cache=False, cmake_clean_first=False, cmake_force_configure=False, ament_cmake_args=None, catkin_cmake_args=None, catkin_skip_building_tests=False, mixin_files=None, mixin=None, verb_parser=<colcon_mixin.mixin.mixin_argument.MixinArgumentDecorator object at 0x7d9ca98a1a60>, verb_extension=<colcon_core.verb.build.BuildVerb object at 0x7d9ca977b740>, main=<bound method BuildVerb.main of <colcon_core.verb.build.BuildVerb object at 0x7d9ca977b740>>, mixin_verb=('build',))
[0.932s] Level 1:colcon.colcon_core.package_discovery:discover_packages(colcon_meta) check parameters
[0.932s] Level 1:colcon.colcon_core.package_discovery:discover_packages(recursive) check parameters
[0.932s] Level 1:colcon.colcon_core.package_discovery:discover_packages(ignore) check parameters
[0.932s] Level 1:colcon.colcon_core.package_discovery:discover_packages(path) check parameters
[0.932s] Level 1:colcon.colcon_core.package_discovery:discover_packages(colcon_meta) discover
[0.932s] Level 1:colcon.colcon_core.package_discovery:discover_packages(recursive) discover
[0.932s] INFO:colcon.colcon_core.package_discovery:Crawling recursively for packages in '/home/luscifer/ros2_ws'
[0.932s] Level 1:colcon.colcon_core.package_identification:_identify(.) by extensions ['ignore', 'ignore_ament_install']
[0.933s] Level 1:colcon.colcon_core.package_identification:_identify(.) by extension 'ignore'
[0.933s] Level 1:colcon.colcon_core.package_identification:_identify(.) by extension 'ignore_ament_install'
[0.933s] Level 1:colcon.colcon_core.package_identification:_identify(.) by extensions ['colcon_pkg']
[0.933s] Level 1:colcon.colcon_core.package_identification:_identify(.) by extension 'colcon_pkg'
[0.933s] Level 1:colcon.colcon_core.package_identification:_identify(.) by extensions ['colcon_meta']
[0.933s] Level 1:colcon.colcon_core.package_identification:_identify(.) by extension 'colcon_meta'
[0.933s] Level 1:colcon.colcon_core.package_identification:_identify(.) by extensions ['ros']
[0.933s] Level 1:colcon.colcon_core.package_identification:_identify(.) by extension 'ros'
[1.010s] Level 1:colcon.colcon_core.package_identification:_identify(.) by extensions ['cmake', 'python']
[1.010s] Level 1:colcon.colcon_core.package_identification:_identify(.) by extension 'cmake'
[1.010s] Level 1:colcon.colcon_core.package_identification:_identify(.) by extension 'python'
[1.010s] Level 1:colcon.colcon_core.package_identification:_identify(.) by extensions ['python_setup_py']
[1.010s] Level 1:colcon.colcon_core.package_identification:_identify(.) by extension 'python_setup_py'
[1.012s] Level 1:colcon.colcon_core.package_identification:_identify(build) by extensions ['ignore', 'ignore_ament_install']
[1.012s] Level 1:colcon.colcon_core.package_identification:_identify(build) by extension 'ignore'
[1.013s] Level 1:colcon.colcon_core.package_identification:_identify(build) ignored
[1.013s] Level 1:colcon.colcon_core.package_identification:_identify(install) by extensions ['ignore', 'ignore_ament_install']
[1.014s] Level 1:colcon.colcon_core.package_identification:_identify(install) by extension 'ignore'
[1.014s] Level 1:colcon.colcon_core.package_identification:_identify(install) ignored
[1.014s] Level 1:colcon.colcon_core.package_identification:_identify(log) by extensions ['ignore', 'ignore_ament_install']
[1.014s] Level 1:colcon.colcon_core.package_identification:_identify(log) by extension 'ignore'
[1.014s] Level 1:colcon.colcon_core.package_identification:_identify(log) ignored
[1.015s] Level 1:colcon.colcon_core.package_identification:_identify(src) by extensions ['ignore', 'ignore_ament_install']
[1.015s] Level 1:colcon.colcon_core.package_identification:_identify(src) by extension 'ignore'
[1.016s] Level 1:colcon.colcon_core.package_identification:_identify(src) by extension 'ignore_ament_install'
[1.016s] Level 1:colcon.colcon_core.package_identification:_identify(src) by extensions ['colcon_pkg']
[1.016s] Level 1:colcon.colcon_core.package_identification:_identify(src) by extension 'colcon_pkg'
[1.016s] Level 1:colcon.colcon_core.package_identification:_identify(src) by extensions ['colcon_meta']
[1.016s] Level 1:colcon.colcon_core.package_identification:_identify(src) by extension 'colcon_meta'
[1.016s] Level 1:colcon.colcon_core.package_identification:_identify(src) by extensions ['ros']
[1.016s] Level 1:colcon.colcon_core.package_identification:_identify(src) by extension 'ros'
[1.016s] Level 1:colcon.colcon_core.package_identification:_identify(src) by extensions ['cmake', 'python']
[1.016s] Level 1:colcon.colcon_core.package_identification:_identify(src) by extension 'cmake'
[1.016s] Level 1:colcon.colcon_core.package_identification:_identify(src) by extension 'python'
[1.016s] Level 1:colcon.colcon_core.package_identification:_identify(src) by extensions ['python_setup_py']
[1.016s] Level 1:colcon.colcon_core.package_identification:_identify(src) by extension 'python_setup_py'
[1.016s] Level 1:colcon.colcon_core.package_identification:_identify(src/my_first_pkg) by extensions ['ignore', 'ignore_ament_install']
[1.017s] Level 1:colcon.colcon_core.package_identification:_identify(src/my_first_pkg) by extension 'ignore'
[1.017s] Level 1:colcon.colcon_core.package_identification:_identify(src/my_first_pkg) by extension 'ignore_ament_install'
[1.017s] Level 1:colcon.colcon_core.package_identification:_identify(src/my_first_pkg) by extensions ['colcon_pkg']
[1.017s] Level 1:colcon.colcon_core.package_identification:_identify(src/my_first_pkg) by extension 'colcon_pkg'
[1.017s] Level 1:colcon.colcon_core.package_identification:_identify(src/my_first_pkg) by extensions ['colcon_meta']
[1.017s] Level 1:colcon.colcon_core.package_identification:_identify(src/my_first_pkg) by extension 'colcon_meta'
[1.017s] Level 1:colcon.colcon_core.package_identification:_identify(src/my_first_pkg) by extensions ['ros']
[1.017s] Level 1:colcon.colcon_core.package_identification:_identify(src/my_first_pkg) by extension 'ros'
[1.025s] DEBUG:colcon.colcon_core.package_identification:Package 'src/my_first_pkg' with type 'ros.ament_python' and name 'my_first_pkg'
[1.027s] Level 1:colcon.colcon_core.package_identification:_identify(src/my_first_pkg_interfaces) by extensions ['ignore', 'ignore_ament_install']
[1.027s] Level 1:colcon.colcon_core.package_identification:_identify(src/my_first_pkg_interfaces) by extension 'ignore'
[1.027s] Level 1:colcon.colcon_core.package_identification:_identify(src/my_first_pkg_interfaces) by extension 'ignore_ament_install'
[1.027s] Level 1:colcon.colcon_core.package_identification:_identify(src/my_first_pkg_interfaces) by extensions ['colcon_pkg']
[1.027s] Level 1:colcon.colcon_core.package_identification:_identify(src/my_first_pkg_interfaces) by extension 'colcon_pkg'
[1.028s] Level 1:colcon.colcon_core.package_identification:_identify(src/my_first_pkg_interfaces) by extensions ['colcon_meta']
[1.028s] Level 1:colcon.colcon_core.package_identification:_identify(src/my_first_pkg_interfaces) by extension 'colcon_meta'
[1.028s] Level 1:colcon.colcon_core.package_identification:_identify(src/my_first_pkg_interfaces) by extensions ['ros']
[1.028s] Level 1:colcon.colcon_core.package_identification:_identify(src/my_first_pkg_interfaces) by extension 'ros'
[1.030s] DEBUG:colcon.colcon_core.package_identification:Package 'src/my_first_pkg_interfaces' with type 'ros.ament_cmake' and name 'my_first_pkg_interfaces'
[1.030s] Level 1:colcon.colcon_core.package_discovery:discover_packages(recursive) using defaults
[1.030s] Level 1:colcon.colcon_core.package_discovery:discover_packages(ignore) discover
[1.030s] Level 1:colcon.colcon_core.package_discovery:discover_packages(ignore) using defaults
[1.030s] Level 1:colcon.colcon_core.package_discovery:discover_packages(path) discover
[1.030s] Level 1:colcon.colcon_core.package_discovery:discover_packages(path) using defaults
[1.094s] Level 1:colcon.colcon_core.package_discovery:discover_packages(prefix_path) check parameters
[1.096s] Level 1:colcon.colcon_core.package_discovery:discover_packages(prefix_path) discover
[1.108s] DEBUG:colcon.colcon_installed_package_information.package_discovery:Found 2 installed packages in /home/luscifer/ros2_ws/install
[1.114s] DEBUG:colcon.colcon_installed_package_information.package_discovery:Found 287 installed packages in /opt/ros/jazzy
[1.116s] Level 1:colcon.colcon_core.package_discovery:discover_packages(prefix_path) using defaults
[1.458s] Level 5:colcon.colcon_core.verb:set package 'my_first_pkg_interfaces' build argument 'cmake_args' from command line to 'None'
[1.458s] Level 5:colcon.colcon_core.verb:set package 'my_first_pkg_interfaces' build argument 'cmake_target' from command line to 'None'
[1.458s] Level 5:colcon.colcon_core.verb:set package 'my_first_pkg_interfaces' build argument 'cmake_target_skip_unavailable' from command line to 'False'
[1.458s] Level 5:colcon.colcon_core.verb:set package 'my_first_pkg_interfaces' build argument 'cmake_clean_cache' from command line to 'False'
[1.459s] Level 5:colcon.colcon_core.verb:set package 'my_first_pkg_interfaces' build argument 'cmake_clean_first' from command line to 'False'
[1.459s] Level 5:colcon.colcon_core.verb:set package 'my_first_pkg_interfaces' build argument 'cmake_force_configure' from command line to 'False'
[1.459s] Level 5:colcon.colcon_core.verb:set package 'my_first_pkg_interfaces' build argument 'ament_cmake_args' from command line to 'None'
[1.459s] Level 5:colcon.colcon_core.verb:set package 'my_first_pkg_interfaces' build argument 'catkin_cmake_args' from command line to 'None'
[1.459s] Level 5:colcon.colcon_core.verb:set package 'my_first_pkg_interfaces' build argument 'catkin_skip_building_tests' from command line to 'False'
[1.459s] DEBUG:colcon.colcon_core.verb:Building package 'my_first_pkg_interfaces' with the following arguments: {'ament_cmake_args': None, 'build_base': '/home/luscifer/ros2_ws/build/my_first_pkg_interfaces', 'catkin_cmake_args': None, 'catkin_skip_building_tests': False, 'cmake_args': None, 'cmake_clean_cache': False, 'cmake_clean_first': False, 'cmake_force_configure': False, 'cmake_target': None, 'cmake_target_skip_unavailable': False, 'install_base': '/home/luscifer/ros2_ws/install/my_first_pkg_interfaces', 'merge_install': False, 'path': '/home/luscifer/ros2_ws/src/my_first_pkg_interfaces', 'symlink_install': False, 'test_result_base': None}
[1.459s] Level 5:colcon.colcon_core.verb:set package 'my_first_pkg' build argument 'cmake_args' from command line to 'None'
[1.459s] Level 5:colcon.colcon_core.verb:set package 'my_first_pkg' build argument 'cmake_target' from command line to 'None'
[1.459s] Level 5:colcon.colcon_core.verb:set package 'my_first_pkg' build argument 'cmake_target_skip_unavailable' from command line to 'False'
[1.459s] Level 5:colcon.colcon_core.verb:set package 'my_first_pkg' build argument 'cmake_clean_cache' from command line to 'False'
[1.459s] Level 5:colcon.colcon_core.verb:set package 'my_first_pkg' build argument 'cmake_clean_first' from command line to 'False'
[1.459s] Level 5:colcon.colcon_core.verb:set package 'my_first_pkg' build argument 'cmake_force_configure' from command line to 'False'
[1.459s] Level 5:colcon.colcon_core.verb:set package 'my_first_pkg' build argument 'ament_cmake_args' from command line to 'None'
[1.459s] Level 5:colcon.colcon_core.verb:set package 'my_first_pkg' build argument 'catkin_cmake_args' from command line to 'None'
[1.459s] Level 5:colcon.colcon_core.verb:set package 'my_first_pkg' build argument 'catkin_skip_building_tests' from command line to 'False'
[1.459s] DEBUG:colcon.colcon_core.verb:Building package 'my_first_pkg' with the following arguments: {'ament_cmake_args': None, 'build_base': '/home/luscifer/ros2_ws/build/my_first_pkg', 'catkin_cmake_args': None, 'catkin_skip_building_tests': False, 'cmake_args': None, 'cmake_clean_cache': False, 'cmake_clean_first': False, 'cmake_force_configure': False, 'cmake_target': None, 'cmake_target_skip_unavailable': False, 'install_base': '/home/luscifer/ros2_ws/install/my_first_pkg', 'merge_install': False, 'path': '/home/luscifer/ros2_ws/src/my_first_pkg', 'symlink_install': False, 'test_result_base': None}
[1.460s] INFO:colcon.colcon_core.executor:Executing jobs using 'parallel' executor
[1.463s] DEBUG:colcon.colcon_parallel_executor.executor.parallel:run_until_complete
[1.463s] INFO:colcon.colcon_ros.task.ament_cmake.build:Building ROS package in '/home/luscifer/ros2_ws/src/my_first_pkg_interfaces' with build type 'ament_cmake'
[1.463s] INFO:colcon.colcon_cmake.task.cmake.build:Building CMake package in '/home/luscifer/ros2_ws/src/my_first_pkg_interfaces'
[1.481s] INFO:colcon.colcon_core.plugin_system:Skipping extension 'colcon_core.shell.bat': Not used on non-Windows systems
[1.481s] INFO:colcon.colcon_core.shell:Skip shell extension 'powershell' for command environment: Not usable outside of PowerShell
[1.481s] DEBUG:colcon.colcon_core.shell:Skip shell extension 'dsv' for command environment
[1.523s] DEBUG:colcon.colcon_core.event_handler.log_command:Invoking command in '/home/luscifer/ros2_ws/build/my_first_pkg_interfaces': CMAKE_PREFIX_PATH=${CMAKE_PREFIX_PATH}:/home/luscifer/ros2_ws/install/my_first_pkg:/opt/ros/jazzy DEBUGINFOD_URLS=https://debuginfod.ubuntu.com /usr/bin/cmake --build /home/luscifer/ros2_ws/build/my_first_pkg_interfaces -- -j4 -l4
[3.758s] DEBUG:colcon.colcon_core.event_handler.log_command:Invoked command in '/home/luscifer/ros2_ws/build/my_first_pkg_interfaces' returned '0': CMAKE_PREFIX_PATH=${CMAKE_PREFIX_PATH}:/home/luscifer/ros2_ws/install/my_first_pkg:/opt/ros/jazzy DEBUGINFOD_URLS=https://debuginfod.ubuntu.com /usr/bin/cmake --build /home/luscifer/ros2_ws/build/my_first_pkg_interfaces -- -j4 -l4
[3.791s] DEBUG:colcon.colcon_core.event_handler.log_command:Invoking command in '/home/luscifer/ros2_ws/build/my_first_pkg_interfaces': CMAKE_PREFIX_PATH=${CMAKE_PREFIX_PATH}:/home/luscifer/ros2_ws/install/my_first_pkg:/opt/ros/jazzy DEBUGINFOD_URLS=https://debuginfod.ubuntu.com /usr/bin/cmake --install /home/luscifer/ros2_ws/build/my_first_pkg_interfaces
[4.011s] Level 1:colcon.colcon_core.environment:create_environment_scripts_only(my_first_pkg_interfaces)
[4.013s] DEBUG:colcon.colcon_core.event_handler.log_command:Invoked command in '/home/luscifer/ros2_ws/build/my_first_pkg_interfaces' returned '0': CMAKE_PREFIX_PATH=${CMAKE_PREFIX_PATH}:/home/luscifer/ros2_ws/install/my_first_pkg:/opt/ros/jazzy DEBUGINFOD_URLS=https://debuginfod.ubuntu.com /usr/bin/cmake --install /home/luscifer/ros2_ws/build/my_first_pkg_interfaces
[4.030s] Level 1:colcon.colcon_core.environment:checking '/home/luscifer/ros2_ws/install/my_first_pkg_interfaces' for CMake module files
[4.031s] Level 1:colcon.colcon_core.environment:checking '/home/luscifer/ros2_ws/install/my_first_pkg_interfaces' for CMake config files
[4.034s] Level 1:colcon.colcon_core.shell:create_environment_hook('my_first_pkg_interfaces', 'cmake_prefix_path')
[4.035s] INFO:colcon.colcon_core.shell:Creating environment hook '/home/luscifer/ros2_ws/install/my_first_pkg_interfaces/share/my_first_pkg_interfaces/hook/cmake_prefix_path.ps1'
[4.038s] INFO:colcon.colcon_core.shell:Creating environment descriptor '/home/luscifer/ros2_ws/install/my_first_pkg_interfaces/share/my_first_pkg_interfaces/hook/cmake_prefix_path.dsv'
[4.042s] INFO:colcon.colcon_core.shell:Creating environment hook '/home/luscifer/ros2_ws/install/my_first_pkg_interfaces/share/my_first_pkg_interfaces/hook/cmake_prefix_path.sh'
[4.046s] Level 1:colcon.colcon_core.environment:checking '/home/luscifer/ros2_ws/install/my_first_pkg_interfaces/lib'
[4.047s] Level 1:colcon.colcon_core.shell:create_environment_hook('my_first_pkg_interfaces', 'ld_library_path_lib')
[4.047s] INFO:colcon.colcon_core.shell:Creating environment hook '/home/luscifer/ros2_ws/install/my_first_pkg_interfaces/share/my_first_pkg_interfaces/hook/ld_library_path_lib.ps1'
[4.048s] INFO:colcon.colcon_core.shell:Creating environment descriptor '/home/luscifer/ros2_ws/install/my_first_pkg_interfaces/share/my_first_pkg_interfaces/hook/ld_library_path_lib.dsv'
[4.049s] INFO:colcon.colcon_core.shell:Creating environment hook '/home/luscifer/ros2_ws/install/my_first_pkg_interfaces/share/my_first_pkg_interfaces/hook/ld_library_path_lib.sh'
[4.050s] Level 1:colcon.colcon_core.environment:checking '/home/luscifer/ros2_ws/install/my_first_pkg_interfaces/bin'
[4.051s] Level 1:colcon.colcon_core.environment:checking '/home/luscifer/ros2_ws/install/my_first_pkg_interfaces/lib/pkgconfig/my_first_pkg_interfaces.pc'
[4.051s] Level 1:colcon.colcon_core.environment:checking '/home/luscifer/ros2_ws/install/my_first_pkg_interfaces/lib/python3.12/site-packages'
[4.052s] Level 1:colcon.colcon_core.shell:create_environment_hook('my_first_pkg_interfaces', 'pythonpath')
[4.052s] INFO:colcon.colcon_core.shell:Creating environment hook '/home/luscifer/ros2_ws/install/my_first_pkg_interfaces/share/my_first_pkg_interfaces/hook/pythonpath.ps1'
[4.053s] INFO:colcon.colcon_core.shell:Creating environment descriptor '/home/luscifer/ros2_ws/install/my_first_pkg_interfaces/share/my_first_pkg_interfaces/hook/pythonpath.dsv'
[4.056s] INFO:colcon.colcon_core.shell:Creating environment hook '/home/luscifer/ros2_ws/install/my_first_pkg_interfaces/share/my_first_pkg_interfaces/hook/pythonpath.sh'
[4.058s] Level 1:colcon.colcon_core.environment:checking '/home/luscifer/ros2_ws/install/my_first_pkg_interfaces/bin'
[4.059s] INFO:colcon.colcon_core.shell:Creating package script '/home/luscifer/ros2_ws/install/my_first_pkg_interfaces/share/my_first_pkg_interfaces/package.ps1'
[4.062s] INFO:colcon.colcon_core.shell:Creating package descriptor '/home/luscifer/ros2_ws/install/my_first_pkg_interfaces/share/my_first_pkg_interfaces/package.dsv'
[4.066s] INFO:colcon.colcon_core.shell:Creating package script '/home/luscifer/ros2_ws/install/my_first_pkg_interfaces/share/my_first_pkg_interfaces/package.sh'
[4.070s] INFO:colcon.colcon_core.shell:Creating package script '/home/luscifer/ros2_ws/install/my_first_pkg_interfaces/share/my_first_pkg_interfaces/package.bash'
[4.072s] INFO:colcon.colcon_core.shell:Creating package script '/home/luscifer/ros2_ws/install/my_first_pkg_interfaces/share/my_first_pkg_interfaces/package.zsh'
[4.076s] Level 1:colcon.colcon_core.environment:create_file_with_runtime_dependencies(/home/luscifer/ros2_ws/install/my_first_pkg_interfaces/share/colcon-core/packages/my_first_pkg_interfaces)
[4.078s] Level 1:colcon.colcon_core.environment:create_environment_scripts_only(my_first_pkg_interfaces)
[4.078s] Level 1:colcon.colcon_core.environment:checking '/home/luscifer/ros2_ws/install/my_first_pkg_interfaces' for CMake module files
[4.079s] Level 1:colcon.colcon_core.environment:checking '/home/luscifer/ros2_ws/install/my_first_pkg_interfaces' for CMake config files
[4.081s] Level 1:colcon.colcon_core.shell:create_environment_hook('my_first_pkg_interfaces', 'cmake_prefix_path')
[4.081s] INFO:colcon.colcon_core.shell:Creating environment hook '/home/luscifer/ros2_ws/install/my_first_pkg_interfaces/share/my_first_pkg_interfaces/hook/cmake_prefix_path.ps1'
[4.083s] INFO:colcon.colcon_core.shell:Creating environment descriptor '/home/luscifer/ros2_ws/install/my_first_pkg_interfaces/share/my_first_pkg_interfaces/hook/cmake_prefix_path.dsv'
[4.085s] INFO:colcon.colcon_core.shell:Creating environment hook '/home/luscifer/ros2_ws/install/my_first_pkg_interfaces/share/my_first_pkg_interfaces/hook/cmake_prefix_path.sh'
[4.088s] Level 1:colcon.colcon_core.environment:checking '/home/luscifer/ros2_ws/install/my_first_pkg_interfaces/lib'
[4.088s] Level 1:colcon.colcon_core.shell:create_environment_hook('my_first_pkg_interfaces', 'ld_library_path_lib')
[4.088s] INFO:colcon.colcon_core.shell:Creating environment hook '/home/luscifer/ros2_ws/install/my_first_pkg_interfaces/share/my_first_pkg_interfaces/hook/ld_library_path_lib.ps1'
[4.090s] INFO:colcon.colcon_core.shell:Creating environment descriptor '/home/luscifer/ros2_ws/install/my_first_pkg_interfaces/share/my_first_pkg_interfaces/hook/ld_library_path_lib.dsv'
[4.092s] INFO:colcon.colcon_core.shell:Creating environment hook '/home/luscifer/ros2_ws/install/my_first_pkg_interfaces/share/my_first_pkg_interfaces/hook/ld_library_path_lib.sh'
[4.094s] Level 1:colcon.colcon_core.environment:checking '/home/luscifer/ros2_ws/install/my_first_pkg_interfaces/bin'
[4.094s] Level 1:colcon.colcon_core.environment:checking '/home/luscifer/ros2_ws/install/my_first_pkg_interfaces/lib/pkgconfig/my_first_pkg_interfaces.pc'
[4.095s] Level 1:colcon.colcon_core.environment:checking '/home/luscifer/ros2_ws/install/my_first_pkg_interfaces/lib/python3.12/site-packages'
[4.096s] Level 1:colcon.colcon_core.shell:create_environment_hook('my_first_pkg_interfaces', 'pythonpath')
[4.097s] INFO:colcon.colcon_core.shell:Creating environment hook '/home/luscifer/ros2_ws/install/my_first_pkg_interfaces/share/my_first_pkg_interfaces/hook/pythonpath.ps1'
[4.098s] INFO:colcon.colcon_core.shell:Creating environment descriptor '/home/luscifer/ros2_ws/install/my_first_pkg_interfaces/share/my_first_pkg_interfaces/hook/pythonpath.dsv'
[4.099s] INFO:colcon.colcon_core.shell:Creating environment hook '/home/luscifer/ros2_ws/install/my_first_pkg_interfaces/share/my_first_pkg_interfaces/hook/pythonpath.sh'
[4.101s] Level 1:colcon.colcon_core.environment:checking '/home/luscifer/ros2_ws/install/my_first_pkg_interfaces/bin'
[4.101s] INFO:colcon.colcon_core.shell:Creating package script '/home/luscifer/ros2_ws/install/my_first_pkg_interfaces/share/my_first_pkg_interfaces/package.ps1'
[4.104s] INFO:colcon.colcon_core.shell:Creating package descriptor '/home/luscifer/ros2_ws/install/my_first_pkg_interfaces/share/my_first_pkg_interfaces/package.dsv'
[4.105s] INFO:colcon.colcon_core.shell:Creating package script '/home/luscifer/ros2_ws/install/my_first_pkg_interfaces/share/my_first_pkg_interfaces/package.sh'
[4.108s] INFO:colcon.colcon_core.shell:Creating package script '/home/luscifer/ros2_ws/install/my_first_pkg_interfaces/share/my_first_pkg_interfaces/package.bash'
[4.110s] INFO:colcon.colcon_core.shell:Creating package script '/home/luscifer/ros2_ws/install/my_first_pkg_interfaces/share/my_first_pkg_interfaces/package.zsh'
[4.111s] Level 1:colcon.colcon_core.environment:create_file_with_runtime_dependencies(/home/luscifer/ros2_ws/install/my_first_pkg_interfaces/share/colcon-core/packages/my_first_pkg_interfaces)
[4.113s] INFO:colcon.colcon_ros.task.ament_python.build:Building ROS package in '/home/luscifer/ros2_ws/src/my_first_pkg' with build type 'ament_python'
[4.113s] Level 1:colcon.colcon_core.shell:create_environment_hook('my_first_pkg', 'ament_prefix_path')
[4.114s] INFO:colcon.colcon_core.shell:Creating environment hook '/home/luscifer/ros2_ws/install/my_first_pkg/share/my_first_pkg/hook/ament_prefix_path.ps1'
[4.117s] INFO:colcon.colcon_core.shell:Creating environment descriptor '/home/luscifer/ros2_ws/install/my_first_pkg/share/my_first_pkg/hook/ament_prefix_path.dsv'
[4.120s] INFO:colcon.colcon_core.shell:Creating environment hook '/home/luscifer/ros2_ws/install/my_first_pkg/share/my_first_pkg/hook/ament_prefix_path.sh'
[4.123s] INFO:colcon.colcon_core.shell:Skip shell extension 'powershell' for command environment: Not usable outside of PowerShell
[4.125s] DEBUG:colcon.colcon_core.shell:Skip shell extension 'dsv' for command environment
[4.697s] INFO:colcon.colcon_core.task.python.build:Building Python package in '/home/luscifer/ros2_ws/src/my_first_pkg'
[4.697s] INFO:colcon.colcon_core.shell:Skip shell extension 'powershell' for command environment: Not usable outside of PowerShell
[4.697s] DEBUG:colcon.colcon_core.shell:Skip shell extension 'dsv' for command environment
[8.837s] DEBUG:colcon.colcon_core.event_handler.log_command:Invoking command in '/home/luscifer/ros2_ws/src/my_first_pkg': DEBUGINFOD_URLS=https://debuginfod.ubuntu.com PYTHONPATH=/home/luscifer/ros2_ws/build/my_first_pkg/prefix_override:/usr/lib/python3/dist-packages/colcon_core/task/python/colcon_distutils_commands:/home/luscifer/ros2_ws/install/my_first_pkg/lib/python3.12/site-packages:/home/luscifer/ros2_ws/install/my_first_pkg_interfaces/lib/python3.12/site-packages:/home/luscifer/ros2_ws/install/my_first_pkg/lib/python3.12/site-packages:/opt/ros/jazzy/lib/python3.12/site-packages /usr/bin/python3 -W ignore:setup.py install is deprecated -W ignore:easy_install command is deprecated setup.py egg_info --egg-base ../../build/my_first_pkg build --build-base /home/luscifer/ros2_ws/build/my_first_pkg/build install --record /home/luscifer/ros2_ws/build/my_first_pkg/install.log --single-version-externally-managed install_data
[10.218s] Level 1:colcon.colcon_core.environment:checking '/home/luscifer/ros2_ws/install/my_first_pkg' for CMake module files
[10.220s] DEBUG:colcon.colcon_core.event_handler.log_command:Invoked command in '/home/luscifer/ros2_ws/src/my_first_pkg' returned '0': DEBUGINFOD_URLS=https://debuginfod.ubuntu.com PYTHONPATH=/home/luscifer/ros2_ws/build/my_first_pkg/prefix_override:/usr/lib/python3/dist-packages/colcon_core/task/python/colcon_distutils_commands:/home/luscifer/ros2_ws/install/my_first_pkg/lib/python3.12/site-packages:/home/luscifer/ros2_ws/install/my_first_pkg_interfaces/lib/python3.12/site-packages:/home/luscifer/ros2_ws/install/my_first_pkg/lib/python3.12/site-packages:/opt/ros/jazzy/lib/python3.12/site-packages /usr/bin/python3 -W ignore:setup.py install is deprecated -W ignore:easy_install command is deprecated setup.py egg_info --egg-base ../../build/my_first_pkg build --build-base /home/luscifer/ros2_ws/build/my_first_pkg/build install --record /home/luscifer/ros2_ws/build/my_first_pkg/install.log --single-version-externally-managed install_data
[10.220s] Level 1:colcon.colcon_core.environment:checking '/home/luscifer/ros2_ws/install/my_first_pkg' for CMake config files
[10.222s] Level 1:colcon.colcon_core.environment:checking '/home/luscifer/ros2_ws/install/my_first_pkg/lib'
[10.222s] Level 1:colcon.colcon_core.environment:checking '/home/luscifer/ros2_ws/install/my_first_pkg/bin'
[10.222s] Level 1:colcon.colcon_core.environment:checking '/home/luscifer/ros2_ws/install/my_first_pkg/lib/pkgconfig/my_first_pkg.pc'
[10.222s] Level 1:colcon.colcon_core.environment:checking '/home/luscifer/ros2_ws/install/my_first_pkg/lib/python3.12/site-packages'
[10.222s] Level 1:colcon.colcon_core.shell:create_environment_hook('my_first_pkg', 'pythonpath')
[10.223s] INFO:colcon.colcon_core.shell:Creating environment hook '/home/luscifer/ros2_ws/install/my_first_pkg/share/my_first_pkg/hook/pythonpath.ps1'
[10.227s] INFO:colcon.colcon_core.shell:Creating environment descriptor '/home/luscifer/ros2_ws/install/my_first_pkg/share/my_first_pkg/hook/pythonpath.dsv'
[10.228s] INFO:colcon.colcon_core.shell:Creating environment hook '/home/luscifer/ros2_ws/install/my_first_pkg/share/my_first_pkg/hook/pythonpath.sh'
[10.230s] Level 1:colcon.colcon_core.environment:checking '/home/luscifer/ros2_ws/install/my_first_pkg/bin'
[10.231s] Level 1:colcon.colcon_core.environment:create_environment_scripts_only(my_first_pkg)
[10.231s] INFO:colcon.colcon_core.shell:Creating package script '/home/luscifer/ros2_ws/install/my_first_pkg/share/my_first_pkg/package.ps1'
[10.232s] INFO:colcon.colcon_core.shell:Creating package descriptor '/home/luscifer/ros2_ws/install/my_first_pkg/share/my_first_pkg/package.dsv'
[10.234s] INFO:colcon.colcon_core.shell:Creating package script '/home/luscifer/ros2_ws/install/my_first_pkg/share/my_first_pkg/package.sh'
[10.235s] INFO:colcon.colcon_core.shell:Creating package script '/home/luscifer/ros2_ws/install/my_first_pkg/share/my_first_pkg/package.bash'
[10.236s] INFO:colcon.colcon_core.shell:Creating package script '/home/luscifer/ros2_ws/install/my_first_pkg/share/my_first_pkg/package.zsh'
[10.238s] Level 1:colcon.colcon_core.environment:create_file_with_runtime_dependencies(/home/luscifer/ros2_ws/install/my_first_pkg/share/colcon-core/packages/my_first_pkg)
[10.238s] DEBUG:colcon.colcon_parallel_executor.executor.parallel:closing loop
[10.240s] DEBUG:colcon.colcon_parallel_executor.executor.parallel:loop closed
[10.240s] DEBUG:colcon.colcon_parallel_executor.executor.parallel:run_until_complete finished with '0'
[10.240s] DEBUG:colcon.colcon_core.event_reactor:joining thread
[10.266s] INFO:colcon.colcon_core.plugin_system:Skipping extension 'colcon_notification.desktop_notification.terminal_notifier': Not used on non-Darwin systems
[10.266s] INFO:colcon.colcon_core.plugin_system:Skipping extension 'colcon_notification.desktop_notification.win32': Not used on non-Windows systems
[10.266s] INFO:colcon.colcon_notification.desktop_notification:Sending desktop notification using 'notify2'
[10.306s] DEBUG:colcon.colcon_core.event_reactor:joined thread
[10.306s] INFO:colcon.colcon_core.shell:Creating prefix script '/home/luscifer/ros2_ws/install/local_setup.ps1'
[10.310s] INFO:colcon.colcon_core.shell:Creating prefix util module '/home/luscifer/ros2_ws/install/_local_setup_util_ps1.py'
[10.317s] INFO:colcon.colcon_core.shell:Creating prefix chain script '/home/luscifer/ros2_ws/install/setup.ps1'
[10.321s] INFO:colcon.colcon_core.shell:Creating prefix script '/home/luscifer/ros2_ws/install/local_setup.sh'
[10.324s] INFO:colcon.colcon_core.shell:Creating prefix util module '/home/luscifer/ros2_ws/install/_local_setup_util_sh.py'
[10.326s] INFO:colcon.colcon_core.shell:Creating prefix chain script '/home/luscifer/ros2_ws/install/setup.sh'
[10.331s] INFO:colcon.colcon_core.shell:Creating prefix script '/home/luscifer/ros2_ws/install/local_setup.bash'
[10.335s] INFO:colcon.colcon_core.shell:Creating prefix chain script '/home/luscifer/ros2_ws/install/setup.bash'
[10.338s] INFO:colcon.colcon_core.shell:Creating prefix script '/home/luscifer/ros2_ws/install/local_setup.zsh'
[10.342s] INFO:colcon.colcon_core.shell:Creating prefix chain script '/home/luscifer/ros2_ws/install/setup.zsh'
