[3.441s] Invoking command in '/home/luscifer/ros2_ws/src/my_first_pkg': DEBUGINFOD_URLS=https://debuginfod.ubuntu.com PYTHONPATH=/home/luscifer/ros2_ws/build/my_first_pkg/prefix_override:/usr/lib/python3/dist-packages/colcon_core/task/python/colcon_distutils_commands:/home/luscifer/ros2_ws/install/my_first_pkg/lib/python3.12/site-packages:/home/luscifer/ros2_ws/install/my_first_pkg_interfaces/lib/python3.12/site-packages:/home/luscifer/ros2_ws/install/my_first_pkg/lib/python3.12/site-packages:/opt/ros/jazzy/lib/python3.12/site-packages /usr/bin/python3 -W ignore:setup.py install is deprecated -W ignore:easy_install command is deprecated setup.py egg_info --egg-base ../../build/my_first_pkg build --build-base /home/luscifer/ros2_ws/build/my_first_pkg/build install --record /home/luscifer/ros2_ws/build/my_first_pkg/install.log --single-version-externally-managed install_data
[4.067s] running egg_info
[4.119s] writing ../../build/my_first_pkg/my_first_pkg.egg-info/PKG-INFO
[4.123s] writing dependency_links to ../../build/my_first_pkg/my_first_pkg.egg-info/dependency_links.txt
[4.124s] writing entry points to ../../build/my_first_pkg/my_first_pkg.egg-info/entry_points.txt
[4.124s] writing requirements to ../../build/my_first_pkg/my_first_pkg.egg-info/requires.txt
[4.124s] writing top-level names to ../../build/my_first_pkg/my_first_pkg.egg-info/top_level.txt
[4.248s] reading manifest file '../../build/my_first_pkg/my_first_pkg.egg-info/SOURCES.txt'
[4.252s] writing manifest file '../../build/my_first_pkg/my_first_pkg.egg-info/SOURCES.txt'
[4.253s] running build
[4.253s] running build_py
[4.254s] copying my_first_pkg/sensor_node.py -> /home/luscifer/ros2_ws/build/my_first_pkg/build/lib/my_first_pkg
[4.255s] copying my_first_pkg/monitor_node.py -> /home/luscifer/ros2_ws/build/my_first_pkg/build/lib/my_first_pkg
[4.257s] running install
[4.270s] running install_lib
[4.325s] copying /home/luscifer/ros2_ws/build/my_first_pkg/build/lib/my_first_pkg/sensor_node.py -> /home/luscifer/ros2_ws/install/my_first_pkg/lib/python3.12/site-packages/my_first_pkg
[4.325s] copying /home/luscifer/ros2_ws/build/my_first_pkg/build/lib/my_first_pkg/monitor_node.py -> /home/luscifer/ros2_ws/install/my_first_pkg/lib/python3.12/site-packages/my_first_pkg
[4.326s] byte-compiling /home/luscifer/ros2_ws/install/my_first_pkg/lib/python3.12/site-packages/my_first_pkg/sensor_node.py to sensor_node.cpython-312.pyc
[4.327s] byte-compiling /home/luscifer/ros2_ws/install/my_first_pkg/lib/python3.12/site-packages/my_first_pkg/monitor_node.py to monitor_node.cpython-312.pyc
[4.328s] running install_data
[4.330s] running install_egg_info
[4.386s] removing '/home/luscifer/ros2_ws/install/my_first_pkg/lib/python3.12/site-packages/my_first_pkg-0.0.0-py3.12.egg-info' (and everything under it)
[4.389s] Copying ../../build/my_first_pkg/my_first_pkg.egg-info to /home/luscifer/ros2_ws/install/my_first_pkg/lib/python3.12/site-packages/my_first_pkg-0.0.0-py3.12.egg-info
[4.392s] running install_scripts
[4.716s] Installing monitor_node script to /home/luscifer/ros2_ws/install/my_first_pkg/lib/my_first_pkg
[4.716s] Installing my_node script to /home/luscifer/ros2_ws/install/my_first_pkg/lib/my_first_pkg
[4.717s] Installing my_params script to /home/luscifer/ros2_ws/install/my_first_pkg/lib/my_first_pkg
[4.718s] Installing my_service_client script to /home/luscifer/ros2_ws/install/my_first_pkg/lib/my_first_pkg
[4.719s] Installing my_service_server script to /home/luscifer/ros2_ws/install/my_first_pkg/lib/my_first_pkg
[4.719s] Installing my_sub script to /home/luscifer/ros2_ws/install/my_first_pkg/lib/my_first_pkg
[4.719s] Installing sensor_node script to /home/luscifer/ros2_ws/install/my_first_pkg/lib/my_first_pkg
[4.719s] writing list of installed files to '/home/luscifer/ros2_ws/build/my_first_pkg/install.log'
[4.786s] Invoked command in '/home/luscifer/ros2_ws/src/my_first_pkg' returned '0': DEBUGINFOD_URLS=https://debuginfod.ubuntu.com PYTHONPATH=/home/luscifer/ros2_ws/build/my_first_pkg/prefix_override:/usr/lib/python3/dist-packages/colcon_core/task/python/colcon_distutils_commands:/home/luscifer/ros2_ws/install/my_first_pkg/lib/python3.12/site-packages:/home/luscifer/ros2_ws/install/my_first_pkg_interfaces/lib/python3.12/site-packages:/home/luscifer/ros2_ws/install/my_first_pkg/lib/python3.12/site-packages:/opt/ros/jazzy/lib/python3.12/site-packages /usr/bin/python3 -W ignore:setup.py install is deprecated -W ignore:easy_install command is deprecated setup.py egg_info --egg-base ../../build/my_first_pkg build --build-base /home/luscifer/ros2_ws/build/my_first_pkg/build install --record /home/luscifer/ros2_ws/build/my_first_pkg/install.log --single-version-externally-managed install_data
